Log file open, 04/22/19 11:46:46
LogWindows: Failed to load 'aqProf.dll' (GetLastError=126)
LogWindows: File 'aqProf.dll' does not exist
LogWindows: Failed to load 'VtuneApi.dll' (GetLastError=126)
LogWindows: File 'VtuneApi.dll' does not exist
LogWindows: Failed to load 'VtuneApi32e.dll' (GetLastError=126)
LogWindows: File 'VtuneApi32e.dll' does not exist
LogConsoleResponse: Display: Failed to find resolution value strings in scalability ini. Falling back to default.
LogInit: Display: Running engine for game: CrossyRoad_Sami
LogPakFile: Registered encryption key '00000000000000000000000000000000': 0 pak files mounted, 0 remain pending
LogPlatformFile: Not using cached read wrapper
LogTaskGraph: Started task graph with 5 named threads and 35 total threads with 3 sets of task threads.
LogStats: Stats thread started at 0.608034
LogD3D11RHI: Loaded GFSDK_Aftermath_Lib.x64.dll
LogICUInternationalization: ICU TimeZone Detection - Raw Offset: -8:00, Platform Override: ''
LogPluginManager: Mounting plugin Paper2D
LogPluginManager: Mounting plugin AISupport
LogPluginManager: Mounting plugin LightPropagationVolume
LogPluginManager: Mounting plugin ActorLayerUtilities
LogPluginManager: Mounting plugin CLionSourceCodeAccess
LogPluginManager: Mounting plugin CodeLiteSourceCodeAccess
LogPluginManager: Mounting plugin GitSourceControl
LogPluginManager: Mounting plugin KDevelopSourceCodeAccess
LogPluginManager: Mounting plugin NullSourceCodeAccess
LogPluginManager: Mounting plugin PerforceSourceControl
LogPluginManager: Mounting plugin SubversionSourceControl
LogPluginManager: Mounting plugin UObjectPlugin
LogPluginManager: Mounting plugin VisualStudioCodeSourceCodeAccess
LogPluginManager: Mounting plugin VisualStudioSourceCodeAccess
LogPluginManager: Mounting plugin XCodeSourceCodeAccess
LogPluginManager: Mounting plugin AssetManagerEditor
LogPluginManager: Mounting plugin CryptoKeys
LogPluginManager: Mounting plugin DataValidation
LogPluginManager: Mounting plugin FacialAnimation
LogPluginManager: Mounting plugin GameplayTagsEditor
LogPluginManager: Mounting plugin MacGraphicsSwitching
LogPluginManager: Mounting plugin MeshEditor
LogPluginManager: Mounting plugin MobileLauncherProfileWizard
LogPluginManager: Mounting plugin PluginBrowser
LogPluginManager: Mounting plugin SpeedTreeImporter
LogPluginManager: Mounting plugin DatasmithContent
LogPluginManager: Mounting plugin VariantManagerContent
LogPluginManager: Mounting plugin AlembicImporter
LogPluginManager: Mounting plugin AppleImageUtils
LogPluginManager: Mounting plugin AppleVision
LogPluginManager: Mounting plugin BackChannel
LogPluginManager: Mounting plugin CharacterAI
LogPluginManager: Mounting plugin GeometryCache
LogPluginManager: Mounting plugin HTML5Networking
LogPluginManager: Mounting plugin ProxyLODPlugin
LogPluginManager: Mounting plugin MagicLeap
LogPluginManager: Mounting plugin MagicLeapMedia
LogPluginManager: Mounting plugin AndroidMedia
LogPluginManager: Mounting plugin AvfMedia
LogPluginManager: Mounting plugin ImgMedia
LogPluginManager: Mounting plugin LinearTimecode
LogPluginManager: Mounting plugin MediaCompositing
LogPluginManager: Mounting plugin MediaPlayerEditor
LogPluginManager: Mounting plugin WebMMedia
LogPluginManager: Mounting plugin WmfMedia
LogPluginManager: Mounting plugin TcpMessaging
LogPluginManager: Mounting plugin UdpMessaging
LogPluginManager: Mounting plugin ActorSequence
LogPluginManager: Mounting plugin LevelSequenceEditor
LogPluginManager: Mounting plugin MatineeToLevelSequence
LogPluginManager: Mounting plugin NetcodeUnitTest
LogPluginManager: Mounting plugin NUTUnrealEngine4
LogPluginManager: Mounting plugin OnlineSubsystemGooglePlay
LogPluginManager: Mounting plugin OnlineSubsystemIOS
LogPluginManager: Mounting plugin OnlineSubsystem
LogPluginManager: Mounting plugin OnlineSubsystemNull
LogPluginManager: Mounting plugin OnlineSubsystemUtils
LogPluginManager: Mounting plugin LauncherChunkInstaller
LogPluginManager: Mounting plugin AndroidDeviceProfileSelector
LogPluginManager: Mounting plugin AndroidMoviePlayer
LogPluginManager: Mounting plugin AndroidPermission
LogPluginManager: Mounting plugin AppleMoviePlayer
LogPluginManager: Mounting plugin ArchVisCharacter
LogPluginManager: Mounting plugin AudioCapture
LogPluginManager: Mounting plugin CableComponent
LogPluginManager: Mounting plugin CustomMeshComponent
LogPluginManager: Mounting plugin EditableMesh
LogPluginManager: Mounting plugin ExampleDeviceProfileSelector
LogPluginManager: Mounting plugin Firebase
LogPluginManager: Mounting plugin GoogleCloudMessaging
LogPluginManager: Mounting plugin IOSDeviceProfileSelector
LogPluginManager: Mounting plugin LinuxDeviceProfileSelector
LogPluginManager: Mounting plugin LocationServicesBPLibrary
LogPluginManager: Mounting plugin MobilePatchingUtils
LogPluginManager: Mounting plugin OculusVR
LogPluginManager: Mounting plugin PhysXVehicles
LogPluginManager: Mounting plugin ProceduralMeshComponent
LogPluginManager: Mounting plugin RuntimePhysXCooking
LogPluginManager: Mounting plugin SteamVR
LogPluginManager: Mounting plugin WebMMoviePlayer
LogPluginManager: Mounting plugin WindowsMoviePlayer
LogStreaming: Display: Took  0.194s to configure plugins.
LogInit: Using libcurl 7.55.1-DEV
LogInit:  - built for x86_64-pc-win32
LogInit:  - supports SSL with OpenSSL/1.0.2h
LogInit:  - supports HTTP deflate (compression) using libz 1.2.8
LogInit:  - other features:
LogInit:      CURL_VERSION_SSL
LogInit:      CURL_VERSION_LIBZ
LogInit:      CURL_VERSION_IPV6
LogInit:      CURL_VERSION_ASYNCHDNS
LogInit:      CURL_VERSION_LARGEFILE
LogInit:      CURL_VERSION_IDN
LogInit:  CurlRequestOptions (configurable via config and command line):
LogInit:  - bVerifyPeer = true  - Libcurl will verify peer certificate
LogInit:  - bUseHttpProxy = false  - Libcurl will NOT use HTTP proxy
LogInit:  - bDontReuseConnections = false  - Libcurl will reuse connections
LogInit:  - MaxHostConnections = 16  - Libcurl will limit the number of connections to a host
LogInit:  - LocalHostAddr = Default
LogInit:  - BufferSize = 65536
LogInit: WinSock: version 1.1 (2.2), MaxSocks=32767, MaxUdp=65467
LogInit: Build: ++UE4+Release-4.21-CL-4753647
LogInit: Engine Version: 4.21.2-4753647+++UE4+Release-4.21
LogInit: Compatible Engine Version: 4.21.0-4541578+++UE4+Release-4.21
LogInit: Net CL: 4541578
LogInit: OS: Windows 10 (), CPU: Intel(R) Core(TM) i7-8750H CPU @ 2.20GHz, GPU: Intel(R) UHD Graphics 630
LogInit: Compiled (64-bit): Jan 19 2019 02:07:31
LogInit: Compiled with Visual C++: 19.13.26129.00
LogInit: Build Configuration: Development
LogInit: Branch Name: ++UE4+Release-4.21
LogInit: Command Line: 
LogInit: Base Directory: C:/Program Files (x86)/Epic Games/UE_4.21/Engine/Binaries/Win64/
LogInit: Installed Engine Build: 1
LogDevObjectVersion: Number of dev versions registered: 22
LogDevObjectVersion:   Dev-Blueprints (B0D832E4-1F89-4F0D-ACCF-7EB736FD4AA2): 10
LogDevObjectVersion:   Dev-Build (E1C64328-A22C-4D53-A36C-8E866417BD8C): 0
LogDevObjectVersion:   Dev-Core (375EC13C-06E4-48FB-B500-84F0262A717E): 2
LogDevObjectVersion:   Dev-Editor (E4B068ED-F494-42E9-A231-DA0B2E46BB41): 26
LogDevObjectVersion:   Dev-Framework (CFFC743F-43B0-4480-9391-14DF171D2073): 34
LogDevObjectVersion:   Dev-Mobile (B02B49B5-BB20-44E9-A304-32B752E40360): 2
LogDevObjectVersion:   Dev-Networking (A4E4105C-59A1-49B5-A7C5-40C4547EDFEE): 0
LogDevObjectVersion:   Dev-Online (39C831C9-5AE6-47DC-9A44-9C173E1C8E7C): 0
LogDevObjectVersion:   Dev-Physics (78F01B33-EBEA-4F98-B9B4-84EACCB95AA2): 0
LogDevObjectVersion:   Dev-Platform (6631380F-2D4D-43E0-8009-CF276956A95A): 0
LogDevObjectVersion:   Dev-Rendering (12F88B9F-8875-4AFC-A67C-D90C383ABD29): 27
LogDevObjectVersion:   Dev-Sequencer (7B5AE74C-D270-4C10-A958-57980B212A5A): 9
LogDevObjectVersion:   Dev-VR (D7296918-1DD6-4BDD-9DE2-64A83CC13884): 2
LogDevObjectVersion:   Dev-LoadTimes (C2A15278-BFE7-4AFE-6C17-90FF531DF755): 1
LogDevObjectVersion:   Private-Geometry (6EACA3D4-40EC-4CC1-B786-8BED09428FC5): 3
LogDevObjectVersion:   Dev-AnimPhys (29E575DD-E0A3-4627-9D10-D276232CDCEA): 17
LogDevObjectVersion:   Dev-Anim (AF43A65D-7FD3-4947-9873-3E8ED9C1BB05): 2
LogDevObjectVersion:   Dev-ReflectionCapture (6B266CEC-1EC7-4B8F-A30B-E4D90942FC07): 1
LogDevObjectVersion:   Dev-Automation (0DF73D61-A23F-47EA-B727-89E90C41499A): 1
LogDevObjectVersion:   FortniteMain (601D1886-AC64-4F84-AA16-D3DE0DEAC7D6): 17
LogDevObjectVersion:   Dev-Enterprise (9DFFBCD6-494F-0158-E221-12823C92A888): 4
LogDevObjectVersion:   Dev-Niagara (F2AED0AC-9AFE-416F-8664-AA7FFA26D6FC): 1
LogStreaming: Display: Took  0.001s to delete old logs.
LogInit: Presizing for max 8388607 objects, including 0 objects not considered by GC, pre-allocating 0 bytes for permanent pool.
LogInit: Object subsystem initialized
LogConfig: Setting CVar [[con.DebugEarlyDefault:1]]
LogConfig: Setting CVar [[r.setres:1280x720]]
[2019.04.22-18.46.46:879][  0]LogConfig: Setting CVar [[r.VSync:0]]
[2019.04.22-18.46.46:879][  0]LogConfig: Setting CVar [[r.RHICmdBypass:0]]
[2019.04.22-18.46.46:879][  0]LogConfig: Applying CVar settings from Section [/Script/Engine.RendererSettings] File [E:/UnrealGitHub/UnrealProjects/Cross Roads/CrossyRoad_Sami/Saved/Config/Windows/Engine.ini]
[2019.04.22-18.46.46:879][  0]LogConfig: Setting CVar [[r.GPUCrashDebugging:0]]
[2019.04.22-18.46.46:879][  0]LogConfig: Applying CVar settings from Section [/Script/Engine.RendererOverrideSettings] File [E:/UnrealGitHub/UnrealProjects/Cross Roads/CrossyRoad_Sami/Saved/Config/Windows/Engine.ini]
[2019.04.22-18.46.46:879][  0]LogConfig: Applying CVar settings from Section [/Script/Engine.StreamingSettings] File [E:/UnrealGitHub/UnrealProjects/Cross Roads/CrossyRoad_Sami/Saved/Config/Windows/Engine.ini]
[2019.04.22-18.46.46:879][  0]LogConfig: Setting CVar [[s.MinBulkDataSizeForAsyncLoading:131072]]
[2019.04.22-18.46.46:880][  0]LogConfig: Setting CVar [[s.AsyncLoadingThreadEnabled:0]]
[2019.04.22-18.46.46:880][  0]LogConfig: Setting CVar [[s.EventDrivenLoaderEnabled:1]]
[2019.04.22-18.46.46:880][  0]LogConfig: Setting CVar [[s.WarnIfTimeLimitExceeded:0]]
[2019.04.22-18.46.46:880][  0]LogConfig: Setting CVar [[s.TimeLimitExceededMultiplier:1.5]]
[2019.04.22-18.46.46:880][  0]LogConfig: Setting CVar [[s.TimeLimitExceededMinTime:0.005]]
[2019.04.22-18.46.46:880][  0]LogConfig: Setting CVar [[s.UseBackgroundLevelStreaming:1]]
[2019.04.22-18.46.46:880][  0]LogConfig: Setting CVar [[s.PriorityAsyncLoadingExtraTime:15.0]]
[2019.04.22-18.46.46:880][  0]LogConfig: Setting CVar [[s.LevelStreamingActorsUpdateTimeLimit:5.0]]
[2019.04.22-18.46.46:880][  0]LogConfig: Setting CVar [[s.PriorityLevelStreamingActorsUpdateExtraTime:5.0]]
[2019.04.22-18.46.46:880][  0]LogConfig: Setting CVar [[s.LevelStreamingComponentsRegistrationGranularity:10]]
[2019.04.22-18.46.46:880][  0]LogConfig: Setting CVar [[s.UnregisterComponentsTimeLimit:1.0]]
[2019.04.22-18.46.46:880][  0]LogConfig: Setting CVar [[s.LevelStreamingComponentsUnregistrationGranularity:5]]
[2019.04.22-18.46.46:880][  0]LogConfig: Applying CVar settings from Section [/Script/Engine.GarbageCollectionSettings] File [E:/UnrealGitHub/UnrealProjects/Cross Roads/CrossyRoad_Sami/Saved/Config/Windows/Engine.ini]
[2019.04.22-18.46.46:880][  0]LogConfig: Setting CVar [[gc.MaxObjectsNotConsideredByGC:1]]
[2019.04.22-18.46.46:880][  0]LogConfig: Setting CVar [[gc.SizeOfPermanentObjectPool:0]]
[2019.04.22-18.46.46:880][  0]LogConfig: Setting CVar [[gc.FlushStreamingOnGC:0]]
[2019.04.22-18.46.46:880][  0]LogConfig: Setting CVar [[gc.NumRetriesBeforeForcingGC:10]]
[2019.04.22-18.46.46:880][  0]LogConfig: Setting CVar [[gc.AllowParallelGC:1]]
[2019.04.22-18.46.46:880][  0]LogConfig: Setting CVar [[gc.TimeBetweenPurgingPendingKillObjects:61.1]]
[2019.04.22-18.46.46:880][  0]LogConfig: Setting CVar [[gc.MaxObjectsInEditor:8388607]]
[2019.04.22-18.46.46:881][  0]LogConfig: Setting CVar [[gc.IncrementalBeginDestroyEnabled:1]]
[2019.04.22-18.46.46:881][  0]LogConfig: Setting CVar [[gc.CreateGCClusters:1]]
[2019.04.22-18.46.46:881][  0]LogConfig: Setting CVar [[gc.MergeGCClusters:0]]
[2019.04.22-18.46.46:881][  0]LogConfig: Setting CVar [[gc.MinGCClusterSize:5]]
[2019.04.22-18.46.46:881][  0]LogConfig: Setting CVar [[gc.ActorClusteringEnabled:0]]
[2019.04.22-18.46.46:881][  0]LogConfig: Setting CVar [[gc.BlueprintClusteringEnabled:0]]
[2019.04.22-18.46.46:881][  0]LogConfig: Setting CVar [[gc.UseDisregardForGCOnDedicatedServers:0]]
[2019.04.22-18.46.46:881][  0]LogConfig: Applying CVar settings from Section [/Script/Engine.NetworkSettings] File [E:/UnrealGitHub/UnrealProjects/Cross Roads/CrossyRoad_Sami/Saved/Config/Windows/Engine.ini]
[2019.04.22-18.46.46:881][  0]LogConfig: Applying CVar settings from Section [/Script/UnrealEd.CookerSettings] File [E:/UnrealGitHub/UnrealProjects/Cross Roads/CrossyRoad_Sami/Saved/Config/Windows/Engine.ini]
[2019.04.22-18.46.46:888][  0]LogConfig: Applying CVar settings from Section [ViewDistanceQuality@3] File [E:/UnrealGitHub/UnrealProjects/Cross Roads/CrossyRoad_Sami/Saved/Config/Windows/Scalability.ini]
[2019.04.22-18.46.46:888][  0]LogConfig: Setting CVar [[r.SkeletalMeshLODBias:0]]
[2019.04.22-18.46.46:889][  0]LogConfig: Setting CVar [[r.ViewDistanceScale:1.0]]
[2019.04.22-18.46.46:889][  0]LogConfig: Applying CVar settings from Section [AntiAliasingQuality@3] File [E:/UnrealGitHub/UnrealProjects/Cross Roads/CrossyRoad_Sami/Saved/Config/Windows/Scalability.ini]
[2019.04.22-18.46.46:889][  0]LogConfig: Setting CVar [[r.PostProcessAAQuality:4]]
[2019.04.22-18.46.46:889][  0]LogConfig: Applying CVar settings from Section [ShadowQuality@3] File [E:/UnrealGitHub/UnrealProjects/Cross Roads/CrossyRoad_Sami/Saved/Config/Windows/Scalability.ini]
[2019.04.22-18.46.46:889][  0]LogConfig: Setting CVar [[r.LightFunctionQuality:1]]
[2019.04.22-18.46.46:889][  0]LogConfig: Setting CVar [[r.ShadowQuality:5]]
[2019.04.22-18.46.46:889][  0]LogConfig: Setting CVar [[r.Shadow.CSM.MaxCascades:10]]
[2019.04.22-18.46.46:889][  0]LogConfig: Setting CVar [[r.Shadow.MaxResolution:2048]]
[2019.04.22-18.46.46:889][  0]LogConfig: Setting CVar [[r.Shadow.MaxCSMResolution:2048]]
[2019.04.22-18.46.46:889][  0]LogConfig: Setting CVar [[r.Shadow.RadiusThreshold:0.01]]
[2019.04.22-18.46.46:889][  0]LogConfig: Setting CVar [[r.Shadow.DistanceScale:1.0]]
[2019.04.22-18.46.46:889][  0]LogConfig: Setting CVar [[r.Shadow.CSM.TransitionScale:1.0]]
[2019.04.22-18.46.46:889][  0]LogConfig: Setting CVar [[r.Shadow.PreShadowResolutionFactor:1.0]]
[2019.04.22-18.46.46:889][  0]LogConfig: Setting CVar [[r.DistanceFieldShadowing:1]]
[2019.04.22-18.46.46:889][  0]LogConfig: Setting CVar [[r.DistanceFieldAO:1]]
[2019.04.22-18.46.46:889][  0]LogConfig: Setting CVar [[r.AOQuality:2]]
[2019.04.22-18.46.46:889][  0]LogConfig: Setting CVar [[r.VolumetricFog:1]]
[2019.04.22-18.46.46:889][  0]LogConfig: Setting CVar [[r.VolumetricFog.GridPixelSize:8]]
[2019.04.22-18.46.46:889][  0]LogConfig: Setting CVar [[r.VolumetricFog.GridSizeZ:128]]
[2019.04.22-18.46.46:889][  0]LogConfig: Setting CVar [[r.VolumetricFog.HistoryMissSupersampleCount:4]]
[2019.04.22-18.46.46:889][  0]LogConfig: Setting CVar [[r.LightMaxDrawDistanceScale:1]]
[2019.04.22-18.46.46:890][  0]LogConfig: Setting CVar [[r.CapsuleShadows:1]]
[2019.04.22-18.46.46:890][  0]LogConfig: Applying CVar settings from Section [PostProcessQuality@3] File [E:/UnrealGitHub/UnrealProjects/Cross Roads/CrossyRoad_Sami/Saved/Config/Windows/Scalability.ini]
[2019.04.22-18.46.46:890][  0]LogConfig: Setting CVar [[r.MotionBlurQuality:4]]
[2019.04.22-18.46.46:890][  0]LogConfig: Setting CVar [[r.AmbientOcclusionMipLevelFactor:0.4]]
[2019.04.22-18.46.46:890][  0]LogConfig: Setting CVar [[r.AmbientOcclusionMaxQuality:100]]
[2019.04.22-18.46.46:890][  0]LogConfig: Setting CVar [[r.AmbientOcclusionLevels:-1]]
[2019.04.22-18.46.46:890][  0]LogConfig: Setting CVar [[r.AmbientOcclusionRadiusScale:1.0]]
[2019.04.22-18.46.46:890][  0]LogConfig: Setting CVar [[r.DepthOfFieldQuality:2]]
[2019.04.22-18.46.46:890][  0]LogConfig: Setting CVar [[r.RenderTargetPoolMin:400]]
[2019.04.22-18.46.46:890][  0]LogConfig: Setting CVar [[r.LensFlareQuality:2]]
[2019.04.22-18.46.46:890][  0]LogConfig: Setting CVar [[r.SceneColorFringeQuality:1]]
[2019.04.22-18.46.46:890][  0]LogConfig: Setting CVar [[r.EyeAdaptationQuality:2]]
[2019.04.22-18.46.46:890][  0]LogConfig: Setting CVar [[r.BloomQuality:5]]
[2019.04.22-18.46.46:890][  0]LogConfig: Setting CVar [[r.FastBlurThreshold:100]]
[2019.04.22-18.46.46:890][  0]LogConfig: Setting CVar [[r.Upscale.Quality:3]]
[2019.04.22-18.46.46:890][  0]LogConfig: Setting CVar [[r.Tonemapper.GrainQuantization:1]]
[2019.04.22-18.46.46:890][  0]LogConfig: Setting CVar [[r.LightShaftQuality:1]]
[2019.04.22-18.46.46:890][  0]LogConfig: Setting CVar [[r.Filter.SizeScale:1]]
[2019.04.22-18.46.46:890][  0]LogConfig: Setting CVar [[r.Tonemapper.Quality:5]]
[2019.04.22-18.46.46:890][  0]LogConfig: Setting CVar [[r.DOF.Gather.AccumulatorQuality:1        ; higher gathering accumulator quality]]
[2019.04.22-18.46.46:890][  0]LogConfig: Setting CVar [[r.DOF.Gather.PostfilterMethod:1          ; Median3x3 postfilering method]]
[2019.04.22-18.46.46:890][  0]LogConfig: Setting CVar [[r.DOF.Gather.EnableBokehSettings:0       ; no bokeh simulation when gathering]]
[2019.04.22-18.46.46:891][  0]LogConfig: Setting CVar [[r.DOF.Gather.RingCount:4                 ; medium number of samples when gathering]]
[2019.04.22-18.46.46:891][  0]LogConfig: Setting CVar [[r.DOF.Scatter.ForegroundCompositing:1    ; additive foreground scattering]]
[2019.04.22-18.46.46:891][  0]LogConfig: Setting CVar [[r.DOF.Scatter.BackgroundCompositing:2    ; additive background scattering]]
[2019.04.22-18.46.46:891][  0]LogConfig: Setting CVar [[r.DOF.Scatter.EnableBokehSettings:1      ; bokeh simulation when scattering]]
[2019.04.22-18.46.46:891][  0]LogConfig: Setting CVar [[r.DOF.Scatter.MaxSpriteRatio:0.1         ; only a maximum of 10% of scattered bokeh]]
[2019.04.22-18.46.46:891][  0]LogConfig: Setting CVar [[r.DOF.Recombine.Quality:1                ; cheap slight out of focus]]
[2019.04.22-18.46.46:891][  0]LogConfig: Setting CVar [[r.DOF.Recombine.EnableBokehSettings:0    ; no bokeh simulation on slight out of focus]]
[2019.04.22-18.46.46:891][  0]LogConfig: Setting CVar [[r.DOF.TemporalAAQuality:1                ; more stable temporal accumulation]]
[2019.04.22-18.46.46:891][  0]LogConfig: Setting CVar [[r.DOF.Kernel.MaxForegroundRadius:0.025]]
[2019.04.22-18.46.46:891][  0]LogConfig: Setting CVar [[r.DOF.Kernel.MaxBackgroundRadius:0.025]]
[2019.04.22-18.46.46:891][  0]LogConfig: Applying CVar settings from Section [TextureQuality@3] File [E:/UnrealGitHub/UnrealProjects/Cross Roads/CrossyRoad_Sami/Saved/Config/Windows/Scalability.ini]
[2019.04.22-18.46.46:891][  0]LogConfig: Setting CVar [[r.Streaming.MipBias:0]]
[2019.04.22-18.46.46:891][  0]LogConfig: Setting CVar [[r.Streaming.AmortizeCPUToGPUCopy:0]]
[2019.04.22-18.46.46:891][  0]LogConfig: Setting CVar [[r.Streaming.MaxNumTexturesToStreamPerFrame:0]]
[2019.04.22-18.46.46:891][  0]LogConfig: Setting CVar [[r.Streaming.Boost:1]]
[2019.04.22-18.46.46:891][  0]LogConfig: Setting CVar [[r.MaxAnisotropy:8]]
[2019.04.22-18.46.46:891][  0]LogConfig: Setting CVar [[r.Streaming.LimitPoolSizeToVRAM:0]]
[2019.04.22-18.46.46:891][  0]LogConfig: Setting CVar [[r.Streaming.PoolSize:1000]]
[2019.04.22-18.46.46:891][  0]LogConfig: Setting CVar [[r.Streaming.MaxEffectiveScreenSize:0]]
[2019.04.22-18.46.46:891][  0]LogConfig: Applying CVar settings from Section [EffectsQuality@3] File [E:/UnrealGitHub/UnrealProjects/Cross Roads/CrossyRoad_Sami/Saved/Config/Windows/Scalability.ini]
[2019.04.22-18.46.46:891][  0]LogConfig: Setting CVar [[r.TranslucencyLightingVolumeDim:64]]
[2019.04.22-18.46.46:892][  0]LogConfig: Setting CVar [[r.RefractionQuality:2]]
[2019.04.22-18.46.46:892][  0]LogConfig: Setting CVar [[r.SSR.Quality:3]]
[2019.04.22-18.46.46:892][  0]LogConfig: Setting CVar [[r.SceneColorFormat:4]]
[2019.04.22-18.46.46:892][  0]LogConfig: Setting CVar [[r.DetailMode:2]]
[2019.04.22-18.46.46:892][  0]LogConfig: Setting CVar [[r.TranslucencyVolumeBlur:1]]
[2019.04.22-18.46.46:892][  0]LogConfig: Setting CVar [[r.MaterialQualityLevel:1 ; High quality]]
[2019.04.22-18.46.46:892][  0]LogConfig: Setting CVar [[r.SSS.Scale:1]]
[2019.04.22-18.46.46:892][  0]LogConfig: Setting CVar [[r.SSS.SampleSet:2]]
[2019.04.22-18.46.46:892][  0]LogConfig: Setting CVar [[r.SSS.Quality:1]]
[2019.04.22-18.46.46:892][  0]LogConfig: Setting CVar [[r.SSS.HalfRes:1]]
[2019.04.22-18.46.46:892][  0]LogConfig: Setting CVar [[r.EmitterSpawnRateScale:1.0]]
[2019.04.22-18.46.46:892][  0]LogConfig: Setting CVar [[r.ParticleLightQuality:2]]
[2019.04.22-18.46.46:892][  0]LogConfig: Applying CVar settings from Section [FoliageQuality@3] File [E:/UnrealGitHub/UnrealProjects/Cross Roads/CrossyRoad_Sami/Saved/Config/Windows/Scalability.ini]
[2019.04.22-18.46.46:892][  0]LogConfig: Setting CVar [[foliage.DensityScale:1.0]]
[2019.04.22-18.46.46:892][  0]LogConfig: Setting CVar [[grass.DensityScale:1.0]]
[2019.04.22-18.46.46:892][  0]LogInit: Selected Device Profile: [Windows]
[2019.04.22-18.46.46:892][  0]LogInit: Applying CVar settings loaded from the selected device profile: [Windows]
[2019.04.22-18.46.46:929][  0]LogHAL: Display: Platform has ~ 16 GB [17018535936 / 17179869184 / 16], which maps to Larger [LargestMinGB=32, LargerMinGB=12, DefaultMinGB=8, SmallerMinGB=6, SmallestMinGB=0)
[2019.04.22-18.46.46:929][  0]LogConfig: Setting CVar [[r.Vulkan.UseRealUBs:1]]
[2019.04.22-18.46.46:929][  0]LogInit: Going up to parent DeviceProfile []
[2019.04.22-18.46.46:929][  0]LogConfig: Applying CVar settings from Section [ViewDistanceQuality@3] File [E:/UnrealGitHub/UnrealProjects/Cross Roads/CrossyRoad_Sami/Saved/Config/Windows/Scalability.ini]
[2019.04.22-18.46.46:929][  0]LogConfig: Setting CVar [[r.SkeletalMeshLODBias:0]]
[2019.04.22-18.46.46:929][  0]LogConfig: Setting CVar [[r.ViewDistanceScale:1.0]]
[2019.04.22-18.46.46:929][  0]LogConfig: Applying CVar settings from Section [AntiAliasingQuality@3] File [E:/UnrealGitHub/UnrealProjects/Cross Roads/CrossyRoad_Sami/Saved/Config/Windows/Scalability.ini]
[2019.04.22-18.46.46:929][  0]LogConfig: Setting CVar [[r.PostProcessAAQuality:4]]
[2019.04.22-18.46.46:929][  0]LogConfig: Applying CVar settings from Section [ShadowQuality@3] File [E:/UnrealGitHub/UnrealProjects/Cross Roads/CrossyRoad_Sami/Saved/Config/Windows/Scalability.ini]
[2019.04.22-18.46.46:929][  0]LogConfig: Setting CVar [[r.LightFunctionQuality:1]]
[2019.04.22-18.46.46:929][  0]LogConfig: Setting CVar [[r.ShadowQuality:5]]
[2019.04.22-18.46.46:930][  0]LogConfig: Setting CVar [[r.Shadow.CSM.MaxCascades:10]]
[2019.04.22-18.46.46:930][  0]LogConfig: Setting CVar [[r.Shadow.MaxResolution:2048]]
[2019.04.22-18.46.46:930][  0]LogConfig: Setting CVar [[r.Shadow.MaxCSMResolution:2048]]
[2019.04.22-18.46.46:930][  0]LogConfig: Setting CVar [[r.Shadow.RadiusThreshold:0.01]]
[2019.04.22-18.46.46:930][  0]LogConfig: Setting CVar [[r.Shadow.DistanceScale:1.0]]
[2019.04.22-18.46.46:930][  0]LogConfig: Setting CVar [[r.Shadow.CSM.TransitionScale:1.0]]
[2019.04.22-18.46.46:930][  0]LogConfig: Setting CVar [[r.Shadow.PreShadowResolutionFactor:1.0]]
[2019.04.22-18.46.46:930][  0]LogConfig: Setting CVar [[r.DistanceFieldShadowing:1]]
[2019.04.22-18.46.46:930][  0]LogConfig: Setting CVar [[r.DistanceFieldAO:1]]
[2019.04.22-18.46.46:930][  0]LogConfig: Setting CVar [[r.AOQuality:2]]
[2019.04.22-18.46.46:930][  0]LogConfig: Setting CVar [[r.VolumetricFog:1]]
[2019.04.22-18.46.46:930][  0]LogConfig: Setting CVar [[r.VolumetricFog.GridPixelSize:8]]
[2019.04.22-18.46.46:930][  0]LogConfig: Setting CVar [[r.VolumetricFog.GridSizeZ:128]]
[2019.04.22-18.46.46:930][  0]LogConfig: Setting CVar [[r.VolumetricFog.HistoryMissSupersampleCount:4]]
[2019.04.22-18.46.46:930][  0]LogConfig: Setting CVar [[r.LightMaxDrawDistanceScale:1]]
[2019.04.22-18.46.46:930][  0]LogConfig: Setting CVar [[r.CapsuleShadows:1]]
[2019.04.22-18.46.46:930][  0]LogConfig: Applying CVar settings from Section [PostProcessQuality@3] File [E:/UnrealGitHub/UnrealProjects/Cross Roads/CrossyRoad_Sami/Saved/Config/Windows/Scalability.ini]
[2019.04.22-18.46.46:930][  0]LogConfig: Setting CVar [[r.MotionBlurQuality:4]]
[2019.04.22-18.46.46:931][  0]LogConfig: Setting CVar [[r.AmbientOcclusionMipLevelFactor:0.4]]
[2019.04.22-18.46.46:931][  0]LogConfig: Setting CVar [[r.AmbientOcclusionMaxQuality:100]]
[2019.04.22-18.46.46:931][  0]LogConfig: Setting CVar [[r.AmbientOcclusionLevels:-1]]
[2019.04.22-18.46.46:931][  0]LogConfig: Setting CVar [[r.AmbientOcclusionRadiusScale:1.0]]
[2019.04.22-18.46.46:931][  0]LogConfig: Setting CVar [[r.DepthOfFieldQuality:2]]
[2019.04.22-18.46.46:931][  0]LogConfig: Setting CVar [[r.RenderTargetPoolMin:400]]
[2019.04.22-18.46.46:931][  0]LogConfig: Setting CVar [[r.LensFlareQuality:2]]
[2019.04.22-18.46.46:931][  0]LogConfig: Setting CVar [[r.SceneColorFringeQuality:1]]
[2019.04.22-18.46.46:931][  0]LogConfig: Setting CVar [[r.EyeAdaptationQuality:2]]
[2019.04.22-18.46.46:931][  0]LogConfig: Setting CVar [[r.BloomQuality:5]]
[2019.04.22-18.46.46:931][  0]LogConfig: Setting CVar [[r.FastBlurThreshold:100]]
[2019.04.22-18.46.46:931][  0]LogConfig: Setting CVar [[r.Upscale.Quality:3]]
[2019.04.22-18.46.46:931][  0]LogConfig: Setting CVar [[r.Tonemapper.GrainQuantization:1]]
[2019.04.22-18.46.46:931][  0]LogConfig: Setting CVar [[r.LightShaftQuality:1]]
[2019.04.22-18.46.46:931][  0]LogConfig: Setting CVar [[r.Filter.SizeScale:1]]
[2019.04.22-18.46.46:931][  0]LogConfig: Setting CVar [[r.Tonemapper.Quality:5]]
[2019.04.22-18.46.46:931][  0]LogConfig: Setting CVar [[r.DOF.Gather.AccumulatorQuality:1        ; higher gathering accumulator quality]]
[2019.04.22-18.46.46:931][  0]LogConfig: Setting CVar [[r.DOF.Gather.PostfilterMethod:1          ; Median3x3 postfilering method]]
[2019.04.22-18.46.46:931][  0]LogConfig: Setting CVar [[r.DOF.Gather.EnableBokehSettings:0       ; no bokeh simulation when gathering]]
[2019.04.22-18.46.46:931][  0]LogConfig: Setting CVar [[r.DOF.Gather.RingCount:4                 ; medium number of samples when gathering]]
[2019.04.22-18.46.46:931][  0]LogConfig: Setting CVar [[r.DOF.Scatter.ForegroundCompositing:1    ; additive foreground scattering]]
[2019.04.22-18.46.46:932][  0]LogConfig: Setting CVar [[r.DOF.Scatter.BackgroundCompositing:2    ; additive background scattering]]
[2019.04.22-18.46.46:932][  0]LogConfig: Setting CVar [[r.DOF.Scatter.EnableBokehSettings:1      ; bokeh simulation when scattering]]
[2019.04.22-18.46.46:932][  0]LogConfig: Setting CVar [[r.DOF.Scatter.MaxSpriteRatio:0.1         ; only a maximum of 10% of scattered bokeh]]
[2019.04.22-18.46.46:932][  0]LogConfig: Setting CVar [[r.DOF.Recombine.Quality:1                ; cheap slight out of focus]]
[2019.04.22-18.46.46:932][  0]LogConfig: Setting CVar [[r.DOF.Recombine.EnableBokehSettings:0    ; no bokeh simulation on slight out of focus]]
[2019.04.22-18.46.46:932][  0]LogConfig: Setting CVar [[r.DOF.TemporalAAQuality:1                ; more stable temporal accumulation]]
[2019.04.22-18.46.46:932][  0]LogConfig: Setting CVar [[r.DOF.Kernel.MaxForegroundRadius:0.025]]
[2019.04.22-18.46.46:932][  0]LogConfig: Setting CVar [[r.DOF.Kernel.MaxBackgroundRadius:0.025]]
[2019.04.22-18.46.46:932][  0]LogConfig: Applying CVar settings from Section [TextureQuality@3] File [E:/UnrealGitHub/UnrealProjects/Cross Roads/CrossyRoad_Sami/Saved/Config/Windows/Scalability.ini]
[2019.04.22-18.46.46:932][  0]LogConfig: Setting CVar [[r.Streaming.MipBias:0]]
[2019.04.22-18.46.46:932][  0]LogConfig: Setting CVar [[r.Streaming.AmortizeCPUToGPUCopy:0]]
[2019.04.22-18.46.46:932][  0]LogConfig: Setting CVar [[r.Streaming.MaxNumTexturesToStreamPerFrame:0]]
[2019.04.22-18.46.46:932][  0]LogConfig: Setting CVar [[r.Streaming.Boost:1]]
[2019.04.22-18.46.46:932][  0]LogConfig: Setting CVar [[r.MaxAnisotropy:8]]
[2019.04.22-18.46.46:932][  0]LogConfig: Setting CVar [[r.Streaming.LimitPoolSizeToVRAM:0]]
[2019.04.22-18.46.46:932][  0]LogConfig: Setting CVar [[r.Streaming.PoolSize:1000]]
[2019.04.22-18.46.46:932][  0]LogConfig: Setting CVar [[r.Streaming.MaxEffectiveScreenSize:0]]
[2019.04.22-18.46.46:932][  0]LogConfig: Applying CVar settings from Section [EffectsQuality@3] File [E:/UnrealGitHub/UnrealProjects/Cross Roads/CrossyRoad_Sami/Saved/Config/Windows/Scalability.ini]
[2019.04.22-18.46.46:932][  0]LogConfig: Setting CVar [[r.TranslucencyLightingVolumeDim:64]]
[2019.04.22-18.46.46:932][  0]LogConfig: Setting CVar [[r.RefractionQuality:2]]
[2019.04.22-18.46.46:932][  0]LogConfig: Setting CVar [[r.SSR.Quality:3]]
[2019.04.22-18.46.46:932][  0]LogConfig: Setting CVar [[r.SceneColorFormat:4]]
[2019.04.22-18.46.46:933][  0]LogConfig: Setting CVar [[r.DetailMode:2]]
[2019.04.22-18.46.46:933][  0]LogConfig: Setting CVar [[r.TranslucencyVolumeBlur:1]]
[2019.04.22-18.46.46:933][  0]LogConfig: Setting CVar [[r.MaterialQualityLevel:1 ; High quality]]
[2019.04.22-18.46.46:933][  0]LogConfig: Setting CVar [[r.SSS.Scale:1]]
[2019.04.22-18.46.46:933][  0]LogConfig: Setting CVar [[r.SSS.SampleSet:2]]
[2019.04.22-18.46.46:933][  0]LogConfig: Setting CVar [[r.SSS.Quality:1]]
[2019.04.22-18.46.46:933][  0]LogConfig: Setting CVar [[r.SSS.HalfRes:1]]
[2019.04.22-18.46.46:933][  0]LogConfig: Setting CVar [[r.EmitterSpawnRateScale:1.0]]
[2019.04.22-18.46.46:933][  0]LogConfig: Setting CVar [[r.ParticleLightQuality:2]]
[2019.04.22-18.46.46:933][  0]LogConfig: Applying CVar settings from Section [FoliageQuality@3] File [E:/UnrealGitHub/UnrealProjects/Cross Roads/CrossyRoad_Sami/Saved/Config/Windows/Scalability.ini]
[2019.04.22-18.46.46:933][  0]LogConfig: Setting CVar [[foliage.DensityScale:1.0]]
[2019.04.22-18.46.46:933][  0]LogConfig: Setting CVar [[grass.DensityScale:1.0]]
[2019.04.22-18.46.46:933][  0]LogConfig: Applying CVar settings from Section [Startup] File [../../../Engine/Config/ConsoleVariables.ini]
[2019.04.22-18.46.46:934][  0]LogConfig: Setting CVar [[net.UseAdaptiveNetUpdateFrequency:0]]
[2019.04.22-18.46.46:934][  0]LogConfig: Applying CVar settings from Section [ConsoleVariables] File [E:/UnrealGitHub/UnrealProjects/Cross Roads/CrossyRoad_Sami/Saved/Config/Windows/Engine.ini]
[2019.04.22-18.46.46:934][  0]LogInit: Computer: SAMI-HALWANI1
[2019.04.22-18.46.46:934][  0]LogInit: User: SamiHalwani
[2019.04.22-18.46.46:934][  0]LogInit: CPU Page size=4096, Cores=6
[2019.04.22-18.46.46:934][  0]LogInit: High frequency timer resolution =2.156254 MHz
[2019.04.22-18.46.46:935][  0]LogMemory: Memory total: Physical=15.8GB (16GB approx)
[2019.04.22-18.46.46:935][  0]LogMemory: Platform Memory Stats for Windows
[2019.04.22-18.46.46:935][  0]LogMemory: Process Physical Memory: 103.46 MB used, 103.46 MB peak
[2019.04.22-18.46.46:935][  0]LogMemory: Process Virtual Memory: 86.39 MB used, 86.39 MB peak
[2019.04.22-18.46.46:935][  0]LogMemory: Physical Memory: 6335.01 MB used,  9895.13 MB free, 16230.14 MB total
[2019.04.22-18.46.46:935][  0]LogMemory: Virtual Memory: 4660.22 MB used,  134213064.00 MB free, 134217728.00 MB total
[2019.04.22-18.46.47:630][  0]LogInit: Using OS detected language (en-US).
[2019.04.22-18.46.47:630][  0]LogInit: Using OS detected locale (en-US).
[2019.04.22-18.46.47:633][  0]LogTextLocalizationManager: No specific localization for 'en-US' exists, so the 'en' localization will be used.
[2019.04.22-18.46.48:942][  0]LogStreaming: Display: Took  1.312s to InitEngineTextLocalization.
[2019.04.22-18.46.48:942][  0]LogInit: Setting process to per monitor DPI aware
[2019.04.22-18.46.49:048][  0]LogSlate: New Slate User Created.  User Index 0, Is Virtual User: 0
[2019.04.22-18.46.49:048][  0]LogSlate: Slate User Registered.  User Index 0, Is Virtual User: 0
[2019.04.22-18.46.49:812][  0]LogHMD: Failed to initialize OpenVR with code 126
[2019.04.22-18.46.49:812][  0]LogD3D11RHI: D3D11 adapters:
[2019.04.22-18.46.50:025][  0]LogD3D11RHI:    0. 'NVIDIA GeForce GTX 1070' (Feature Level 11_0)
[2019.04.22-18.46.50:025][  0]LogD3D11RHI:       8081/0/8115 MB DedicatedVideo/DedicatedSystem/SharedSystem, Outputs:1, VendorId:0x10de
[2019.04.22-18.46.50:065][  0]LogD3D11RHI:    1. 'Intel(R) UHD Graphics 630' (Feature Level 11_0)
[2019.04.22-18.46.50:066][  0]LogD3D11RHI:       128/0/8115 MB DedicatedVideo/DedicatedSystem/SharedSystem, Outputs:0, VendorId:0x8086
[2019.04.22-18.46.50:073][  0]LogD3D11RHI:    2. 'Microsoft Basic Render Driver' (Feature Level 11_0)
[2019.04.22-18.46.50:073][  0]LogD3D11RHI:       0/0/8115 MB DedicatedVideo/DedicatedSystem/SharedSystem, Outputs:0, VendorId:0x1414
[2019.04.22-18.46.50:073][  0]LogD3D11RHI: Chosen D3D11 Adapter: 0
[2019.04.22-18.46.50:169][  0]LogD3D11RHI: Creating new Direct3DDevice
[2019.04.22-18.46.50:169][  0]LogD3D11RHI:     GPU DeviceId: 0x1ba1 (for the marketing name, search the web for "GPU Device Id")
[2019.04.22-18.46.50:169][  0]LogWindows: EnumDisplayDevices:
[2019.04.22-18.46.50:170][  0]LogWindows:    0. 'Intel(R) UHD Graphics 630' (P:1 D:1)
[2019.04.22-18.46.50:171][  0]LogWindows:    1. 'Intel(R) UHD Graphics 630' (P:0 D:0)
[2019.04.22-18.46.50:171][  0]LogWindows:    2. 'Intel(R) UHD Graphics 630' (P:0 D:0)
[2019.04.22-18.46.50:172][  0]LogWindows:    3. 'NVIDIA GeForce GTX 1070' (P:0 D:0)
[2019.04.22-18.46.50:173][  0]LogWindows:    4. 'NVIDIA GeForce GTX 1070' (P:0 D:0)
[2019.04.22-18.46.50:174][  0]LogWindows:    5. 'NVIDIA GeForce GTX 1070' (P:0 D:0)
[2019.04.22-18.46.50:174][  0]LogWindows:    6. 'NVIDIA GeForce GTX 1070' (P:0 D:0)
[2019.04.22-18.46.50:175][  0]LogWindows: DebugString: PrimaryIsNotTheChoosenAdapter PrimaryIsNotTheChoosenAdapter PrimaryIsNotTheChoosenAdapter FoundDriverCount:4 
[2019.04.22-18.46.50:175][  0]LogD3D11RHI:     Adapter Name: NVIDIA GeForce GTX 1070
[2019.04.22-18.46.50:175][  0]LogD3D11RHI:   Driver Version: 425.31 (internal:25.21.14.2531, unified:425.31)
[2019.04.22-18.46.50:175][  0]LogD3D11RHI:      Driver Date: 4-9-2019
[2019.04.22-18.46.50:175][  0]LogRHI: Texture pool is 5656 MB (70% of 8081 MB)
[2019.04.22-18.46.50:316][  0]LogD3D11RHI: Async texture creation enabled
[2019.04.22-18.46.50:449][  0]LogD3D11RHI: GPU Timing Frequency: 1000.000000 (Debug: 2 1)
[2019.04.22-18.46.51:459][  0]LogTemp: Display: Loaded TP AllDesktopTargetPlatform
[2019.04.22-18.46.51:505][  0]LogTemp: Display: Loaded TP MacClientTargetPlatform
[2019.04.22-18.46.51:552][  0]LogTemp: Display: Loaded TP MacNoEditorTargetPlatform
[2019.04.22-18.46.51:597][  0]LogTemp: Display: Loaded TP MacServerTargetPlatform
[2019.04.22-18.46.51:646][  0]LogTemp: Display: Loaded TP MacTargetPlatform
[2019.04.22-18.46.51:691][  0]LogTemp: Display: Loaded TP WindowsClientTargetPlatform
[2019.04.22-18.46.51:737][  0]LogTemp: Display: Loaded TP WindowsNoEditorTargetPlatform
[2019.04.22-18.46.51:811][  0]LogTemp: Display: Loaded TP WindowsServerTargetPlatform
[2019.04.22-18.46.51:841][  0]LogTemp: Display: Loaded TP WindowsTargetPlatform
[2019.04.22-18.46.52:105][  0]LogTemp: Display: Loaded TP AndroidTargetPlatform
[2019.04.22-18.46.52:105][  0]LogTemp: Display: Loaded TP AndroidTargetPlatform
[2019.04.22-18.46.52:105][  0]LogTemp: Display: Loaded TP AndroidTargetPlatform
[2019.04.22-18.46.52:105][  0]LogTemp: Display: Loaded TP AndroidTargetPlatform
[2019.04.22-18.46.52:105][  0]LogTemp: Display: Loaded TP AndroidTargetPlatform
[2019.04.22-18.46.52:105][  0]LogTemp: Display: Loaded TP AndroidTargetPlatform
[2019.04.22-18.46.52:105][  0]LogTemp: Display: Loaded TP AndroidTargetPlatform
[2019.04.22-18.46.52:106][  0]LogTemp: Display: Loaded TP AndroidTargetPlatform
[2019.04.22-18.46.52:106][  0]LogTemp: Display: Loaded TP AndroidTargetPlatform
[2019.04.22-18.46.52:106][  0]LogTemp: Display: Loaded TP AndroidTargetPlatform
[2019.04.22-18.46.52:106][  0]LogTemp: Display: Loaded TP AndroidTargetPlatform
[2019.04.22-18.46.52:106][  0]LogTemp: Display: Loaded TP AndroidTargetPlatform
[2019.04.22-18.46.52:106][  0]LogTemp: Display: Loaded TP AndroidTargetPlatform
[2019.04.22-18.46.52:106][  0]LogTemp: Display: Loaded TP AndroidTargetPlatform
[2019.04.22-18.46.52:106][  0]LogTemp: Display: Loaded TP AndroidTargetPlatform
[2019.04.22-18.46.52:106][  0]LogTemp: Display: Loaded TP AndroidTargetPlatform
[2019.04.22-18.46.52:106][  0]LogTemp: Display: Loaded TP AndroidTargetPlatform
[2019.04.22-18.46.52:106][  0]LogTemp: Display: Loaded TP AndroidTargetPlatform
[2019.04.22-18.46.52:110][  0]LogTemp: Display: Loaded TP HTML5TargetPlatform
[2019.04.22-18.46.52:245][  0]LogTemp: Display: Loaded TP IOSTargetPlatform
[2019.04.22-18.46.52:245][  0]LogTemp: Display: Loaded TP IOSTargetPlatform
[2019.04.22-18.46.52:343][  0]LogTemp: Display: Loaded TP TVOSTargetPlatform
[2019.04.22-18.46.52:343][  0]LogTemp: Display: Loaded TP TVOSTargetPlatform
[2019.04.22-18.46.52:386][  0]LogTemp: Display: Loaded TP LinuxClientTargetPlatform
[2019.04.22-18.46.52:429][  0]LogTemp: Display: Loaded TP LinuxNoEditorTargetPlatform
[2019.04.22-18.46.52:475][  0]LogTemp: Display: Loaded TP LinuxServerTargetPlatform
[2019.04.22-18.46.52:520][  0]LogTemp: Display: Loaded TP LinuxTargetPlatform
[2019.04.22-18.46.52:694][  0]LogTemp: Display: Loaded TP LuminTargetPlatform
[2019.04.22-18.46.52:694][  0]LogTemp: Display: Loaded TP LuminTargetPlatform
[2019.04.22-18.46.52:694][  0]LogTargetPlatformManager: Display: Building Assets For Windows
[2019.04.22-18.46.52:964][  0]LogShaderCompilers: Guid format shader working directory is -5 characters bigger than the processId version (E:/UnrealGitHub/UnrealProjects/Cross Roads/CrossyRoad_Sami/Intermediate/Shaders/WorkingDirectory/2460/).
[2019.04.22-18.46.52:964][  0]LogShaderCompilers: Cleaned the shader compiler working directory 'C:/Users/Sami Halwani/AppData/Local/Temp/UnrealShaderWorkingDir/5CA61D2A405C985399DB3E800BB40037/'.
[2019.04.22-18.46.52:977][  0]LogXGEController: Cleaning working directory: C:/Users/Sami Halwani/AppData/Local/Temp/UnrealXGEWorkingDir/
[2019.04.22-18.46.52:978][  0]LogXGEController: Cannot use XGE Controller as Incredibuild is not installed on this machine.
[2019.04.22-18.46.52:979][  0]LogShaderCompilers: Cannot use XGE Shader Compiler as Incredibuild is not installed on this machine.
[2019.04.22-18.46.52:979][  0]LogShaderCompilers: Display: Using Local Shader Compiler.
[2019.04.22-18.46.55:006][  0]LogDerivedDataCache: Display: Max Cache Size: 512 MB
[2019.04.22-18.46.55:179][  0]LogDerivedDataCache: Loaded boot cache 0.17s 71MB C:/Users/Sami Halwani/AppData/Local/UnrealEngine/4.21/DerivedDataCache/Boot.ddc.
[2019.04.22-18.46.55:180][  0]LogDerivedDataCache: Display: Loaded Boot cache: C:/Users/Sami Halwani/AppData/Local/UnrealEngine/4.21/DerivedDataCache/Boot.ddc
[2019.04.22-18.46.55:180][  0]LogDerivedDataCache: FDerivedDataBackendGraph:  Pak pak cache file E:/UnrealGitHub/UnrealProjects/Cross Roads/CrossyRoad_Sami/DerivedDataCache/DDC.ddp not found, will not use a pak cache.
[2019.04.22-18.46.55:180][  0]LogDerivedDataCache: Unable to find inner node Pak for hierarchical cache Hierarchy.
[2019.04.22-18.46.55:180][  0]LogDerivedDataCache: FDerivedDataBackendGraph:  CompressedPak pak cache file E:/UnrealGitHub/UnrealProjects/Cross Roads/CrossyRoad_Sami/DerivedDataCache/Compressed.ddp not found, will not use a pak cache.
[2019.04.22-18.46.55:180][  0]LogDerivedDataCache: Unable to find inner node CompressedPak for hierarchical cache Hierarchy.
[2019.04.22-18.46.55:238][  0]LogDerivedDataCache: Display: Pak cache opened for reading ../../../Engine/DerivedDataCache/Compressed.ddp.
[2019.04.22-18.46.55:238][  0]LogDerivedDataCache: FDerivedDataBackendGraph:  EnterprisePak pak cache file ../../../Enterprise/DerivedDataCache/Compressed.ddp not found, will not use a pak cache.
[2019.04.22-18.46.55:238][  0]LogDerivedDataCache: Unable to find inner node EnterprisePak for hierarchical cache Hierarchy.
[2019.04.22-18.46.55:252][  0]LogDerivedDataCache: Using Local data cache path C:/Users/Sami Halwani/AppData/Local/UnrealEngine/Common/DerivedDataCache: Writable
[2019.04.22-18.46.55:252][  0]LogDerivedDataCache: Shared data cache path not found in *engine.ini, will not use an Shared cache.
[2019.04.22-18.46.55:252][  0]LogDerivedDataCache: Unable to find inner node Shared for hierarchical cache Hierarchy.
[2019.04.22-18.46.55:332][  0]LogMaterial: Verifying Global Shaders for PCD3D_SM5
[2019.04.22-18.46.55:337][  0]LogSlate: Using FreeType 2.6.0
[2019.04.22-18.46.55:338][  0]LogSlate: SlateFontServices - WITH_FREETYPE: 1, WITH_HARFBUZZ: 1
[2019.04.22-18.46.55:592][  0]LogAssetRegistry: FAssetRegistry took 0.0650 seconds to start up
[2019.04.22-18.46.56:677][  0]LogInit: Selected Device Profile: [Windows]
[2019.04.22-18.46.57:206][  0]LogSimplygon: Simplygon DLL not present - disabling.
[2019.04.22-18.46.57:222][  0]LogMeshReduction: Using SimplygonSwarm for distributed automatic mesh merging
[2019.04.22-18.46.57:222][  0]LogMeshReduction: Using ProxyLODMeshReduction for automatic mesh merging
[2019.04.22-18.46.57:222][  0]LogMeshReduction: Using QuadricMeshReduction for automatic static mesh reduction
[2019.04.22-18.46.57:222][  0]LogMeshReduction: No automatic skeletal mesh reduction module available
[2019.04.22-18.46.57:281][  0]LogNetVersion: CrossyRoad_Sami 1.0.0, NetCL: 4541578, EngineNetVer: 5, GameNetVer: 0 (Checksum: 346180230)
[2019.04.22-18.46.58:925][  0]LogPackageLocalizationCache: Processed 11 localized package path(s) for 2 prioritized culture(s) in 0.229727 seconds
[2019.04.22-18.46.58:946][  0]LogUObjectArray: 39775 objects as part of root set at end of initial load.
[2019.04.22-18.46.58:946][  0]LogUObjectAllocator: 6914656 out of 0 bytes used by permanent object pool.
[2019.04.22-18.46.58:946][  0]LogUObjectArray: CloseDisregardForGC: 0/0 objects in disregard for GC pool
[2019.04.22-18.47.02:018][  0]LogTcpMessaging: Initializing TcpMessaging bridge
[2019.04.22-18.47.02:036][  0]LogUdpMessaging: Initializing bridge on interface 0.0.0.0:0 to multicast group 230.0.0.1:6666.
[2019.04.22-18.47.04:307][  0]SourceControl: Source control is disabled
[2019.04.22-18.47.04:307][  0]SourceControl: Source control is disabled
[2019.04.22-18.47.04:312][  0]SourceControl: Source control is disabled
[2019.04.22-18.47.04:315][  0]SourceControl: Source control is disabled
[2019.04.22-18.47.04:638][  0]LogAndroidPermission: UAndroidPermissionCallbackProxy::GetInstance
[2019.04.22-18.47.05:382][  0]LogOcInput: OculusInput pre-init called
[2019.04.22-18.47.05:671][  0]LogEngine: Initializing Engine...
[2019.04.22-18.47.05:742][  0]LogHMD: Failed to initialize OpenVR with code 126
[2019.04.22-18.47.05:746][  0]LogStats: UGameplayTagsManager::ConstructGameplayTagTree: ImportINI prefixes -  0.000 s
[2019.04.22-18.47.05:746][  0]LogStats: UGameplayTagsManager::ConstructGameplayTagTree: Construct from data asset -  0.000 s
[2019.04.22-18.47.05:747][  0]LogStats: UGameplayTagsManager::ConstructGameplayTagTree: ImportINI -  0.000 s
[2019.04.22-18.47.05:747][  0]LogStats: UGameplayTagsManager::ConstructGameplayTagTree: GameplayTagTreeChangedEvent.Broadcast -  0.000 s
[2019.04.22-18.47.06:613][  0]LogInit: Initializing FReadOnlyCVARCache
[2019.04.22-18.47.06:655][  0]LogAIModule: Creating AISystem for world Untitled
[2019.04.22-18.47.06:693][  0]LogInit: XAudio2 using 'Speakers (2- Realtek(R) Audio)' : 6 channels at 48 kHz using 32 bits per sample (channel mask 0x3f)
[2019.04.22-18.47.06:803][  0]LogInit: FAudioDevice initialized.
[2019.04.22-18.47.06:804][  0]LogNetVersion: Set ProjectVersion to 1.0.0.0. Version Checksum will be recalculated on next use.
[2019.04.22-18.47.06:988][  0]LogDerivedDataCache: Saved boot cache 0.19s 71MB C:/Users/Sami Halwani/AppData/Local/UnrealEngine/4.21/DerivedDataCache/Boot.ddc.
[2019.04.22-18.47.07:003][  0]LogInit: Texture streaming: Enabled
[2019.04.22-18.47.07:065][  0]LogEngineSessionManager: EngineSessionManager initialized
[2019.04.22-18.47.07:065][  0]LogEngineSessionManager: EngineSessionManager sent abnormal shutdown report. Type=Crashed, SessionId={BC9D2590-4F75-140B-16F3-348DA5697257}
[2019.04.22-18.47.07:112][  0]LogInit: Transaction tracking system initialized
[2019.04.22-18.47.07:199][  0]BlueprintLog: New page: Editor Load
[2019.04.22-18.47.07:483][  0]LocalizationService: Localization service is disabled
[2019.04.22-18.47.09:035][  0]LogFileCache: Scanning file cache for directory 'E:/UnrealGitHub/UnrealProjects/Cross Roads/CrossyRoad_Sami/Content/' took 0.02s
[2019.04.22-18.47.09:035][  0]LogCook: Display: Max memory allowance for cook 16384mb min free memory 0mb
[2019.04.22-18.47.09:035][  0]LogCook: Display: Mobile HDR setting 1
[2019.04.22-18.47.09:035][  0]LogGameplayTags: Display: UGameplayTagsManager::DoneAddingNativeTags. DelegateIsBound: 0
[2019.04.22-18.47.09:036][  0]LogStats: UGameplayTagsManager::ConstructGameplayTagTree: ImportINI prefixes -  0.000 s
[2019.04.22-18.47.09:036][  0]LogStats: UGameplayTagsManager::ConstructGameplayTagTree: Construct from data asset -  0.000 s
[2019.04.22-18.47.09:036][  0]LogStats: UGameplayTagsManager::ConstructGameplayTagTree: ImportINI -  0.000 s
[2019.04.22-18.47.09:036][  0]LogStats: UGameplayTagsManager::ConstructGameplayTagTree: GameplayTagTreeChangedEvent.Broadcast -  0.000 s
[2019.04.22-18.47.09:474][  0]SourceControl: Source control is disabled
[2019.04.22-18.47.09:639][  0]LogWindowsTextInputMethodSystem: Display: IME system now deactivated.
[2019.04.22-18.47.09:643][  0]LogSlate: Took 0.000485 seconds to synchronously load lazily loaded font '../../../Engine/Content/Slate/Fonts/Roboto-Regular.ttf' (155K)
[2019.04.22-18.47.16:954][  0]LogSlate: Window 'Restore Packages' being destroyed
[2019.04.22-18.47.16:956][  0]LogWindowsTextInputMethodSystem: Display: IME system now deactivated.
[2019.04.22-18.47.16:965][  0]LogWindowsTextInputMethodSystem: Display: IME system now deactivated.
[2019.04.22-18.47.19:068][  0]LogSlate: Window 'Unable to Check Out From Source Control!' being destroyed
[2019.04.22-18.47.19:069][  0]LogWindowsTextInputMethodSystem: Display: IME system now deactivated.
[2019.04.22-18.47.19:087][  0]LogWindowsTextInputMethodSystem: Display: IME system now deactivated.
[2019.04.22-18.47.19:262][  0]Cmd: MAP LOAD FILE="../../../Engine/Content/Maps/Templates/Template_Default.umap" TEMPLATE=1 SHOWPROGRESS=1 FEATURELEVEL=3
[2019.04.22-18.47.19:263][  0]LightingResults: New page: Lighting Build
[2019.04.22-18.47.19:276][  0]MapCheck: New page: Map Check
[2019.04.22-18.47.19:276][  0]LightingResults: New page: Lighting Build
[2019.04.22-18.47.19:856][  0]LogAIModule: Creating AISystem for world Untitled_1
[2019.04.22-18.47.19:874][  0]LogEditorServer: Finished looking for orphan Actors (0.000 secs)
[2019.04.22-18.47.19:960][  0]Cmd: MAP CHECKDEP NOCLEARLOG
[2019.04.22-18.47.19:960][  0]MapCheck: Map check complete: 0 Error(s), 0 Warning(s), took 0.291ms to complete.
[2019.04.22-18.47.19:960][  0]LogFileHelpers: Loading map 'Template_Default' took 0.698
[2019.04.22-18.47.20:091][  0]LogSlate: Updating window title bar state: overlay mode, drag disabled, window buttons hidden, title bar hidden
[2019.04.22-18.47.20:117][  0]LogSlate: Updating window title bar state: overlay mode, drag disabled, window buttons hidden, title bar hidden
[2019.04.22-18.47.20:143][  0]LogSlate: Updating window title bar state: overlay mode, drag disabled, window buttons hidden, title bar hidden
[2019.04.22-18.47.20:170][  0]LogSlate: Updating window title bar state: overlay mode, drag disabled, window buttons hidden, title bar hidden
[2019.04.22-18.47.20:194][  0]LogCollectionManager: Loaded 0 collections in 0.007008 seconds
[2019.04.22-18.47.20:224][  0]LogFileCache: Scanning file cache for directory 'E:/UnrealGitHub/UnrealProjects/Cross Roads/CrossyRoad_Sami/Saved/Collections/' took 0.01s
[2019.04.22-18.47.20:224][  0]LogFileCache: Scanning file cache for directory 'E:/UnrealGitHub/UnrealProjects/Cross Roads/CrossyRoad_Sami/Content/Developers/SamiHalwani/Collections/' took 0.00s
[2019.04.22-18.47.20:224][  0]LogFileCache: Scanning file cache for directory 'E:/UnrealGitHub/UnrealProjects/Cross Roads/CrossyRoad_Sami/Content/Collections/' took 0.00s
[2019.04.22-18.47.20:224][  0]LogCollectionManager: Rebuilt the GUID cache for 0 collections in 0.000001 seconds
[2019.04.22-18.47.20:255][  0]LogContentBrowser: Native class hierarchy populated in 0.0301 seconds. Added 2651 classes and 620 folders.
[2019.04.22-18.47.20:279][  0]LogContentBrowser: Native class hierarchy updated for 'WidgetCarousel' in 0.0007 seconds. Added 0 classes and 0 folders.
[2019.04.22-18.47.20:284][  0]LogPakFile: Registered encryption key '00000000000000000000000000000000': 0 pak files mounted, 0 remain pending
[2019.04.22-18.47.20:286][  0]LogPakFile: Registered encryption key '00000000000000000000000000000000': 0 pak files mounted, 0 remain pending
[2019.04.22-18.47.20:288][  0]LogPakFile: Registered encryption key '00000000000000000000000000000000': 0 pak files mounted, 0 remain pending
[2019.04.22-18.47.20:290][  0]LogPakFile: Registered encryption key '00000000000000000000000000000000': 0 pak files mounted, 0 remain pending
[2019.04.22-18.47.20:291][  0]LogPakFile: Registered encryption key '00000000000000000000000000000000': 0 pak files mounted, 0 remain pending
[2019.04.22-18.47.20:293][  0]LogPakFile: Registered encryption key '00000000000000000000000000000000': 0 pak files mounted, 0 remain pending
[2019.04.22-18.47.20:295][  0]LogPakFile: Registered encryption key '00000000000000000000000000000000': 0 pak files mounted, 0 remain pending
[2019.04.22-18.47.20:296][  0]LogPakFile: Registered encryption key '00000000000000000000000000000000': 0 pak files mounted, 0 remain pending
[2019.04.22-18.47.20:298][  0]LogPakFile: Registered encryption key '00000000000000000000000000000000': 0 pak files mounted, 0 remain pending
[2019.04.22-18.47.20:299][  0]LogPakFile: Registered encryption key '00000000000000000000000000000000': 0 pak files mounted, 0 remain pending
[2019.04.22-18.47.20:301][  0]LogPakFile: Registered encryption key '00000000000000000000000000000000': 0 pak files mounted, 0 remain pending
[2019.04.22-18.47.20:303][  0]LogPakFile: Registered encryption key '00000000000000000000000000000000': 0 pak files mounted, 0 remain pending
[2019.04.22-18.47.20:304][  0]LogPakFile: Registered encryption key '00000000000000000000000000000000': 0 pak files mounted, 0 remain pending
[2019.04.22-18.47.20:306][  0]LogPakFile: Registered encryption key '00000000000000000000000000000000': 0 pak files mounted, 0 remain pending
[2019.04.22-18.47.20:308][  0]LogPakFile: Registered encryption key '00000000000000000000000000000000': 0 pak files mounted, 0 remain pending
[2019.04.22-18.47.20:310][  0]LogPakFile: Registered encryption key '00000000000000000000000000000000': 0 pak files mounted, 0 remain pending
[2019.04.22-18.47.20:311][  0]LogPakFile: Registered encryption key '00000000000000000000000000000000': 0 pak files mounted, 0 remain pending
[2019.04.22-18.47.20:313][  0]LogPakFile: Registered encryption key '00000000000000000000000000000000': 0 pak files mounted, 0 remain pending
[2019.04.22-18.47.20:315][  0]LogPakFile: Registered encryption key '00000000000000000000000000000000': 0 pak files mounted, 0 remain pending
[2019.04.22-18.47.20:317][  0]LogPakFile: Registered encryption key '00000000000000000000000000000000': 0 pak files mounted, 0 remain pending
[2019.04.22-18.47.20:318][  0]LogPakFile: Registered encryption key '00000000000000000000000000000000': 0 pak files mounted, 0 remain pending
[2019.04.22-18.47.20:320][  0]LogPakFile: Registered encryption key '00000000000000000000000000000000': 0 pak files mounted, 0 remain pending
[2019.04.22-18.47.20:322][  0]LogPakFile: Registered encryption key '00000000000000000000000000000000': 0 pak files mounted, 0 remain pending
[2019.04.22-18.47.20:324][  0]LogPakFile: Registered encryption key '00000000000000000000000000000000': 0 pak files mounted, 0 remain pending
[2019.04.22-18.47.20:326][  0]LogPakFile: Registered encryption key '00000000000000000000000000000000': 0 pak files mounted, 0 remain pending
[2019.04.22-18.47.20:327][  0]LogPakFile: Registered encryption key '00000000000000000000000000000000': 0 pak files mounted, 0 remain pending
[2019.04.22-18.47.20:471][  0]LogContentBrowser: Native class hierarchy updated for 'AddContentDialog' in 0.0007 seconds. Added 0 classes and 0 folders.
[2019.04.22-18.47.20:486][  0]LogContentBrowser: Native class hierarchy updated for 'SceneOutliner' in 0.0008 seconds. Added 1 classes and 2 folders.
[2019.04.22-18.47.20:687][  0]LogSlate: Took 0.000466 seconds to synchronously load lazily loaded font '../../../Engine/Content/Slate/Fonts/Roboto-Bold.ttf' (160K)
[2019.04.22-18.47.20:705][  0]LogSlate: Took 0.000538 seconds to synchronously load lazily loaded font '../../../Engine/Content/Editor/Slate/Fonts/FontAwesome.ttf' (139K)
[2019.04.22-18.47.20:897][  0]LogRenderer: Reallocating scene render targets to support 1208x576 Format 10 NumSamples 1 (Frame:1).
[2019.04.22-18.47.21:222][  0]LogContentBrowser: Native class hierarchy updated for 'HierarchicalLODOutliner' in 0.0007 seconds. Added 0 classes and 0 folders.
[2019.04.22-18.47.21:222][  0]LogLoad: (Engine Initialization) Total time: 39.48 seconds
[2019.04.22-18.47.21:222][  0]LogLoad: (Engine Initialization) Total Blueprint compile time: 0.00 seconds
[2019.04.22-18.47.21:369][  0]LogContentStreaming: Texture pool size now 1000 MB
[2019.04.22-18.47.21:451][  1]LogSlate: FSceneViewport::OnFocusLost() reason 0
[2019.04.22-18.47.21:666][  2]LogAssetRegistry: Asset discovery search completed in 26.0980 seconds
[2019.04.22-18.47.21:672][  2]LogCollectionManager: Rebuilt the object cache for 0 collections in 0.000000 seconds (found 0 objects)
[2019.04.22-18.47.21:672][  2]LogCollectionManager: Fixed up redirectors for 0 collections in 0.000168 seconds (updated 0 objects)
[2019.04.22-18.47.24:250][145]LogSlate: Took 0.000527 seconds to synchronously load lazily loaded font '../../../Engine/Content/Slate/Fonts/Roboto-Light.ttf' (167K)
[2019.04.22-18.47.29:638][341]Cmd: MAP LOAD FILE="E:/UnrealGitHub/UnrealProjects/Cross Roads/CrossyRoad_Sami/Content/Maps/NewMap1.umap" TEMPLATE=0 SHOWPROGRESS=1 FEATURELEVEL=3
[2019.04.22-18.47.29:645][341]LogSlate: Took 0.000372 seconds to synchronously load lazily loaded font '../../../Engine/Content/Slate/Fonts/Roboto-Light.ttf' (167K)
[2019.04.22-18.47.29:696][341]LightingResults: New page: Lighting Build
[2019.04.22-18.47.29:698][341]LoadErrors: New page: Loading map: NewMap1.umap
[2019.04.22-18.47.29:702][341]MapCheck: New page: Map Check
[2019.04.22-18.47.29:702][341]LightingResults: New page: Lighting Build
[2019.04.22-18.47.29:812][341]LogLinker: Warning: Can't find file '/Game/Assets/BlueCar/palette'
[2019.04.22-18.47.29:813][341]LogLinker: Warning: Can't find file for asset '/Game/Assets/BlueCar/palette' while loading E:/UnrealGitHub/UnrealProjects/Cross Roads/CrossyRoad_Sami/Content/Assets/McCarhty/defaultMat.uasset.
[2019.04.22-18.47.29:813][341]LoadErrors: Error: /Game/Assets/McCarhty/defaultMat : Can't find file for asset. /Game/Assets/BlueCar/palette
[2019.04.22-18.47.29:813][341]LogLinker: Warning: Can't find file '/Game/Assets/BlueCar/palette'
[2019.04.22-18.47.29:814][341]LogLinker: Warning: Can't find file for asset '/Game/Assets/BlueCar/palette' while loading E:/UnrealGitHub/UnrealProjects/Cross Roads/CrossyRoad_Sami/Content/Assets/McCarhty/defaultMat.uasset.
[2019.04.22-18.47.29:967][341]LogLinker: Warning: Can't find file '/Game/Assets/BlueCar/palette'
[2019.04.22-18.47.29:967][341]LoadErrors: Failed to load /Game/Assets/BlueCar/palette.palette Referenced by defaultMat
[2019.04.22-18.47.29:967][341]LogLinker: Warning: Can't find file for asset '/Game/Assets/BlueCar/palette' while loading NULL.
[2019.04.22-18.47.30:130][341]LogAIModule: Creating AISystem for world NewMap1
[2019.04.22-18.47.30:334][341]LogEditorServer: Finished looking for orphan Actors (0.000 secs)
[2019.04.22-18.47.30:557][341]Cmd: MAP CHECKDEP NOCLEARLOG
[2019.04.22-18.47.30:558][341]MapCheck: Map check complete: 0 Error(s), 0 Warning(s), took 0.313ms to complete.
[2019.04.22-18.47.30:558][341]LogFileHelpers: Loading map 'NewMap1' took 0.921
[2019.04.22-18.47.30:562][341]LogSlate: Window 'Open Level' being destroyed
[2019.04.22-18.47.32:327][391]LogSlate: Window 'Message Log' being destroyed
[2019.04.22-18.47.32:362][391]LogSlate: Window 'Message Log' being destroyed
[2019.04.22-18.47.36:158][594]LogEditorViewport: Clicking on Actor (LMB): StaticMeshActor (road)
[2019.04.22-18.47.41:979][878]LogSlate: FSceneViewport::OnFocusLost() reason 2
[2019.04.22-18.47.42:032][878]Cmd: OBJ SAVEPACKAGE PACKAGE="/Game/Maps/NewMap1" FILE="E:/UnrealGitHub/UnrealProjects/Cross Roads/CrossyRoad_Sami/Content/Maps/NewMap1.umap" SILENT=true AUTOSAVING=false KEEPDIRTY=false
[2019.04.22-18.47.42:516][878]LogSavePackage: Moving 'E:/UnrealGitHub/UnrealProjects/Cross Roads/CrossyRoad_Sami/Saved/NewMap194F1A0FE4A22AA1CA60B03AEEFEFBAD9.tmp' to 'E:/UnrealGitHub/UnrealProjects/Cross Roads/CrossyRoad_Sami/Content/Maps/NewMap1.umap'
[2019.04.22-18.47.42:609][878]Cmd: OBJ SAVEPACKAGE PACKAGE="/Game/Maps/NewMap1_BuiltData" FILE="E:/UnrealGitHub/UnrealProjects/Cross Roads/CrossyRoad_Sami/Content/Maps/NewMap1_BuiltData.uasset" SILENT=true
[2019.04.22-18.47.42:673][878]LogSavePackage: Moving 'E:/UnrealGitHub/UnrealProjects/Cross Roads/CrossyRoad_Sami/Saved/NewMap1_BuiltDataB012F84749E2F13571AA6CB9537B5981.tmp' to 'E:/UnrealGitHub/UnrealProjects/Cross Roads/CrossyRoad_Sami/Content/Maps/NewMap1_BuiltData.uasset'
[2019.04.22-18.48.33:470][373]LogEditorViewport: Clicking on Actor (LMB): PlayerStart (PlayerStart)
[2019.04.22-18.48.40:186][734]LogSlate: FSceneViewport::OnFocusLost() reason 0
[2019.04.22-18.48.43:453][877]LogEditorViewport: Clicking on Actor (LMB): PlayerStart (PlayerStart)
[2019.04.22-18.48.44:457][919]LogSlate: FSceneViewport::OnFocusLost() reason 0
[2019.04.22-18.48.51:501][221]LogNavigationPoint: PostEditMove Clear paths rebuilt
[2019.04.22-18.48.57:627][581]LogNavigationPoint: PostEditMove Clear paths rebuilt
[2019.04.22-18.49.03:125][883]LogNavigationPoint: PostEditMove Clear paths rebuilt
[2019.04.22-18.49.06:318][ 31]LogNavigationPoint: PostEditMove Clear paths rebuilt
[2019.04.22-18.49.06:865][ 59]LogEditorViewport: Clicking on Actor (LMB): BP_Sky_Sphere_C (Sky Sphere)
[2019.04.22-18.49.07:521][ 88]LogEditorViewport: Clicking on Actor (context menu): StaticMeshActor (Floor)
[2019.04.22-18.49.07:663][ 88]LogSlate: FSceneViewport::OnFocusLost() reason 2
[2019.04.22-18.49.08:495][111]LogEditorViewport: Clicking on Actor (LMB): StaticMeshActor (road)
[2019.04.22-18.49.10:300][179]LogSlate: Took 0.000477 seconds to synchronously load lazily loaded font '../../../Engine/Content/Slate/Fonts/Roboto-Italic.ttf' (157K)
[2019.04.22-18.49.11:067][206]LogSlate: FSceneViewport::OnFocusLost() reason 0
[2019.04.22-18.49.14:718][356]LogNavigationPoint: PostEditMove Clear paths rebuilt
[2019.04.22-18.49.15:271][383]LogEditorViewport: Clicking on Actor (LMB): BP_Sky_Sphere_C (Sky Sphere)
[2019.04.22-18.49.15:978][414]LogSlate: FSceneViewport::OnFocusLost() reason 2
[2019.04.22-18.49.16:020][414]Cmd: OBJ SAVEPACKAGE PACKAGE="/Game/Maps/NewMap1" FILE="E:/UnrealGitHub/UnrealProjects/Cross Roads/CrossyRoad_Sami/Content/Maps/NewMap1.umap" SILENT=true AUTOSAVING=false KEEPDIRTY=false
[2019.04.22-18.49.16:502][414]LogSavePackage: Moving 'E:/UnrealGitHub/UnrealProjects/Cross Roads/CrossyRoad_Sami/Saved/NewMap1CE74562E40C619D16265B196D30B5C58.tmp' to 'E:/UnrealGitHub/UnrealProjects/Cross Roads/CrossyRoad_Sami/Content/Maps/NewMap1.umap'
[2019.04.22-18.49.16:600][414]Cmd: OBJ SAVEPACKAGE PACKAGE="/Game/Maps/NewMap1_BuiltData" FILE="E:/UnrealGitHub/UnrealProjects/Cross Roads/CrossyRoad_Sami/Content/Maps/NewMap1_BuiltData.uasset" SILENT=true
[2019.04.22-18.49.16:643][414]LogSavePackage: Moving 'E:/UnrealGitHub/UnrealProjects/Cross Roads/CrossyRoad_Sami/Saved/NewMap1_BuiltDataCCA118274AE66D8E4DA26BB02232C5F1.tmp' to 'E:/UnrealGitHub/UnrealProjects/Cross Roads/CrossyRoad_Sami/Content/Maps/NewMap1_BuiltData.uasset'
[2019.04.22-18.49.17:107][428]LogSlate: FSceneViewport::OnFocusLost() reason 0
[2019.04.22-18.49.17:159][430]LogTemp: Repeating last play command: Selected Viewport
[2019.04.22-18.49.17:214][430]LogBlueprintUserMessages: Early PlayInEditor Detection: Level '/Game/Maps/NewMap1.NewMap1:PersistentLevel' has LevelScriptBlueprint '/Game/Maps/NewMap1.NewMap1:PersistentLevel.NewMap1' with GeneratedClass '/Game/Maps/NewMap1.NewMap1_C' with ClassGeneratedBy '/Game/Maps/NewMap1.NewMap1:PersistentLevel.NewMap1'
[2019.04.22-18.49.17:214][430]LogPlayLevel: PlayLevel: No blueprints needed recompiling
[2019.04.22-18.49.17:215][430]PIE: New page: PIE session: NewMap1 (Apr 22, 2019, 4:49:17 AM)
[2019.04.22-18.49.17:230][430]LogPlayLevel: Creating play world package: /Game/Maps/UEDPIE_0_NewMap1
[2019.04.22-18.49.17:241][430]LogPlayLevel: PIE: StaticDuplicateObject took: (0.010127s)
[2019.04.22-18.49.17:242][430]LogAIModule: Creating AISystem for world NewMap1
[2019.04.22-18.49.17:243][430]LogPlayLevel: PIE: World Init took: (0.001664s)
[2019.04.22-18.49.17:243][430]LogPlayLevel: PIE: Created PIE world by copying editor world from /Game/Maps/NewMap1.NewMap1 to /Game/Maps/UEDPIE_0_NewMap1.NewMap1 (0.012622s)
[2019.04.22-18.49.17:362][430]LogInit: XAudio2 using 'Speakers (2- Realtek(R) Audio)' : 6 channels at 48 kHz using 32 bits per sample (channel mask 0x3f)
[2019.04.22-18.49.17:388][430]LogInit: FAudioDevice initialized.
[2019.04.22-18.49.17:451][430]LogLoad: Game class is 'Controller_C'
[2019.04.22-18.49.17:458][430]LogWorld: Bringing World /Game/Maps/UEDPIE_0_NewMap1.NewMap1 up for play (max tick rate 0) at 2019.04.22-11.49.17
[2019.04.22-18.49.17:459][430]LogWorld: Bringing up level for play took: 0.003332
[2019.04.22-18.49.17:492][430]LogContentBrowser: Native class hierarchy updated for 'MovieSceneCapture' in 0.0010 seconds. Added 20 classes and 0 folders.
[2019.04.22-18.49.17:496][430]PIE: Play in editor start time for /Game/Maps/UEDPIE_0_NewMap1 0.366
[2019.04.22-18.49.17:497][430]LogBlueprintUserMessages: Late PlayInEditor Detection: Level '/Game/Maps/NewMap1.NewMap1:PersistentLevel' has LevelScriptBlueprint '/Game/Maps/NewMap1.NewMap1:PersistentLevel.NewMap1' with GeneratedClass '/Game/Maps/NewMap1.NewMap1_C' with ClassGeneratedBy '/Game/Maps/NewMap1.NewMap1:PersistentLevel.NewMap1'
[2019.04.22-18.49.22:632][771]LogBlueprintUserMessages: Early EndPlayMap Detection: Level '/Game/Maps/NewMap1.NewMap1:PersistentLevel' has LevelScriptBlueprint '/Game/Maps/NewMap1.NewMap1:PersistentLevel.NewMap1' with GeneratedClass '/Game/Maps/NewMap1.NewMap1_C' with ClassGeneratedBy '/Game/Maps/NewMap1.NewMap1:PersistentLevel.NewMap1'
[2019.04.22-18.49.22:633][771]LogSlate: Updating window title bar state: overlay mode, drag disabled, window buttons hidden, title bar hidden
[2019.04.22-18.49.22:682][771]LogPlayLevel: Display: Shutting down PIE online subsystems
[2019.04.22-18.49.22:682][771]LogBlueprintUserMessages: Late EndPlayMap Detection: Level '/Game/Maps/NewMap1.NewMap1:PersistentLevel' has LevelScriptBlueprint '/Game/Maps/NewMap1.NewMap1:PersistentLevel.NewMap1' with GeneratedClass '/Game/Maps/NewMap1.NewMap1_C' with ClassGeneratedBy '/Game/Maps/NewMap1.NewMap1:PersistentLevel.NewMap1'
[2019.04.22-18.49.22:776][771]LogSlate: Updating window title bar state: overlay mode, drag disabled, window buttons hidden, title bar hidden
[2019.04.22-18.49.22:819][772]LogPlayLevel: Display: Destroying online subsystem :Context_5
[2019.04.22-18.49.24:431][840]LogSlate: FSceneViewport::OnFocusLost() reason 0
[2019.04.22-18.49.35:974][195]LogEditorViewport: Clicking on Actor (CTRL LMB): BP_Sky_Sphere_C (Sky Sphere)
[2019.04.22-18.49.36:025][195]Cmd: TRANSACTION UNDO
[2019.04.22-18.49.36:025][195]LogEditorTransaction: Undo Clicking on Actors
[2019.04.22-18.49.36:222][202]LogRHI: Error: SyncInterval 0
[2019.04.22-18.49.36:222][202]LogRHI: Error: SwapChainDesc.BufferDesc.Width 19
[2019.04.22-18.49.36:222][202]LogRHI: Error: SwapChainDesc.BufferDesc.Height 54
[2019.04.22-18.49.36:222][202]LogRHI: Error: SwapChainDesc.BufferDesc.RefreshRate.Numerator 0
[2019.04.22-18.49.36:222][202]LogRHI: Error: SwapChainDesc.BufferDesc.RefreshRate.Denominator 0
[2019.04.22-18.49.36:222][202]LogRHI: Error: SwapChainDesc.BufferDesc.Format 24
[2019.04.22-18.49.36:222][202]LogRHI: Error: SwapChainDesc.BufferDesc.ScanlineOrdering 0
[2019.04.22-18.49.36:222][202]LogRHI: Error: SwapChainDesc.BufferDesc.Scaling 0
[2019.04.22-18.49.36:222][202]LogRHI: Error: SwapChainDesc.SampleDesc.Count 1
[2019.04.22-18.49.36:223][202]LogRHI: Error: SwapChainDesc.SampleDesc.Quality 0
[2019.04.22-18.49.36:223][202]LogRHI: Error: SwapChainDesc.BufferUsage 48
[2019.04.22-18.49.36:223][202]LogRHI: Error: SwapChainDesc.BufferCount 1
[2019.04.22-18.49.36:223][202]LogRHI: Error: SwapChainDesc.OutputWindow 00000000000B0578
[2019.04.22-18.49.36:223][202]LogRHI: Error: SwapChainDesc.Windowed true
[2019.04.22-18.49.36:223][202]LogRHI: Error: SwapChainDesc.SwapEffect 0
[2019.04.22-18.49.36:223][202]LogRHI: Error: SwapChainDesc.Flags 2
[2019.04.22-18.49.36:223][202]LogD3D11RHI: Error: Result failed 
 at D:\Build\++UE4\Sync\Engine\Source\Runtime\Windows\D3D11RHI\Private\D3D11Viewport.cpp:361 
 with error E_INVALIDARG
[2019.04.22-18.49.36:223][202]LogWindows: Windows GetLastError: The operation completed successfully. (0)
[2019.04.22-18.49.40:357][202]LogOutputDevice: Warning: 

Script Stack (0 frames):

[2019.04.22-18.49.40:357][202]LogWindows: Windows GetLastError: The operation completed successfully. (0)
[2019.04.22-18.49.40:357][202]LogWindows: Error: === Critical error: ===
[2019.04.22-18.49.40:357][202]LogWindows: Error: 
[2019.04.22-18.49.40:358][202]LogWindows: Error: Fatal error: [File:D:\Build\++UE4\Sync\Engine\Source\Runtime\RenderCore\Private\RenderingThread.cpp] [Line: 826] 
[2019.04.22-18.49.40:358][202]LogWindows: Error: Rendering thread exception:
[2019.04.22-18.49.40:358][202]LogWindows: Error: Fatal error: [File:D:\Build\++UE4\Sync\Engine\Source\Runtime\Windows\D3D11RHI\Private\D3D11Util.cpp] [Line: 251] 
[2019.04.22-18.49.40:358][202]LogWindows: Error: Result failed 
[2019.04.22-18.49.40:358][202]LogWindows: Error:  at D:\Build\++UE4\Sync\Engine\Source\Runtime\Windows\D3D11RHI\Private\D3D11Viewport.cpp:361 
[2019.04.22-18.49.40:358][202]LogWindows: Error:  with error E_INVALIDARG
[2019.04.22-18.49.40:358][202]LogWindows: Error: 
[2019.04.22-18.49.40:358][202]LogWindows: Error: 
[2019.04.22-18.49.40:358][202]LogWindows: Error: [Callstack] 0x00007ffcd90ba388 KERNELBASE.dll!UnknownFunction []
[2019.04.22-18.49.40:358][202]LogWindows: Error: [Callstack] 0x00007ffc940fcd1a UE4Editor-Core.dll!UnknownFunction []
[2019.04.22-18.49.40:359][202]LogWindows: Error: [Callstack] 0x00007ffc93eda967 UE4Editor-Core.dll!UnknownFunction []
[2019.04.22-18.49.40:359][202]LogWindows: Error: [Callstack] 0x00007ffc93e10df7 UE4Editor-Core.dll!UnknownFunction []
[2019.04.22-18.49.40:359][202]LogWindows: Error: [Callstack] 0x00007ffc7c1b0f16 UE4Editor-D3D11RHI.dll!UnknownFunction []
[2019.04.22-18.49.40:359][202]LogWindows: Error: [Callstack] 0x00007ffc7c18eb8e UE4Editor-D3D11RHI.dll!UnknownFunction []
[2019.04.22-18.49.40:359][202]LogWindows: Error: [Callstack] 0x00007ffc7c19c798 UE4Editor-D3D11RHI.dll!UnknownFunction []
[2019.04.22-18.49.40:359][202]LogWindows: Error: [Callstack] 0x00007ffca5023905 UE4Editor-RHI.dll!UnknownFunction []
[2019.04.22-18.49.40:359][202]LogWindows: Error: [Callstack] 0x00007ffca5023495 UE4Editor-RHI.dll!UnknownFunction []
[2019.04.22-18.49.40:359][202]LogWindows: Error: [Callstack] 0x00007ffca50245bc UE4Editor-RHI.dll!UnknownFunction []
[2019.04.22-18.49.40:359][202]LogWindows: Error: [Callstack] 0x00007ffca501ba45 UE4Editor-RHI.dll!UnknownFunction []
[2019.04.22-18.49.40:359][202]LogWindows: Error: [Callstack] 0x00007ffc7bf1179e UE4Editor-SlateRHIRenderer.dll!UnknownFunction []
[2019.04.22-18.49.40:360][202]LogWindows: Error: [Callstack] 0x00007ffc7bf179ca UE4Editor-SlateRHIRenderer.dll!UnknownFunction []
[2019.04.22-18.49.40:360][202]LogWindows: Error: [Callstack] 0x00007ffc93ca1798 UE4Editor-Core.dll!UnknownFunction []
[2019.04.22-18.49.40:360][202]LogWindows: Error: [Callstack] 0x00007ffc93ca1c56 UE4Editor-Core.dll!UnknownFunction []
[2019.04.22-18.49.40:360][202]LogWindows: Error: [Callstack] 0x00007ffcbf599af9 UE4Editor-RenderCore.dll!UnknownFunction []
[2019.04.22-18.49.40:360][202]LogWindows: Error: [Callstack] 0x00007ffcbf59aa74 UE4Editor-RenderCore.dll!UnknownFunction []
[2019.04.22-18.49.40:360][202]LogWindows: Error: [Callstack] 0x00007ffc940fc500 UE4Editor-Core.dll!UnknownFunction []
[2019.04.22-18.49.40:360][202]LogWindows: Error: [Callstack] 0x00007ffc940ecac1 UE4Editor-Core.dll!UnknownFunction []
[2019.04.22-18.49.40:360][202]LogWindows: Error: [Callstack] 0x00007ffcdbe94034 KERNEL32.DLL!UnknownFunction []
[2019.04.22-18.49.40:360][202]LogWindows: Error: [Callstack] 0x00007ffcdbfe3691 ntdll.dll!UnknownFunction []
[2019.04.22-18.49.40:360][202]LogWindows: Error: 
[2019.04.22-18.49.40:361][202]LogWindows: Error: 
[2019.04.22-18.49.40:361][202]LogWindows: Error: 
[2019.04.22-18.49.40:361][202]LogWindows: Error: 
[2019.04.22-18.49.40:387][202]LogExit: Executing StaticShutdownAfterError
[2019.04.22-18.49.40:392][202]LogWindows: FPlatformMisc::RequestExit(1)
[2019.04.22-18.49.40:395][202]Log file closed, 04/22/19 11:49:40
