Log file open, 09/17/17 13:36:06
LogWindows: LoadLibraryWithSearchPaths failed for file aqProf.dll. GetLastError=0
LogWindows: LoadLibraryWithSearchPaths failed for file VSPerf140.dll. GetLastError=0
LogWindows: LoadLibraryWithSearchPaths failed for file VtuneApi.dll. GetLastError=0
LogWindows: LoadLibraryWithSearchPaths failed for file VtuneApi32e.dll. GetLastError=0
LogInit: Display: Running engine for game: SkywardMuffin
LogPlatformFile: Not using cached read wrapper
LogInit: Display: RandInit(634245506) SRandInit(634245506).
LogTaskGraph: Started task graph with 5 named threads and 14 total threads with 3 sets of task threads.
LogStats: Stats thread started at 0.169287
LogD3D11RHI: Aftermath initialized
LogPluginManager: Mounting plugin Paper2D
LogPluginManager: Mounting plugin LightPropagationVolume
LogPluginManager: Mounting plugin CodeLiteSourceCodeAccess
LogPluginManager: Mounting plugin GitSourceControl
LogPluginManager: Mounting plugin KDevelopSourceCodeAccess
LogPluginManager: Mounting plugin NullSourceCodeAccess
LogPluginManager: Mounting plugin PerforceSourceControl
LogPluginManager: Mounting plugin SubversionSourceControl
LogPluginManager: Mounting plugin UObjectPlugin
LogPluginManager: Mounting plugin VisualStudioSourceCodeAccess
LogPluginManager: Mounting plugin XCodeSourceCodeAccess
LogPluginManager: Mounting plugin AssetManagerEditor
LogPluginManager: Mounting plugin AudioCapture
LogPluginManager: Mounting plugin FacialAnimation
LogPluginManager: Mounting plugin GameplayTagsEditor
LogPluginManager: Mounting plugin MobileLauncherProfileWizard
LogPluginManager: Mounting plugin PluginBrowser
LogPluginManager: Mounting plugin SpeedTreeImporter
LogPluginManager: Mounting plugin AlembicImporter
LogPluginManager: Mounting plugin CharacterAI
LogPluginManager: Mounting plugin HTML5Networking
LogPluginManager: Mounting plugin AndroidMedia
LogPluginManager: Mounting plugin AvfMedia
LogPluginManager: Mounting plugin MediaPlayerEditor
LogPluginManager: Mounting plugin WmfMedia
LogPluginManager: Mounting plugin TcpMessaging
LogPluginManager: Mounting plugin UdpMessaging
LogPluginManager: Mounting plugin LevelSequenceEditor
LogPluginManager: Mounting plugin MatineeToLevelSequence
LogPluginManager: Mounting plugin OnlineSubsystemGooglePlay
LogPluginManager: Mounting plugin OnlineSubsystemIOS
LogPluginManager: Mounting plugin OnlineSubsystem
LogPluginManager: Mounting plugin OnlineSubsystemNull
LogPluginManager: Mounting plugin OnlineSubsystemUtils
LogPluginManager: Mounting plugin AndroidDeviceProfileSelector
LogPluginManager: Mounting plugin AndroidMoviePlayer
LogPluginManager: Mounting plugin AndroidPermission
LogPluginManager: Mounting plugin AppleMoviePlayer
LogPluginManager: Mounting plugin ArchVisCharacter
LogPluginManager: Mounting plugin CableComponent
LogPluginManager: Mounting plugin CustomMeshComponent
LogPluginManager: Mounting plugin ExampleDeviceProfileSelector
LogPluginManager: Mounting plugin GoogleCloudMessaging
LogPluginManager: Mounting plugin ImmediatePhysics
LogPluginManager: Mounting plugin IOSDeviceProfileSelector
LogPluginManager: Mounting plugin LinuxDeviceProfileSelector
LogPluginManager: Mounting plugin LocationServicesBPLibrary
LogPluginManager: Mounting plugin MobilePatchingUtils
LogPluginManager: Mounting plugin OculusVR
LogPluginManager: Mounting plugin PhysXVehicles
LogPluginManager: Mounting plugin ProceduralMeshComponent
LogPluginManager: Mounting plugin RuntimePhysXCooking
LogPluginManager: Mounting plugin SteamVR
LogPluginManager: Mounting plugin WindowsMoviePlayer
LogInit: Using libcurl 7.47.1
LogInit:  - built for x86_64-pc-win32
LogInit:  - supports SSL with OpenSSL/1.0.2g
LogInit:  - supports HTTP deflate (compression) using libz 1.2.8
LogInit:  - other features:
LogInit:      CURL_VERSION_SSL
LogInit:      CURL_VERSION_LIBZ
LogInit:      CURL_VERSION_IPV6
LogInit:      CURL_VERSION_ASYNCHDNS
LogInit:      CURL_VERSION_LARGEFILE
LogInit:      CURL_VERSION_IDN
LogInit:  CurlRequestOptions (configurable via config and command line):
LogInit:  - bVerifyPeer = false  - Libcurl will NOT verify peer certificate
LogInit:  - bUseHttpProxy = false  - Libcurl will NOT use HTTP proxy
LogInit:  - bDontReuseConnections = false  - Libcurl will reuse connections
LogInit:  - CertBundlePath = nullptr  - Libcurl will use whatever was configured at build time.
LogInit: Build: ++UE4+Release-4.17-CL-3586342
LogInit: Engine Version: 4.17.1-3586342+++UE4+Release-4.17
LogInit: Compatible Engine Version: 4.17.0-3573198+++UE4+Release-4.17
LogInit: Net CL: 3573198
LogDevObjectVersion: Number of dev versions registered: 16
LogDevObjectVersion:   Dev-Blueprints (B0D832E4-1F89-4F0D-ACCF-7EB736FD4AA2): 10
LogDevObjectVersion:   Dev-Build (E1C64328-A22C-4D53-A36C-8E866417BD8C): 0
LogDevObjectVersion:   Dev-Core (375EC13C-06E4-48FB-B500-84F0262A717E): 2
LogDevObjectVersion:   Dev-Editor (E4B068ED-F494-42E9-A231-DA0B2E46BB41): 20
LogDevObjectVersion:   Dev-Framework (CFFC743F-43B0-4480-9391-14DF171D2073): 28
LogDevObjectVersion:   Dev-Mobile (B02B49B5-BB20-44E9-A304-32B752E40360): 0
LogDevObjectVersion:   Dev-Networking (A4E4105C-59A1-49B5-A7C5-40C4547EDFEE): 0
LogDevObjectVersion:   Dev-Online (39C831C9-5AE6-47DC-9A44-9C173E1C8E7C): 0
LogDevObjectVersion:   Dev-Physics (78F01B33-EBEA-4F98-B9B4-84EACCB95AA2): 0
LogDevObjectVersion:   Dev-Platform (6631380F-2D4D-43E0-8009-CF276956A95A): 0
LogDevObjectVersion:   Dev-Rendering (12F88B9F-8875-4AFC-A67C-D90C383ABD29): 19
LogDevObjectVersion:   Dev-Sequencer (7B5AE74C-D270-4C10-A958-57980B212A5A): 4
LogDevObjectVersion:   Dev-VR (D7296918-1DD6-4BDD-9DE2-64A83CC13884): 0
LogDevObjectVersion:   Dev-LoadTimes (C2A15278-BFE7-4AFE-6C17-90FF531DF755): 1
LogDevObjectVersion:   Private-Geometry (6EACA3D4-40EC-4CC1-B786-8BED09428FC5): 1
LogDevObjectVersion:   Dev-AnimPhys (29E575DD-E0A3-4627-9D10-D276232CDCEA): 7
LogInit: Compiled (64-bit): Aug 15 2017 02:05:26
LogInit: Compiled with Visual C++: 19.00.24215.01
LogInit: Build Configuration: Development
LogInit: Branch Name: ++UE4+Release-4.17
LogInit: Command line:  
LogInit: Base directory: C:/Program Files/Epic Games/UE_4.17/Engine/Binaries/Win64/
LogInit: Installed Engine Build: 1
LogInit: Presizing for max 8388607 objects, including 0 objects not considered by GC, pre-allocating 0 bytes for permanent pool.
LogInit: Object subsystem initialized
[2017.09.17-03.36.07:510][  0]LogInit: Selected Device Profile: [Windows]
[2017.09.17-03.36.07:510][  0]LogInit: Applying CVar settings loaded from the selected device profile: [Windows]
[2017.09.17-03.36.07:521][  0]LogInit: Computer: DESKTOP-IBGBMK1
[2017.09.17-03.36.07:521][  0]LogInit: User: tommy
[2017.09.17-03.36.07:521][  0]LogInit: CPU Page size=4096, Cores=4
[2017.09.17-03.36.07:521][  0]LogInit: High frequency timer resolution =2.437502 MHz
[2017.09.17-03.36.07:521][  0]LogMemory: Memory total: Physical=7.9GB (8GB approx)
[2017.09.17-03.36.07:521][  0]LogMemory: Platform Memory Stats for Windows
[2017.09.17-03.36.07:521][  0]LogMemory: Process Physical Memory: 278.10 MB used, 278.10 MB peak
[2017.09.17-03.36.07:521][  0]LogMemory: Process Virtual Memory: 273.94 MB used, 273.94 MB peak
[2017.09.17-03.36.07:521][  0]LogMemory: Physical Memory: 5884.30 MB used,  2171.41 MB free, 8055.70 MB total
[2017.09.17-03.36.07:521][  0]LogMemory: Virtual Memory: 667.91 MB used,  2171.41 MB free, 134217728.00 MB total
[2017.09.17-03.36.07:712][  0]LogInit: Using OS detected language (en-US).
[2017.09.17-03.36.07:712][  0]LogInit: Using OS detected locale (en-AU).
[2017.09.17-03.36.07:715][  0]LogTextLocalizationManager: No specific localization for 'en-US' exists, so the 'en' localization will be used.
[2017.09.17-03.36.08:445][  0]LogD3D11RHI: D3D11 adapters:
[2017.09.17-03.36.08:491][  0]LogD3D11RHI:    0. 'NVIDIA GeForce GTX 1050 Ti' (Feature Level 11_0)
[2017.09.17-03.36.08:491][  0]LogD3D11RHI:       1974/0/4027 MB DedicatedVideo/DedicatedSystem/SharedSystem, Outputs:1, VendorId:0x10de
[2017.09.17-03.36.08:497][  0]LogD3D11RHI:    1. 'Intel(R) HD Graphics 630' (Feature Level 11_0)
[2017.09.17-03.36.08:497][  0]LogD3D11RHI:       128/0/4027 MB DedicatedVideo/DedicatedSystem/SharedSystem, Outputs:0, VendorId:0x8086
[2017.09.17-03.36.08:498][  0]LogD3D11RHI:    2. 'Microsoft Basic Render Driver' (Feature Level 11_0)
[2017.09.17-03.36.08:498][  0]LogD3D11RHI:       0/0/4027 MB DedicatedVideo/DedicatedSystem/SharedSystem, Outputs:0, VendorId:0x1414
[2017.09.17-03.36.08:498][  0]LogD3D11RHI: Chosen D3D11 Adapter: 0
[2017.09.17-03.36.08:505][  0]LogD3D11RHI: Creating new Direct3DDevice
[2017.09.17-03.36.08:505][  0]LogD3D11RHI:     GPU DeviceId: 0x1c8c (for the marketing name, search the web for "GPU Device Id")
[2017.09.17-03.36.08:505][  0]LogWindows: EnumDisplayDevices:
[2017.09.17-03.36.08:505][  0]LogWindows:    0. 'Intel(R) HD Graphics 630' (P:1 D:1)
[2017.09.17-03.36.08:505][  0]LogWindows:    1. 'Intel(R) HD Graphics 630' (P:0 D:0)
[2017.09.17-03.36.08:505][  0]LogWindows:    2. 'Intel(R) HD Graphics 630' (P:0 D:0)
[2017.09.17-03.36.08:505][  0]LogWindows: DebugString: PrimaryIsNotTheChoosenAdapter PrimaryIsNotTheChoosenAdapter PrimaryIsNotTheChoosenAdapter FoundDriverCount:0 
[2017.09.17-03.36.08:505][  0]LogD3D11RHI:     Adapter Name: NVIDIA GeForce GTX 1050 Ti
[2017.09.17-03.36.08:505][  0]LogD3D11RHI:   Driver Version: Unknown (internal:Unknown, unified:Unknown)
[2017.09.17-03.36.08:505][  0]LogD3D11RHI:      Driver Date: Unknown
[2017.09.17-03.36.08:506][  0]LogRHI: Texture pool is 1361 MB (70% of 1945 MB)
[2017.09.17-03.36.08:528][  0]LogD3D11RHI: Async texture creation enabled
[2017.09.17-03.36.08:542][  0]LogD3D11RHI: GPU Timing Frequency: 1000.000000 (Debug: 2 1)
[2017.09.17-03.36.08:543][  0]LogShaderCompilers: Guid format shader working directory is -14 characters bigger than the processId version (../../../../../../Users/tommy/Desktop/SkywardMuffinComplete/Intermediate/Shaders/WorkingDirectory/16044/).
[2017.09.17-03.36.08:543][  0]LogShaderCompilers: Cleaned the shader compiler working directory 'C:/Users/tommy/AppData/Local/Temp/UnrealShaderWorkingDir/B3B6CB0F4A77116AFFDE71949B0ED4A0/'.
[2017.09.17-03.36.08:543][  0]LogShaderCompilers: Display: Using Local Shader Compiler.
[2017.09.17-03.36.09:423][  0]LogTemp: Display: Loaded TP AllDesktopTargetPlatform
[2017.09.17-03.36.09:472][  0]LogTemp: Display: Loaded TP MacClientTargetPlatform
[2017.09.17-03.36.09:521][  0]LogTemp: Display: Loaded TP MacNoEditorTargetPlatform
[2017.09.17-03.36.09:570][  0]LogTemp: Display: Loaded TP MacServerTargetPlatform
[2017.09.17-03.36.09:621][  0]LogTemp: Display: Loaded TP MacTargetPlatform
[2017.09.17-03.36.09:671][  0]LogTemp: Display: Loaded TP WindowsClientTargetPlatform
[2017.09.17-03.36.09:722][  0]LogTemp: Display: Loaded TP WindowsNoEditorTargetPlatform
[2017.09.17-03.36.09:772][  0]LogTemp: Display: Loaded TP WindowsServerTargetPlatform
[2017.09.17-03.36.09:819][  0]LogTemp: Display: Loaded TP WindowsTargetPlatform
[2017.09.17-03.36.09:867][  0]LogTemp: Display: Loaded TP AndroidTargetPlatform
[2017.09.17-03.36.09:921][  0]LogTemp: Display: Loaded TP Android_ASTCTargetPlatform
[2017.09.17-03.36.09:974][  0]LogTemp: Display: Loaded TP Android_ATCTargetPlatform
[2017.09.17-03.36.10:024][  0]LogTemp: Display: Loaded TP Android_DXTTargetPlatform
[2017.09.17-03.36.10:071][  0]LogTemp: Display: Loaded TP Android_ETC1TargetPlatform
[2017.09.17-03.36.10:122][  0]LogTemp: Display: Loaded TP Android_ETC2TargetPlatform
[2017.09.17-03.36.10:219][  0]LogTemp: Display: Loaded TP Android_MultiTargetPlatform
[2017.09.17-03.36.10:219][  0]LogTemp: Display: Loaded TP Android_PVRTCTargetPlatform
[2017.09.17-03.36.10:260][  0]LogTemp: Display: Loaded TP HTML5TargetPlatform
[2017.09.17-03.36.10:351][  0]LogTemp: Display: Loaded TP IOSTargetPlatform
[2017.09.17-03.36.10:380][  0]LogTemp: Display: Loaded TP TVOSTargetPlatform
[2017.09.17-03.36.10:434][  0]LogTemp: Display: Loaded TP LinuxClientTargetPlatform
[2017.09.17-03.36.10:513][  0]LogTemp: Display: Loaded TP LinuxNoEditorTargetPlatform
[2017.09.17-03.36.10:568][  0]LogTemp: Display: Loaded TP LinuxServerTargetPlatform
[2017.09.17-03.36.10:625][  0]LogTemp: Display: Loaded TP LinuxTargetPlatform
[2017.09.17-03.36.10:625][  0]LogTargetPlatformManager: Display: Building Assets For Windows
[2017.09.17-03.36.11:140][  0]LogDerivedDataCache: Display: Max Cache Size: 512 MB
[2017.09.17-03.36.11:287][  0]LogDerivedDataCache: Loaded boot cache 0.15s 93MB C:/Users/tommy/AppData/Local/UnrealEngine/4.17/DerivedDataCache/Boot.ddc.
[2017.09.17-03.36.11:287][  0]LogDerivedDataCache: Display: Loaded Boot cache: C:/Users/tommy/AppData/Local/UnrealEngine/4.17/DerivedDataCache/Boot.ddc
[2017.09.17-03.36.11:287][  0]LogDerivedDataCache: FDerivedDataBackendGraph:  Pak pak cache file ../../../../../../Users/tommy/Desktop/SkywardMuffinComplete/DerivedDataCache/DDC.ddp not found, will not use a pak cache.
[2017.09.17-03.36.11:287][  0]LogDerivedDataCache: Unable to find inner node Pak for hierarchical cache Hierarchy.
[2017.09.17-03.36.11:287][  0]LogDerivedDataCache: FDerivedDataBackendGraph:  CompressedPak pak cache file ../../../../../../Users/tommy/Desktop/SkywardMuffinComplete/DerivedDataCache/Compressed.ddp not found, will not use a pak cache.
[2017.09.17-03.36.11:287][  0]LogDerivedDataCache: Unable to find inner node CompressedPak for hierarchical cache Hierarchy.
[2017.09.17-03.36.11:304][  0]LogDerivedDataCache: Display: Pak cache opened for reading ../../../Engine/DerivedDataCache/Compressed.ddp.
[2017.09.17-03.36.11:315][  0]LogDerivedDataCache: Using Local data cache path C:/Users/tommy/AppData/Local/UnrealEngine/Common/DerivedDataCache: Writable
[2017.09.17-03.36.11:326][  0]LogMaterial: Verifying Global Shaders for PCD3D_SM5
[2017.09.17-03.36.11:326][  0]LogSlate: Using Freetype 2.6.0
[2017.09.17-03.36.11:326][  0]LogSlate: SlateFontCache - WITH_FREETYPE: 1, WITH_HARFBUZZ: 1
[2017.09.17-03.36.11:326][  0]LogSlate: SlateFontCache - WITH_FREETYPE: 1, WITH_HARFBUZZ: 1
[2017.09.17-03.36.11:588][  0]LogAssetRegistry: FAssetRegistry took 0.0256 seconds to start up
[2017.09.17-03.36.11:701][  0]LogInit: Selected Device Profile: [Windows]
[2017.09.17-03.36.11:883][  0]LogContentStreaming: Texture pool size is 0.00 MB
[2017.09.17-03.36.12:178][  0]LogSimplygon: Simplygon DLL not present - disabling.
[2017.09.17-03.36.12:217][  0]LogMeshReduction: Using SimplygonSwarm for distributed automatic mesh merging
[2017.09.17-03.36.12:217][  0]LogMeshReduction: Using QuadricMeshReduction for automatic static mesh reduction
[2017.09.17-03.36.12:217][  0]LogMeshReduction: No automatic skeletal mesh reduction module available
[2017.09.17-03.36.12:217][  0]LogMeshReduction: No automatic mesh merging module available
[2017.09.17-03.36.12:217][  0]LogMeshMerging: No automatic mesh merging module available
[2017.09.17-03.36.12:605][  0]LogNetVersion: SkywardMuffin , NetCL: 3573198, EngineNetVer: 2, GameNetVer: 0 (Checksum: 110979575)
[2017.09.17-03.36.12:831][  0]LogPackageLocalizationCache: Processed 5 localized package path(s) for 2 prioritized culture(s) in 0.051254 seconds
[2017.09.17-03.36.12:837][  0]LogUObjectArray: 35825 objects as part of root set at end of initial load.
[2017.09.17-03.36.12:837][  0]LogUObjectAllocator: 7529112 out of 0 bytes used by permanent object pool.
[2017.09.17-03.36.12:837][  0]LogUObjectArray: CloseDisregardForGC: 0/0 objects in disregard for GC pool
[2017.09.17-03.36.12:897][  0]LogInit: WinSock: version 1.1 (2.2), MaxSocks=32767, MaxUdp=65467
[2017.09.17-03.36.15:604][  0]LogTcpMessaging: Initializing TcpMessaging bridge
[2017.09.17-03.36.15:655][  0]LogUdpMessaging: Initializing bridge on interface 0.0.0.0:0 to multicast group 230.0.0.1:6666.
[2017.09.17-03.36.16:283][  0]LogMaterial: Uniform references updated for custom material expression Custom.
[2017.09.17-03.36.16:683][  0]SourceControl: Source control is disabled
[2017.09.17-03.36.16:683][  0]SourceControl: Source control is disabled
[2017.09.17-03.36.16:730][  0]SourceControl: Source control is disabled
[2017.09.17-03.36.16:778][  0]SourceControl: Source control is disabled
[2017.09.17-03.36.17:348][  0]LogAndroidPermission: UAndroidPermissionCallbackProxy::GetInstance
[2017.09.17-03.36.17:585][  0]LogOcInput: OculusInput pre-init called
[2017.09.17-03.36.17:849][  0]LogEngine: Initializing Engine...
[2017.09.17-03.36.17:851][  0]LogHMD: Failed to initialize OpenVR with code 110
[2017.09.17-03.36.18:088][  0]LogStats: UGameplayTagsManager::ConstructGameplayTagTree: Construct from data asset -  0.000 s
[2017.09.17-03.36.18:088][  0]LogStats: UGameplayTagsManager::ConstructGameplayTagTree: GameplayTagTreeChangedEvent.Broadcast -  0.000 s
[2017.09.17-03.36.18:214][  0]LogAIModule: Creating AISystem for world Untitled
[2017.09.17-03.36.18:221][  0]LogInit: XAudio2 using 'Speakers / Headphones (Conexant SmartAudio HD)' : 2 channels at 48 kHz using 32 bits per sample (channel mask 0x3)
[2017.09.17-03.36.18:237][  0]LogInit: FAudioDevice initialized.
[2017.09.17-03.36.18:323][  0]LogDerivedDataCache: Saved boot cache 0.09s 93MB C:/Users/tommy/AppData/Local/UnrealEngine/4.17/DerivedDataCache/Boot.ddc.
[2017.09.17-03.36.18:335][  0]LogInit: Texture streaming: Enabled
[2017.09.17-03.36.18:446][  0]LogEngineSessionManager: EngineSessionManager initialized
[2017.09.17-03.36.18:662][  0]LogInit: Transaction tracking system initialized
[2017.09.17-03.36.18:960][  0]BlueprintLog: New page: Editor Load
[2017.09.17-03.36.19:844][  0]LocalizationService: Localization service is disabled
[2017.09.17-03.36.20:627][  0]LogConsoleResponse: Display: 
[2017.09.17-03.36.20:801][  0]LogCook: Display: Max memory allowance for cook 16384mb min free memory 0mb
[2017.09.17-03.36.20:801][  0]LogCook: Display: Mobile HDR setting 1
[2017.09.17-03.36.20:801][  0]LogGameplayTags: Display: UGameplayTagsManager::DoneAddingNativeTags. DelegateIsBound: 0
[2017.09.17-03.36.20:827][  0]LogFileCache: Scanning file cache for directory 'C:/Users/tommy/Desktop/SkywardMuffinComplete/Content/' took 0.02s
[2017.09.17-03.36.21:980][  0]SourceControl: Source control is disabled
[2017.09.17-03.36.21:980][  0]Cmd: MAP LOAD FILE="../../../../../../Users/tommy/Desktop/SkywardMuffinComplete/Content/SkywardMuffin/Maps/TutorialMap.umap" TEMPLATE=0 SHOWPROGRESS=1 FEATURELEVEL=3
[2017.09.17-03.36.21:981][  0]LightingResults: New page: Lighting Build
[2017.09.17-03.36.22:020][  0]MapCheck: New page: Map Check
[2017.09.17-03.36.22:020][  0]LightingResults: New page: Lighting Build
[2017.09.17-03.36.22:329][  0]LogPhysics: Warning: PHYSX: (D:\Build\++UE4+Release-4.17+PhysX_Compile\Sync\Engine\Source\ThirdParty\PhysX\PhysX_3.4\Source\PhysXCooking\src\convex\QuickHullConvexHullLib.cpp 937) eINTERNAL_ERROR : QuickHullConvexHullLib::findSimplex: Simplex input points appers to be coplanar.
[2017.09.17-03.36.22:329][  0]LogPhysics: Warning: PHYSX: (D:\Build\++UE4+Release-4.17+PhysX_Compile\Sync\Engine\Source\ThirdParty\PhysX\PhysX_3.4\Source\PhysXCooking\src\convex\QuickHullConvexHullLib.cpp 937) eINTERNAL_ERROR : QuickHullConvexHullLib::findSimplex: Simplex input points appers to be coplanar.
[2017.09.17-03.36.22:329][  0]LogPhysics: Warning: Failed to cook convex: /Game/SkywardMuffin/Meshes/SM_Plane.SM_Plane 0 (FlipX:0). The remaining elements will not get cooked.
[2017.09.17-03.36.22:329][  0]LogPhysics: Warning: PHYSX: (D:\Build\++UE4+Release-4.17+PhysX_Compile\Sync\Engine\Source\ThirdParty\PhysX\PhysX_3.4\Source\PhysXCooking\src\convex\QuickHullConvexHullLib.cpp 937) eINTERNAL_ERROR : QuickHullConvexHullLib::findSimplex: Simplex input points appers to be coplanar.
[2017.09.17-03.36.22:329][  0]LogPhysics: Warning: PHYSX: (D:\Build\++UE4+Release-4.17+PhysX_Compile\Sync\Engine\Source\ThirdParty\PhysX\PhysX_3.4\Source\PhysXCooking\src\convex\QuickHullConvexHullLib.cpp 937) eINTERNAL_ERROR : QuickHullConvexHullLib::findSimplex: Simplex input points appers to be coplanar.
[2017.09.17-03.36.22:329][  0]LogPhysics: Warning: Failed to cook convex: /Game/SkywardMuffin/Meshes/SM_Plane.SM_Plane 0 (FlipX:1). The remaining elements will not get cooked.
[2017.09.17-03.36.22:329][  0]LogPhysics: Warning: Attempt to build physics data for /Game/SkywardMuffin/Meshes/SM_Plane.SM_Plane:BodySetup_0 when we are unable to.
[2017.09.17-03.36.22:438][  0]LogAIModule: Creating AISystem for world TutorialMap
[2017.09.17-03.36.22:444][  0]LogEditorServer: Finished looking for orphan Actors (0.000 secs)
[2017.09.17-03.36.22:458][  0]Cmd: MAP CHECKDEP NOCLEARLOG
[2017.09.17-03.36.22:507][  0]MapCheck: Map check complete: 0 Error(s), 0 Warning(s), took 49.127ms to complete.
[2017.09.17-03.36.22:507][  0]LogFileHelpers: Loading map 'TutorialMap' took 0.527
[2017.09.17-03.36.22:634][  0]LogCollectionManager: Loaded 0 collections in 0.001967 seconds
[2017.09.17-03.36.22:708][  0]LogFileCache: Scanning file cache for directory 'C:/Users/tommy/Desktop/SkywardMuffinComplete/Saved/Collections/' took 0.01s
[2017.09.17-03.36.22:708][  0]LogFileCache: Scanning file cache for directory 'C:/Users/tommy/Desktop/SkywardMuffinComplete/Content/Developers/tommy/Collections/' took 0.01s
[2017.09.17-03.36.22:708][  0]LogFileCache: Scanning file cache for directory 'C:/Users/tommy/Desktop/SkywardMuffinComplete/Content/Collections/' took 0.01s
[2017.09.17-03.36.22:708][  0]LogCollectionManager: Rebuilt the GUID cache for 0 collections in 0.000000 seconds
[2017.09.17-03.36.22:717][  0]LogContentBrowser: Native class hierarchy populated in 0.0088 seconds. Added 2386 classes and 500 folders.
[2017.09.17-03.36.22:778][  0]LogContentBrowser: Native class hierarchy updated for 'WidgetCarousel' in 0.0006 seconds. Added 0 classes and 0 folders.
[2017.09.17-03.36.22:819][  0]LogContentBrowser: Native class hierarchy updated for 'AddContentDialog' in 0.0007 seconds. Added 0 classes and 0 folders.
[2017.09.17-03.36.22:861][  0]LogContentBrowser: Native class hierarchy updated for 'SceneOutliner' in 0.0007 seconds. Added 1 classes and 2 folders.
[2017.09.17-03.36.22:929][  0]LogSlate: Took 0.000222 seconds to synchronously load lazily loaded font '../../../Engine/Content/Slate/Fonts/Roboto-Regular.ttf' (155K)
[2017.09.17-03.36.22:932][  0]LogSlate: Took 0.000203 seconds to synchronously load lazily loaded font '../../../Engine/Content/Slate/Fonts/Roboto-Bold.ttf' (160K)
[2017.09.17-03.36.22:937][  0]LogSlate: Took 0.000280 seconds to synchronously load lazily loaded font '../../../Engine/Content/Editor/Slate/Fonts/FontAwesome.ttf' (139K)
[2017.09.17-03.36.23:093][  0]LogRenderer: Reallocating scene render targets to support 1112x628 Format 10 NumSamples 1 (Frame:1).
[2017.09.17-03.36.23:332][  0]LogContentBrowser: Native class hierarchy updated for 'HierarchicalLODOutliner' in 0.0007 seconds. Added 1 classes and 2 folders.
[2017.09.17-03.36.23:332][  0]LogLoad: (Engine Initialization) Total time: 17.36 seconds
[2017.09.17-03.36.23:332][  0]LogLoad: (Engine Initialization) Total Blueprint compile time: 0.00 seconds
[2017.09.17-03.36.23:332][  0]LogExternalProfiler: No external profilers were discovered.  External profiling features will not be available.
[2017.09.17-03.36.23:691][  0]LogContentStreaming: Texture pool size now 1000 MB
[2017.09.17-03.36.23:721][  0]LogSlate: Took 0.000181 seconds to synchronously load lazily loaded font '../../../Engine/Content/Slate/Fonts/Roboto-Light.ttf' (159K)
[2017.09.17-03.36.24:010][  1]LogAssetRegistry: Asset discovery search completed in 12.4431 seconds
[2017.09.17-03.36.24:012][  1]LogCollectionManager: Rebuilt the object cache for 0 collections in 0.000000 seconds (found 0 objects)
[2017.09.17-03.36.24:012][  1]LogCollectionManager: Fixed up redirectors for 0 collections in 0.000055 seconds (updated 0 objects)
[2017.09.17-03.36.50:917][737]LogSlate: Took 0.000184 seconds to synchronously load lazily loaded font '../../../Engine/Content/Slate/Fonts/Roboto-Light.ttf' (159K)
[2017.09.17-03.36.51:305][737]LogContentBrowser: Native class hierarchy updated for 'BlueprintGraph' in 0.0010 seconds. Added 113 classes and 0 folders.
[2017.09.17-03.36.51:925][737]LogSlate: Took 0.000137 seconds to synchronously load lazily loaded font '../../../Engine/Content/Slate/Fonts/Roboto-Regular.ttf' (155K)
[2017.09.17-03.36.51:992][737]LogSlate: Took 0.000184 seconds to synchronously load lazily loaded font '../../../Engine/Content/Editor/Slate/Fonts/Roboto-BoldCondensed.ttf' (158K)
[2017.09.17-03.36.52:101][738]LogSlate: Took 0.000311 seconds to synchronously load lazily loaded font '../../../Engine/Content/Editor/Slate/Fonts/Roboto-Italic.ttf' (157K)
[2017.09.17-03.37.04:454][445]BlueprintLog: New page: Compile BP_GameCamera
[2017.09.17-03.37.05:221][466]LogSavePackage: Save=74.66ms
[2017.09.17-03.37.05:221][466]LogSavePackage: Moving '../../../../../../Users/tommy/Desktop/SkywardMuffinComplete/Saved/BP_GameCamera9580361740EDB785A5D47D9231841A27.tmp' to '../../../../../../Users/tommy/Desktop/SkywardMuffinComplete/Content/SkywardMuffin/Blueprints/BP_GameCamera.uasset'
[2017.09.17-03.37.05:224][466]LogSavePackage: Display: Finished SavePackage ../../../../../../Users/tommy/Desktop/SkywardMuffinComplete/Content/SkywardMuffin/Blueprints/BP_GameCamera.uasset
[2017.09.17-03.37.08:096][633]LogTemp: Repeating last play command: Selected Viewport
[2017.09.17-03.37.08:142][633]LogBlueprintUserMessages: Early PlayInEditor Detection: Level '/Game/SkywardMuffin/Maps/TutorialMap.TutorialMap:PersistentLevel' has LevelScriptBlueprint '/Game/SkywardMuffin/Maps/TutorialMap.TutorialMap:PersistentLevel.TutorialMap' with GeneratedClass '/Game/SkywardMuffin/Maps/TutorialMap.TutorialMap_C' with ClassGeneratedBy '/Game/SkywardMuffin/Maps/TutorialMap.TutorialMap:PersistentLevel.TutorialMap'
[2017.09.17-03.37.08:142][633]LogPlayLevel: PlayLevel: No blueprints needed recompiling
[2017.09.17-03.37.08:142][633]PIE: New page: PIE session: TutorialMap (17 Sep 2017 11:37:08 pm)
[2017.09.17-03.37.08:142][633]LogPlayLevel: Creating play world package: /Game/SkywardMuffin/Maps/UEDPIE_0_TutorialMap
[2017.09.17-03.37.08:145][633]LogPlayLevel: PIE: StaticDuplicateObject took: (0.002716s)
[2017.09.17-03.37.08:145][633]LogAIModule: Creating AISystem for world TutorialMap
[2017.09.17-03.37.08:146][633]LogPlayLevel: PIE: World Init took: (0.000677s)
[2017.09.17-03.37.08:146][633]LogPlayLevel: PIE: Created PIE world by copying editor world from /Game/SkywardMuffin/Maps/TutorialMap.TutorialMap to /Game/SkywardMuffin/Maps/UEDPIE_0_TutorialMap.TutorialMap (0.003650s)
[2017.09.17-03.37.08:163][633]LogInit: XAudio2 using 'Speakers / Headphones (Conexant SmartAudio HD)' : 2 channels at 48 kHz using 32 bits per sample (channel mask 0x3)
[2017.09.17-03.37.08:171][633]LogInit: FAudioDevice initialized.
[2017.09.17-03.37.08:213][633]LogLoad: Game class is 'GM_Tutorial_C'
[2017.09.17-03.37.08:215][633]LogWorld: Bringing World /Game/SkywardMuffin/Maps/UEDPIE_0_TutorialMap.TutorialMap up for play (max tick rate 60) at 2017.09.17-13.37.08
[2017.09.17-03.37.08:216][633]LogWorld: Bringing up level for play took: 0.001208
[2017.09.17-03.37.08:257][633]LogContentBrowser: Native class hierarchy updated for 'MovieSceneCapture' in 0.0006 seconds. Added 11 classes and 0 folders.
[2017.09.17-03.37.08:260][633]Cmd: ShowFlag.Tonemapper 0
[2017.09.17-03.37.08:260][633]ShowFlag.Tonemapper = "0"
[2017.09.17-03.37.08:261][633]LogPhysics: Warning: PopulatePhysXGeometryAndTransform(Convex): ConvexElem is missing ConvexMesh
[2017.09.17-03.37.08:261][633]LogPhysics: Warning: ForeachShape(Convex): [/Game/SkywardMuffin/Meshes/SM_Plane.SM_Plane] ScaledElem[0] invalid
[2017.09.17-03.37.08:261][633]LogPhysics: Warning: PopulatePhysXGeometryAndTransform(Convex): ConvexElem is missing ConvexMesh
[2017.09.17-03.37.08:261][633]LogPhysics: Warning: ForeachShape(Convex): [/Game/SkywardMuffin/Meshes/SM_Plane.SM_Plane] ScaledElem[0] invalid
[2017.09.17-03.37.08:261][633]LogPhysics: Warning: PopulatePhysXGeometryAndTransform(Convex): ConvexElem is missing ConvexMesh
[2017.09.17-03.37.08:262][633]LogPhysics: Warning: ForeachShape(Convex): [/Game/SkywardMuffin/Meshes/SM_Plane.SM_Plane] ScaledElem[0] invalid
[2017.09.17-03.37.08:262][633]LogPhysics: Warning: PopulatePhysXGeometryAndTransform(Convex): ConvexElem is missing ConvexMesh
[2017.09.17-03.37.08:262][633]LogPhysics: Warning: ForeachShape(Convex): [/Game/SkywardMuffin/Meshes/SM_Plane.SM_Plane] ScaledElem[0] invalid
[2017.09.17-03.37.08:262][633]LogPhysics: Warning: PopulatePhysXGeometryAndTransform(Convex): ConvexElem is missing ConvexMesh
[2017.09.17-03.37.08:262][633]LogPhysics: Warning: ForeachShape(Convex): [/Game/SkywardMuffin/Meshes/SM_Plane.SM_Plane] ScaledElem[0] invalid
[2017.09.17-03.37.08:263][633]LogPhysics: Warning: PopulatePhysXGeometryAndTransform(Convex): ConvexElem is missing ConvexMesh
[2017.09.17-03.37.08:263][633]LogPhysics: Warning: ForeachShape(Convex): [/Game/SkywardMuffin/Meshes/SM_Plane.SM_Plane] ScaledElem[0] invalid
[2017.09.17-03.37.08:263][633]LogPhysics: Warning: PopulatePhysXGeometryAndTransform(Convex): ConvexElem is missing ConvexMesh
[2017.09.17-03.37.08:263][633]LogPhysics: Warning: ForeachShape(Convex): [/Game/SkywardMuffin/Meshes/SM_Plane.SM_Plane] ScaledElem[0] invalid
[2017.09.17-03.37.08:264][633]PIE: Play in editor start time for /Game/SkywardMuffin/Maps/UEDPIE_0_TutorialMap 0.697
[2017.09.17-03.37.08:264][633]LogBlueprintUserMessages: Late PlayInEditor Detection: Level '/Game/SkywardMuffin/Maps/TutorialMap.TutorialMap:PersistentLevel' has LevelScriptBlueprint '/Game/SkywardMuffin/Maps/TutorialMap.TutorialMap:PersistentLevel.TutorialMap' with GeneratedClass '/Game/SkywardMuffin/Maps/TutorialMap.TutorialMap_C' with ClassGeneratedBy '/Game/SkywardMuffin/Maps/TutorialMap.TutorialMap:PersistentLevel.TutorialMap'
[2017.09.17-03.37.11:683][835]LogPhysics: Warning: PopulatePhysXGeometryAndTransform(Convex): ConvexElem is missing ConvexMesh
[2017.09.17-03.37.11:684][835]LogPhysics: Warning: ForeachShape(Convex): [/Game/SkywardMuffin/Meshes/SM_Plane.SM_Plane] ScaledElem[0] invalid
[2017.09.17-03.37.11:684][835]LogPhysics: Warning: PopulatePhysXGeometryAndTransform(Convex): ConvexElem is missing ConvexMesh
[2017.09.17-03.37.11:684][835]LogPhysics: Warning: ForeachShape(Convex): [/Game/SkywardMuffin/Meshes/SM_Plane.SM_Plane] ScaledElem[0] invalid
[2017.09.17-03.37.12:384][877]LogPhysics: Warning: PopulatePhysXGeometryAndTransform(Convex): ConvexElem is missing ConvexMesh
[2017.09.17-03.37.12:384][877]LogPhysics: Warning: ForeachShape(Convex): [/Game/SkywardMuffin/Meshes/SM_Plane.SM_Plane] ScaledElem[0] invalid
[2017.09.17-03.37.12:384][877]LogPhysics: Warning: PopulatePhysXGeometryAndTransform(Convex): ConvexElem is missing ConvexMesh
[2017.09.17-03.37.12:384][877]LogPhysics: Warning: ForeachShape(Convex): [/Game/SkywardMuffin/Meshes/SM_Plane.SM_Plane] ScaledElem[0] invalid
[2017.09.17-03.37.13:617][951]LogPhysics: Warning: PopulatePhysXGeometryAndTransform(Convex): ConvexElem is missing ConvexMesh
[2017.09.17-03.37.13:617][951]LogPhysics: Warning: ForeachShape(Convex): [/Game/SkywardMuffin/Meshes/SM_Plane.SM_Plane] ScaledElem[0] invalid
[2017.09.17-03.37.13:617][951]LogPhysics: Warning: PopulatePhysXGeometryAndTransform(Convex): ConvexElem is missing ConvexMesh
[2017.09.17-03.37.13:617][951]LogPhysics: Warning: ForeachShape(Convex): [/Game/SkywardMuffin/Meshes/SM_Plane.SM_Plane] ScaledElem[0] invalid
[2017.09.17-03.37.14:200][986]LogPhysics: Warning: PopulatePhysXGeometryAndTransform(Convex): ConvexElem is missing ConvexMesh
[2017.09.17-03.37.14:200][986]LogPhysics: Warning: ForeachShape(Convex): [/Game/SkywardMuffin/Meshes/SM_Plane.SM_Plane] ScaledElem[0] invalid
[2017.09.17-03.37.14:201][986]LogPhysics: Warning: PopulatePhysXGeometryAndTransform(Convex): ConvexElem is missing ConvexMesh
[2017.09.17-03.37.14:201][986]LogPhysics: Warning: ForeachShape(Convex): [/Game/SkywardMuffin/Meshes/SM_Plane.SM_Plane] ScaledElem[0] invalid
[2017.09.17-03.37.14:800][ 22]LogPhysics: Warning: PopulatePhysXGeometryAndTransform(Convex): ConvexElem is missing ConvexMesh
[2017.09.17-03.37.14:800][ 22]LogPhysics: Warning: ForeachShape(Convex): [/Game/SkywardMuffin/Meshes/SM_Plane.SM_Plane] ScaledElem[0] invalid
[2017.09.17-03.37.14:801][ 22]LogPhysics: Warning: PopulatePhysXGeometryAndTransform(Convex): ConvexElem is missing ConvexMesh
[2017.09.17-03.37.14:801][ 22]LogPhysics: Warning: ForeachShape(Convex): [/Game/SkywardMuffin/Meshes/SM_Plane.SM_Plane] ScaledElem[0] invalid
[2017.09.17-03.37.15:317][ 53]LogPhysics: Warning: PopulatePhysXGeometryAndTransform(Convex): ConvexElem is missing ConvexMesh
[2017.09.17-03.37.15:317][ 53]LogPhysics: Warning: ForeachShape(Convex): [/Game/SkywardMuffin/Meshes/SM_Plane.SM_Plane] ScaledElem[0] invalid
[2017.09.17-03.37.15:317][ 53]LogPhysics: Warning: PopulatePhysXGeometryAndTransform(Convex): ConvexElem is missing ConvexMesh
[2017.09.17-03.37.15:318][ 53]LogPhysics: Warning: ForeachShape(Convex): [/Game/SkywardMuffin/Meshes/SM_Plane.SM_Plane] ScaledElem[0] invalid
[2017.09.17-03.37.16:251][109]LogPhysics: Warning: PopulatePhysXGeometryAndTransform(Convex): ConvexElem is missing ConvexMesh
[2017.09.17-03.37.16:251][109]LogPhysics: Warning: ForeachShape(Convex): [/Game/SkywardMuffin/Meshes/SM_Plane.SM_Plane] ScaledElem[0] invalid
[2017.09.17-03.37.16:251][109]LogPhysics: Warning: PopulatePhysXGeometryAndTransform(Convex): ConvexElem is missing ConvexMesh
[2017.09.17-03.37.16:251][109]LogPhysics: Warning: ForeachShape(Convex): [/Game/SkywardMuffin/Meshes/SM_Plane.SM_Plane] ScaledElem[0] invalid
[2017.09.17-03.37.16:700][136]LogPhysics: Warning: PopulatePhysXGeometryAndTransform(Convex): ConvexElem is missing ConvexMesh
[2017.09.17-03.37.16:700][136]LogPhysics: Warning: ForeachShape(Convex): [/Game/SkywardMuffin/Meshes/SM_Plane.SM_Plane] ScaledElem[0] invalid
[2017.09.17-03.37.16:701][136]LogPhysics: Warning: PopulatePhysXGeometryAndTransform(Convex): ConvexElem is missing ConvexMesh
[2017.09.17-03.37.16:701][136]LogPhysics: Warning: ForeachShape(Convex): [/Game/SkywardMuffin/Meshes/SM_Plane.SM_Plane] ScaledElem[0] invalid
[2017.09.17-03.37.17:200][166]LogPhysics: Warning: PopulatePhysXGeometryAndTransform(Convex): ConvexElem is missing ConvexMesh
[2017.09.17-03.37.17:201][166]LogPhysics: Warning: ForeachShape(Convex): [/Game/SkywardMuffin/Meshes/SM_Plane.SM_Plane] ScaledElem[0] invalid
[2017.09.17-03.37.17:201][166]LogPhysics: Warning: PopulatePhysXGeometryAndTransform(Convex): ConvexElem is missing ConvexMesh
[2017.09.17-03.37.17:201][166]LogPhysics: Warning: ForeachShape(Convex): [/Game/SkywardMuffin/Meshes/SM_Plane.SM_Plane] ScaledElem[0] invalid
[2017.09.17-03.37.18:234][228]LogPhysics: Warning: PopulatePhysXGeometryAndTransform(Convex): ConvexElem is missing ConvexMesh
[2017.09.17-03.37.18:234][228]LogPhysics: Warning: ForeachShape(Convex): [/Game/SkywardMuffin/Meshes/SM_Plane.SM_Plane] ScaledElem[0] invalid
[2017.09.17-03.37.18:234][228]LogPhysics: Warning: PopulatePhysXGeometryAndTransform(Convex): ConvexElem is missing ConvexMesh
[2017.09.17-03.37.18:234][228]LogPhysics: Warning: ForeachShape(Convex): [/Game/SkywardMuffin/Meshes/SM_Plane.SM_Plane] ScaledElem[0] invalid
[2017.09.17-03.37.18:884][267]LogPhysics: Warning: PopulatePhysXGeometryAndTransform(Convex): ConvexElem is missing ConvexMesh
[2017.09.17-03.37.18:884][267]LogPhysics: Warning: ForeachShape(Convex): [/Game/SkywardMuffin/Meshes/SM_Plane.SM_Plane] ScaledElem[0] invalid
[2017.09.17-03.37.18:885][267]LogPhysics: Warning: PopulatePhysXGeometryAndTransform(Convex): ConvexElem is missing ConvexMesh
[2017.09.17-03.37.18:885][267]LogPhysics: Warning: ForeachShape(Convex): [/Game/SkywardMuffin/Meshes/SM_Plane.SM_Plane] ScaledElem[0] invalid
[2017.09.17-03.37.19:484][303]LogPhysics: Warning: PopulatePhysXGeometryAndTransform(Convex): ConvexElem is missing ConvexMesh
[2017.09.17-03.37.19:484][303]LogPhysics: Warning: ForeachShape(Convex): [/Game/SkywardMuffin/Meshes/SM_Plane.SM_Plane] ScaledElem[0] invalid
[2017.09.17-03.37.19:485][303]LogPhysics: Warning: PopulatePhysXGeometryAndTransform(Convex): ConvexElem is missing ConvexMesh
[2017.09.17-03.37.19:485][303]LogPhysics: Warning: ForeachShape(Convex): [/Game/SkywardMuffin/Meshes/SM_Plane.SM_Plane] ScaledElem[0] invalid
[2017.09.17-03.37.20:551][367]LogPhysics: Warning: PopulatePhysXGeometryAndTransform(Convex): ConvexElem is missing ConvexMesh
[2017.09.17-03.37.20:551][367]LogPhysics: Warning: ForeachShape(Convex): [/Game/SkywardMuffin/Meshes/SM_Plane.SM_Plane] ScaledElem[0] invalid
[2017.09.17-03.37.20:553][367]LogPhysics: Warning: PopulatePhysXGeometryAndTransform(Convex): ConvexElem is missing ConvexMesh
[2017.09.17-03.37.20:553][367]LogPhysics: Warning: ForeachShape(Convex): [/Game/SkywardMuffin/Meshes/SM_Plane.SM_Plane] ScaledElem[0] invalid
[2017.09.17-03.37.21:051][397]LogPhysics: Warning: PopulatePhysXGeometryAndTransform(Convex): ConvexElem is missing ConvexMesh
[2017.09.17-03.37.21:051][397]LogPhysics: Warning: ForeachShape(Convex): [/Game/SkywardMuffin/Meshes/SM_Plane.SM_Plane] ScaledElem[0] invalid
[2017.09.17-03.37.21:053][397]LogPhysics: Warning: PopulatePhysXGeometryAndTransform(Convex): ConvexElem is missing ConvexMesh
[2017.09.17-03.37.21:053][397]LogPhysics: Warning: ForeachShape(Convex): [/Game/SkywardMuffin/Meshes/SM_Plane.SM_Plane] ScaledElem[0] invalid
[2017.09.17-03.37.22:453][481]LogPhysics: Warning: PopulatePhysXGeometryAndTransform(Convex): ConvexElem is missing ConvexMesh
[2017.09.17-03.37.22:453][481]LogPhysics: Warning: ForeachShape(Convex): [/Game/SkywardMuffin/Meshes/SM_Plane.SM_Plane] ScaledElem[0] invalid
[2017.09.17-03.37.22:453][481]LogPhysics: Warning: PopulatePhysXGeometryAndTransform(Convex): ConvexElem is missing ConvexMesh
[2017.09.17-03.37.22:453][481]LogPhysics: Warning: ForeachShape(Convex): [/Game/SkywardMuffin/Meshes/SM_Plane.SM_Plane] ScaledElem[0] invalid
[2017.09.17-03.37.23:003][514]LogPhysics: Warning: PopulatePhysXGeometryAndTransform(Convex): ConvexElem is missing ConvexMesh
[2017.09.17-03.37.23:003][514]LogPhysics: Warning: ForeachShape(Convex): [/Game/SkywardMuffin/Meshes/SM_Plane.SM_Plane] ScaledElem[0] invalid
[2017.09.17-03.37.23:004][514]LogPhysics: Warning: PopulatePhysXGeometryAndTransform(Convex): ConvexElem is missing ConvexMesh
[2017.09.17-03.37.23:004][514]LogPhysics: Warning: ForeachShape(Convex): [/Game/SkywardMuffin/Meshes/SM_Plane.SM_Plane] ScaledElem[0] invalid
[2017.09.17-03.37.23:553][547]LogPhysics: Warning: PopulatePhysXGeometryAndTransform(Convex): ConvexElem is missing ConvexMesh
[2017.09.17-03.37.23:553][547]LogPhysics: Warning: ForeachShape(Convex): [/Game/SkywardMuffin/Meshes/SM_Plane.SM_Plane] ScaledElem[0] invalid
[2017.09.17-03.37.23:554][547]LogPhysics: Warning: PopulatePhysXGeometryAndTransform(Convex): ConvexElem is missing ConvexMesh
[2017.09.17-03.37.23:554][547]LogPhysics: Warning: ForeachShape(Convex): [/Game/SkywardMuffin/Meshes/SM_Plane.SM_Plane] ScaledElem[0] invalid
[2017.09.17-03.37.24:054][577]LogPhysics: Warning: PopulatePhysXGeometryAndTransform(Convex): ConvexElem is missing ConvexMesh
[2017.09.17-03.37.24:054][577]LogPhysics: Warning: ForeachShape(Convex): [/Game/SkywardMuffin/Meshes/SM_Plane.SM_Plane] ScaledElem[0] invalid
[2017.09.17-03.37.24:055][577]LogPhysics: Warning: PopulatePhysXGeometryAndTransform(Convex): ConvexElem is missing ConvexMesh
[2017.09.17-03.37.24:055][577]LogPhysics: Warning: ForeachShape(Convex): [/Game/SkywardMuffin/Meshes/SM_Plane.SM_Plane] ScaledElem[0] invalid
[2017.09.17-03.37.24:538][606]LogPhysics: Warning: PopulatePhysXGeometryAndTransform(Convex): ConvexElem is missing ConvexMesh
[2017.09.17-03.37.24:538][606]LogPhysics: Warning: ForeachShape(Convex): [/Game/SkywardMuffin/Meshes/SM_Plane.SM_Plane] ScaledElem[0] invalid
[2017.09.17-03.37.24:538][606]LogPhysics: Warning: PopulatePhysXGeometryAndTransform(Convex): ConvexElem is missing ConvexMesh
[2017.09.17-03.37.24:539][606]LogPhysics: Warning: ForeachShape(Convex): [/Game/SkywardMuffin/Meshes/SM_Plane.SM_Plane] ScaledElem[0] invalid
[2017.09.17-03.37.25:171][644]LogPhysics: Warning: PopulatePhysXGeometryAndTransform(Convex): ConvexElem is missing ConvexMesh
[2017.09.17-03.37.25:171][644]LogPhysics: Warning: ForeachShape(Convex): [/Game/SkywardMuffin/Meshes/SM_Plane.SM_Plane] ScaledElem[0] invalid
[2017.09.17-03.37.25:172][644]LogPhysics: Warning: PopulatePhysXGeometryAndTransform(Convex): ConvexElem is missing ConvexMesh
[2017.09.17-03.37.25:172][644]LogPhysics: Warning: ForeachShape(Convex): [/Game/SkywardMuffin/Meshes/SM_Plane.SM_Plane] ScaledElem[0] invalid
[2017.09.17-03.37.26:121][701]LogPhysics: Warning: PopulatePhysXGeometryAndTransform(Convex): ConvexElem is missing ConvexMesh
[2017.09.17-03.37.26:122][701]LogPhysics: Warning: ForeachShape(Convex): [/Game/SkywardMuffin/Meshes/SM_Plane.SM_Plane] ScaledElem[0] invalid
[2017.09.17-03.37.26:122][701]LogPhysics: Warning: PopulatePhysXGeometryAndTransform(Convex): ConvexElem is missing ConvexMesh
[2017.09.17-03.37.26:122][701]LogPhysics: Warning: ForeachShape(Convex): [/Game/SkywardMuffin/Meshes/SM_Plane.SM_Plane] ScaledElem[0] invalid
[2017.09.17-03.37.26:672][734]LogPhysics: Warning: PopulatePhysXGeometryAndTransform(Convex): ConvexElem is missing ConvexMesh
[2017.09.17-03.37.26:672][734]LogPhysics: Warning: ForeachShape(Convex): [/Game/SkywardMuffin/Meshes/SM_Plane.SM_Plane] ScaledElem[0] invalid
[2017.09.17-03.37.26:672][734]LogPhysics: Warning: PopulatePhysXGeometryAndTransform(Convex): ConvexElem is missing ConvexMesh
[2017.09.17-03.37.26:672][734]LogPhysics: Warning: ForeachShape(Convex): [/Game/SkywardMuffin/Meshes/SM_Plane.SM_Plane] ScaledElem[0] invalid
[2017.09.17-03.37.27:355][775]LogPhysics: Warning: PopulatePhysXGeometryAndTransform(Convex): ConvexElem is missing ConvexMesh
[2017.09.17-03.37.27:355][775]LogPhysics: Warning: ForeachShape(Convex): [/Game/SkywardMuffin/Meshes/SM_Plane.SM_Plane] ScaledElem[0] invalid
[2017.09.17-03.37.27:356][775]LogPhysics: Warning: PopulatePhysXGeometryAndTransform(Convex): ConvexElem is missing ConvexMesh
[2017.09.17-03.37.27:356][775]LogPhysics: Warning: ForeachShape(Convex): [/Game/SkywardMuffin/Meshes/SM_Plane.SM_Plane] ScaledElem[0] invalid
[2017.09.17-03.37.32:506][ 84]LogPhysics: Warning: PopulatePhysXGeometryAndTransform(Convex): ConvexElem is missing ConvexMesh
[2017.09.17-03.37.32:506][ 84]LogPhysics: Warning: ForeachShape(Convex): [/Game/SkywardMuffin/Meshes/SM_Plane.SM_Plane] ScaledElem[0] invalid
[2017.09.17-03.37.32:506][ 84]LogPhysics: Warning: PopulatePhysXGeometryAndTransform(Convex): ConvexElem is missing ConvexMesh
[2017.09.17-03.37.32:506][ 84]LogPhysics: Warning: ForeachShape(Convex): [/Game/SkywardMuffin/Meshes/SM_Plane.SM_Plane] ScaledElem[0] invalid
[2017.09.17-03.37.32:507][ 84]LogPhysics: Warning: PopulatePhysXGeometryAndTransform(Convex): ConvexElem is missing ConvexMesh
[2017.09.17-03.37.32:507][ 84]LogPhysics: Warning: ForeachShape(Convex): [/Game/SkywardMuffin/Meshes/SM_Plane.SM_Plane] ScaledElem[0] invalid
[2017.09.17-03.37.32:507][ 84]LogPhysics: Warning: PopulatePhysXGeometryAndTransform(Convex): ConvexElem is missing ConvexMesh
[2017.09.17-03.37.32:507][ 84]LogPhysics: Warning: ForeachShape(Convex): [/Game/SkywardMuffin/Meshes/SM_Plane.SM_Plane] ScaledElem[0] invalid
[2017.09.17-03.37.32:508][ 84]LogPhysics: Warning: PopulatePhysXGeometryAndTransform(Convex): ConvexElem is missing ConvexMesh
[2017.09.17-03.37.32:508][ 84]LogPhysics: Warning: ForeachShape(Convex): [/Game/SkywardMuffin/Meshes/SM_Plane.SM_Plane] ScaledElem[0] invalid
[2017.09.17-03.37.32:508][ 84]LogPhysics: Warning: PopulatePhysXGeometryAndTransform(Convex): ConvexElem is missing ConvexMesh
[2017.09.17-03.37.32:508][ 84]LogPhysics: Warning: ForeachShape(Convex): [/Game/SkywardMuffin/Meshes/SM_Plane.SM_Plane] ScaledElem[0] invalid
[2017.09.17-03.37.32:508][ 84]LogPhysics: Warning: PopulatePhysXGeometryAndTransform(Convex): ConvexElem is missing ConvexMesh
[2017.09.17-03.37.32:508][ 84]LogPhysics: Warning: ForeachShape(Convex): [/Game/SkywardMuffin/Meshes/SM_Plane.SM_Plane] ScaledElem[0] invalid
[2017.09.17-03.37.34:757][219]LogPhysics: Warning: PopulatePhysXGeometryAndTransform(Convex): ConvexElem is missing ConvexMesh
[2017.09.17-03.37.34:757][219]LogPhysics: Warning: ForeachShape(Convex): [/Game/SkywardMuffin/Meshes/SM_Plane.SM_Plane] ScaledElem[0] invalid
[2017.09.17-03.37.34:757][219]LogPhysics: Warning: PopulatePhysXGeometryAndTransform(Convex): ConvexElem is missing ConvexMesh
[2017.09.17-03.37.34:757][219]LogPhysics: Warning: ForeachShape(Convex): [/Game/SkywardMuffin/Meshes/SM_Plane.SM_Plane] ScaledElem[0] invalid
[2017.09.17-03.37.36:223][307]LogPhysics: Warning: PopulatePhysXGeometryAndTransform(Convex): ConvexElem is missing ConvexMesh
[2017.09.17-03.37.36:223][307]LogPhysics: Warning: ForeachShape(Convex): [/Game/SkywardMuffin/Meshes/SM_Plane.SM_Plane] ScaledElem[0] invalid
[2017.09.17-03.37.36:224][307]LogPhysics: Warning: PopulatePhysXGeometryAndTransform(Convex): ConvexElem is missing ConvexMesh
[2017.09.17-03.37.36:224][307]LogPhysics: Warning: ForeachShape(Convex): [/Game/SkywardMuffin/Meshes/SM_Plane.SM_Plane] ScaledElem[0] invalid
[2017.09.17-03.37.36:774][340]LogPhysics: Warning: PopulatePhysXGeometryAndTransform(Convex): ConvexElem is missing ConvexMesh
[2017.09.17-03.37.36:774][340]LogPhysics: Warning: ForeachShape(Convex): [/Game/SkywardMuffin/Meshes/SM_Plane.SM_Plane] ScaledElem[0] invalid
[2017.09.17-03.37.36:774][340]LogPhysics: Warning: PopulatePhysXGeometryAndTransform(Convex): ConvexElem is missing ConvexMesh
[2017.09.17-03.37.36:774][340]LogPhysics: Warning: ForeachShape(Convex): [/Game/SkywardMuffin/Meshes/SM_Plane.SM_Plane] ScaledElem[0] invalid
[2017.09.17-03.37.37:407][378]LogPhysics: Warning: PopulatePhysXGeometryAndTransform(Convex): ConvexElem is missing ConvexMesh
[2017.09.17-03.37.37:407][378]LogPhysics: Warning: ForeachShape(Convex): [/Game/SkywardMuffin/Meshes/SM_Plane.SM_Plane] ScaledElem[0] invalid
[2017.09.17-03.37.37:407][378]LogPhysics: Warning: PopulatePhysXGeometryAndTransform(Convex): ConvexElem is missing ConvexMesh
[2017.09.17-03.37.37:407][378]LogPhysics: Warning: ForeachShape(Convex): [/Game/SkywardMuffin/Meshes/SM_Plane.SM_Plane] ScaledElem[0] invalid
[2017.09.17-03.37.38:007][414]LogPhysics: Warning: PopulatePhysXGeometryAndTransform(Convex): ConvexElem is missing ConvexMesh
[2017.09.17-03.37.38:007][414]LogPhysics: Warning: ForeachShape(Convex): [/Game/SkywardMuffin/Meshes/SM_Plane.SM_Plane] ScaledElem[0] invalid
[2017.09.17-03.37.38:007][414]LogPhysics: Warning: PopulatePhysXGeometryAndTransform(Convex): ConvexElem is missing ConvexMesh
[2017.09.17-03.37.38:007][414]LogPhysics: Warning: ForeachShape(Convex): [/Game/SkywardMuffin/Meshes/SM_Plane.SM_Plane] ScaledElem[0] invalid
[2017.09.17-03.37.39:124][481]LogPhysics: Warning: PopulatePhysXGeometryAndTransform(Convex): ConvexElem is missing ConvexMesh
[2017.09.17-03.37.39:124][481]LogPhysics: Warning: ForeachShape(Convex): [/Game/SkywardMuffin/Meshes/SM_Plane.SM_Plane] ScaledElem[0] invalid
[2017.09.17-03.37.39:124][481]LogPhysics: Warning: PopulatePhysXGeometryAndTransform(Convex): ConvexElem is missing ConvexMesh
[2017.09.17-03.37.39:124][481]LogPhysics: Warning: ForeachShape(Convex): [/Game/SkywardMuffin/Meshes/SM_Plane.SM_Plane] ScaledElem[0] invalid
[2017.09.17-03.37.39:840][524]LogPhysics: Warning: PopulatePhysXGeometryAndTransform(Convex): ConvexElem is missing ConvexMesh
[2017.09.17-03.37.39:840][524]LogPhysics: Warning: ForeachShape(Convex): [/Game/SkywardMuffin/Meshes/SM_Plane.SM_Plane] ScaledElem[0] invalid
[2017.09.17-03.37.39:841][524]LogPhysics: Warning: PopulatePhysXGeometryAndTransform(Convex): ConvexElem is missing ConvexMesh
[2017.09.17-03.37.39:841][524]LogPhysics: Warning: ForeachShape(Convex): [/Game/SkywardMuffin/Meshes/SM_Plane.SM_Plane] ScaledElem[0] invalid
[2017.09.17-03.37.40:324][553]LogPhysics: Warning: PopulatePhysXGeometryAndTransform(Convex): ConvexElem is missing ConvexMesh
[2017.09.17-03.37.40:324][553]LogPhysics: Warning: ForeachShape(Convex): [/Game/SkywardMuffin/Meshes/SM_Plane.SM_Plane] ScaledElem[0] invalid
[2017.09.17-03.37.40:325][553]LogPhysics: Warning: PopulatePhysXGeometryAndTransform(Convex): ConvexElem is missing ConvexMesh
[2017.09.17-03.37.40:325][553]LogPhysics: Warning: ForeachShape(Convex): [/Game/SkywardMuffin/Meshes/SM_Plane.SM_Plane] ScaledElem[0] invalid
[2017.09.17-03.37.40:875][586]LogPhysics: Warning: PopulatePhysXGeometryAndTransform(Convex): ConvexElem is missing ConvexMesh
[2017.09.17-03.37.40:875][586]LogPhysics: Warning: ForeachShape(Convex): [/Game/SkywardMuffin/Meshes/SM_Plane.SM_Plane] ScaledElem[0] invalid
[2017.09.17-03.37.40:875][586]LogPhysics: Warning: PopulatePhysXGeometryAndTransform(Convex): ConvexElem is missing ConvexMesh
[2017.09.17-03.37.40:875][586]LogPhysics: Warning: ForeachShape(Convex): [/Game/SkywardMuffin/Meshes/SM_Plane.SM_Plane] ScaledElem[0] invalid
[2017.09.17-03.37.41:441][620]LogPhysics: Warning: PopulatePhysXGeometryAndTransform(Convex): ConvexElem is missing ConvexMesh
[2017.09.17-03.37.41:441][620]LogPhysics: Warning: ForeachShape(Convex): [/Game/SkywardMuffin/Meshes/SM_Plane.SM_Plane] ScaledElem[0] invalid
[2017.09.17-03.37.41:441][620]LogPhysics: Warning: PopulatePhysXGeometryAndTransform(Convex): ConvexElem is missing ConvexMesh
[2017.09.17-03.37.41:441][620]LogPhysics: Warning: ForeachShape(Convex): [/Game/SkywardMuffin/Meshes/SM_Plane.SM_Plane] ScaledElem[0] invalid
[2017.09.17-03.37.42:041][656]LogPhysics: Warning: PopulatePhysXGeometryAndTransform(Convex): ConvexElem is missing ConvexMesh
[2017.09.17-03.37.42:041][656]LogPhysics: Warning: ForeachShape(Convex): [/Game/SkywardMuffin/Meshes/SM_Plane.SM_Plane] ScaledElem[0] invalid
[2017.09.17-03.37.42:042][656]LogPhysics: Warning: PopulatePhysXGeometryAndTransform(Convex): ConvexElem is missing ConvexMesh
[2017.09.17-03.37.42:042][656]LogPhysics: Warning: ForeachShape(Convex): [/Game/SkywardMuffin/Meshes/SM_Plane.SM_Plane] ScaledElem[0] invalid
[2017.09.17-03.37.42:508][684]LogPhysics: Warning: PopulatePhysXGeometryAndTransform(Convex): ConvexElem is missing ConvexMesh
[2017.09.17-03.37.42:508][684]LogPhysics: Warning: ForeachShape(Convex): [/Game/SkywardMuffin/Meshes/SM_Plane.SM_Plane] ScaledElem[0] invalid
[2017.09.17-03.37.42:509][684]LogPhysics: Warning: PopulatePhysXGeometryAndTransform(Convex): ConvexElem is missing ConvexMesh
[2017.09.17-03.37.42:509][684]LogPhysics: Warning: ForeachShape(Convex): [/Game/SkywardMuffin/Meshes/SM_Plane.SM_Plane] ScaledElem[0] invalid
[2017.09.17-03.37.42:975][712]LogPhysics: Warning: PopulatePhysXGeometryAndTransform(Convex): ConvexElem is missing ConvexMesh
[2017.09.17-03.37.42:975][712]LogPhysics: Warning: ForeachShape(Convex): [/Game/SkywardMuffin/Meshes/SM_Plane.SM_Plane] ScaledElem[0] invalid
[2017.09.17-03.37.42:975][712]LogPhysics: Warning: PopulatePhysXGeometryAndTransform(Convex): ConvexElem is missing ConvexMesh
[2017.09.17-03.37.42:975][712]LogPhysics: Warning: ForeachShape(Convex): [/Game/SkywardMuffin/Meshes/SM_Plane.SM_Plane] ScaledElem[0] invalid
[2017.09.17-03.37.43:442][740]LogPhysics: Warning: PopulatePhysXGeometryAndTransform(Convex): ConvexElem is missing ConvexMesh
[2017.09.17-03.37.43:442][740]LogPhysics: Warning: ForeachShape(Convex): [/Game/SkywardMuffin/Meshes/SM_Plane.SM_Plane] ScaledElem[0] invalid
[2017.09.17-03.37.43:442][740]LogPhysics: Warning: PopulatePhysXGeometryAndTransform(Convex): ConvexElem is missing ConvexMesh
[2017.09.17-03.37.43:442][740]LogPhysics: Warning: ForeachShape(Convex): [/Game/SkywardMuffin/Meshes/SM_Plane.SM_Plane] ScaledElem[0] invalid
[2017.09.17-03.37.44:025][775]LogPhysics: Warning: PopulatePhysXGeometryAndTransform(Convex): ConvexElem is missing ConvexMesh
[2017.09.17-03.37.44:025][775]LogPhysics: Warning: ForeachShape(Convex): [/Game/SkywardMuffin/Meshes/SM_Plane.SM_Plane] ScaledElem[0] invalid
[2017.09.17-03.37.44:025][775]LogPhysics: Warning: PopulatePhysXGeometryAndTransform(Convex): ConvexElem is missing ConvexMesh
[2017.09.17-03.37.44:025][775]LogPhysics: Warning: ForeachShape(Convex): [/Game/SkywardMuffin/Meshes/SM_Plane.SM_Plane] ScaledElem[0] invalid
[2017.09.17-03.37.44:775][820]LogPhysics: Warning: PopulatePhysXGeometryAndTransform(Convex): ConvexElem is missing ConvexMesh
[2017.09.17-03.37.44:775][820]LogPhysics: Warning: ForeachShape(Convex): [/Game/SkywardMuffin/Meshes/SM_Plane.SM_Plane] ScaledElem[0] invalid
[2017.09.17-03.37.44:775][820]LogPhysics: Warning: PopulatePhysXGeometryAndTransform(Convex): ConvexElem is missing ConvexMesh
[2017.09.17-03.37.44:775][820]LogPhysics: Warning: ForeachShape(Convex): [/Game/SkywardMuffin/Meshes/SM_Plane.SM_Plane] ScaledElem[0] invalid
[2017.09.17-03.37.45:859][885]LogPhysics: Warning: PopulatePhysXGeometryAndTransform(Convex): ConvexElem is missing ConvexMesh
[2017.09.17-03.37.45:859][885]LogPhysics: Warning: ForeachShape(Convex): [/Game/SkywardMuffin/Meshes/SM_Plane.SM_Plane] ScaledElem[0] invalid
[2017.09.17-03.37.45:859][885]LogPhysics: Warning: PopulatePhysXGeometryAndTransform(Convex): ConvexElem is missing ConvexMesh
[2017.09.17-03.37.45:860][885]LogPhysics: Warning: ForeachShape(Convex): [/Game/SkywardMuffin/Meshes/SM_Plane.SM_Plane] ScaledElem[0] invalid
[2017.09.17-03.37.46:392][917]LogPhysics: Warning: PopulatePhysXGeometryAndTransform(Convex): ConvexElem is missing ConvexMesh
[2017.09.17-03.37.46:392][917]LogPhysics: Warning: ForeachShape(Convex): [/Game/SkywardMuffin/Meshes/SM_Plane.SM_Plane] ScaledElem[0] invalid
[2017.09.17-03.37.46:392][917]LogPhysics: Warning: PopulatePhysXGeometryAndTransform(Convex): ConvexElem is missing ConvexMesh
[2017.09.17-03.37.46:393][917]LogPhysics: Warning: ForeachShape(Convex): [/Game/SkywardMuffin/Meshes/SM_Plane.SM_Plane] ScaledElem[0] invalid
[2017.09.17-03.37.48:194][ 25]LogPhysics: Warning: PopulatePhysXGeometryAndTransform(Convex): ConvexElem is missing ConvexMesh
[2017.09.17-03.37.48:194][ 25]LogPhysics: Warning: ForeachShape(Convex): [/Game/SkywardMuffin/Meshes/SM_Plane.SM_Plane] ScaledElem[0] invalid
[2017.09.17-03.37.48:194][ 25]LogPhysics: Warning: PopulatePhysXGeometryAndTransform(Convex): ConvexElem is missing ConvexMesh
[2017.09.17-03.37.48:194][ 25]LogPhysics: Warning: ForeachShape(Convex): [/Game/SkywardMuffin/Meshes/SM_Plane.SM_Plane] ScaledElem[0] invalid
[2017.09.17-03.37.48:845][ 64]LogPhysics: Warning: PopulatePhysXGeometryAndTransform(Convex): ConvexElem is missing ConvexMesh
[2017.09.17-03.37.48:845][ 64]LogPhysics: Warning: ForeachShape(Convex): [/Game/SkywardMuffin/Meshes/SM_Plane.SM_Plane] ScaledElem[0] invalid
[2017.09.17-03.37.48:845][ 64]LogPhysics: Warning: PopulatePhysXGeometryAndTransform(Convex): ConvexElem is missing ConvexMesh
[2017.09.17-03.37.48:845][ 64]LogPhysics: Warning: ForeachShape(Convex): [/Game/SkywardMuffin/Meshes/SM_Plane.SM_Plane] ScaledElem[0] invalid
[2017.09.17-03.37.49:644][112]LogPhysics: Warning: PopulatePhysXGeometryAndTransform(Convex): ConvexElem is missing ConvexMesh
[2017.09.17-03.37.49:644][112]LogPhysics: Warning: ForeachShape(Convex): [/Game/SkywardMuffin/Meshes/SM_Plane.SM_Plane] ScaledElem[0] invalid
[2017.09.17-03.37.49:645][112]LogPhysics: Warning: PopulatePhysXGeometryAndTransform(Convex): ConvexElem is missing ConvexMesh
[2017.09.17-03.37.49:645][112]LogPhysics: Warning: ForeachShape(Convex): [/Game/SkywardMuffin/Meshes/SM_Plane.SM_Plane] ScaledElem[0] invalid
[2017.09.17-03.37.50:194][145]LogPhysics: Warning: PopulatePhysXGeometryAndTransform(Convex): ConvexElem is missing ConvexMesh
[2017.09.17-03.37.50:194][145]LogPhysics: Warning: ForeachShape(Convex): [/Game/SkywardMuffin/Meshes/SM_Plane.SM_Plane] ScaledElem[0] invalid
[2017.09.17-03.37.50:194][145]LogPhysics: Warning: PopulatePhysXGeometryAndTransform(Convex): ConvexElem is missing ConvexMesh
[2017.09.17-03.37.50:194][145]LogPhysics: Warning: ForeachShape(Convex): [/Game/SkywardMuffin/Meshes/SM_Plane.SM_Plane] ScaledElem[0] invalid
[2017.09.17-03.37.50:761][179]LogPhysics: Warning: PopulatePhysXGeometryAndTransform(Convex): ConvexElem is missing ConvexMesh
[2017.09.17-03.37.50:761][179]LogPhysics: Warning: ForeachShape(Convex): [/Game/SkywardMuffin/Meshes/SM_Plane.SM_Plane] ScaledElem[0] invalid
[2017.09.17-03.37.50:761][179]LogPhysics: Warning: PopulatePhysXGeometryAndTransform(Convex): ConvexElem is missing ConvexMesh
[2017.09.17-03.37.50:761][179]LogPhysics: Warning: ForeachShape(Convex): [/Game/SkywardMuffin/Meshes/SM_Plane.SM_Plane] ScaledElem[0] invalid
[2017.09.17-03.37.51:369][215]LogPhysics: Warning: PopulatePhysXGeometryAndTransform(Convex): ConvexElem is missing ConvexMesh
[2017.09.17-03.37.51:369][215]LogPhysics: Warning: ForeachShape(Convex): [/Game/SkywardMuffin/Meshes/SM_Plane.SM_Plane] ScaledElem[0] invalid
[2017.09.17-03.37.51:369][215]LogPhysics: Warning: PopulatePhysXGeometryAndTransform(Convex): ConvexElem is missing ConvexMesh
[2017.09.17-03.37.51:369][215]LogPhysics: Warning: ForeachShape(Convex): [/Game/SkywardMuffin/Meshes/SM_Plane.SM_Plane] ScaledElem[0] invalid
[2017.09.17-03.37.51:818][242]LogPhysics: Warning: PopulatePhysXGeometryAndTransform(Convex): ConvexElem is missing ConvexMesh
[2017.09.17-03.37.51:819][242]LogPhysics: Warning: ForeachShape(Convex): [/Game/SkywardMuffin/Meshes/SM_Plane.SM_Plane] ScaledElem[0] invalid
[2017.09.17-03.37.51:819][242]LogPhysics: Warning: PopulatePhysXGeometryAndTransform(Convex): ConvexElem is missing ConvexMesh
[2017.09.17-03.37.51:819][242]LogPhysics: Warning: ForeachShape(Convex): [/Game/SkywardMuffin/Meshes/SM_Plane.SM_Plane] ScaledElem[0] invalid
[2017.09.17-03.37.52:419][278]LogPhysics: Warning: PopulatePhysXGeometryAndTransform(Convex): ConvexElem is missing ConvexMesh
[2017.09.17-03.37.52:419][278]LogPhysics: Warning: ForeachShape(Convex): [/Game/SkywardMuffin/Meshes/SM_Plane.SM_Plane] ScaledElem[0] invalid
[2017.09.17-03.37.52:419][278]LogPhysics: Warning: PopulatePhysXGeometryAndTransform(Convex): ConvexElem is missing ConvexMesh
[2017.09.17-03.37.52:419][278]LogPhysics: Warning: ForeachShape(Convex): [/Game/SkywardMuffin/Meshes/SM_Plane.SM_Plane] ScaledElem[0] invalid
[2017.09.17-03.37.52:802][301]LogBlueprintUserMessages: Early EndPlayMap Detection: Level '/Game/SkywardMuffin/Maps/TutorialMap.TutorialMap:PersistentLevel' has LevelScriptBlueprint '/Game/SkywardMuffin/Maps/TutorialMap.TutorialMap:PersistentLevel.TutorialMap' with GeneratedClass '/Game/SkywardMuffin/Maps/TutorialMap.TutorialMap_C' with ClassGeneratedBy '/Game/SkywardMuffin/Maps/TutorialMap.TutorialMap:PersistentLevel.TutorialMap'
[2017.09.17-03.37.52:835][301]LogBlueprintUserMessages: Late EndPlayMap Detection: Level '/Game/SkywardMuffin/Maps/TutorialMap.TutorialMap:PersistentLevel' has LevelScriptBlueprint '/Game/SkywardMuffin/Maps/TutorialMap.TutorialMap:PersistentLevel.TutorialMap' with GeneratedClass '/Game/SkywardMuffin/Maps/TutorialMap.TutorialMap_C' with ClassGeneratedBy '/Game/SkywardMuffin/Maps/TutorialMap.TutorialMap:PersistentLevel.TutorialMap'
[2017.09.17-03.37.54:416][395]LogTemp: Repeating last play command: Selected Viewport
[2017.09.17-03.37.54:431][395]LogBlueprintUserMessages: Early PlayInEditor Detection: Level '/Game/SkywardMuffin/Maps/TutorialMap.TutorialMap:PersistentLevel' has LevelScriptBlueprint '/Game/SkywardMuffin/Maps/TutorialMap.TutorialMap:PersistentLevel.TutorialMap' with GeneratedClass '/Game/SkywardMuffin/Maps/TutorialMap.TutorialMap_C' with ClassGeneratedBy '/Game/SkywardMuffin/Maps/TutorialMap.TutorialMap:PersistentLevel.TutorialMap'
[2017.09.17-03.37.54:431][395]LogPlayLevel: PlayLevel: No blueprints needed recompiling
[2017.09.17-03.37.54:431][395]PIE: New page: PIE session: TutorialMap (17 Sep 2017 11:37:54 pm)
[2017.09.17-03.37.54:431][395]LogPlayLevel: Creating play world package: /Game/SkywardMuffin/Maps/UEDPIE_0_TutorialMap
[2017.09.17-03.37.54:434][395]LogPlayLevel: PIE: StaticDuplicateObject took: (0.002600s)
[2017.09.17-03.37.54:434][395]LogAIModule: Creating AISystem for world TutorialMap
[2017.09.17-03.37.54:435][395]LogPlayLevel: PIE: World Init took: (0.000693s)
[2017.09.17-03.37.54:435][395]LogPlayLevel: PIE: Created PIE world by copying editor world from /Game/SkywardMuffin/Maps/TutorialMap.TutorialMap to /Game/SkywardMuffin/Maps/UEDPIE_0_TutorialMap.TutorialMap (0.003678s)
[2017.09.17-03.37.54:454][395]LogInit: XAudio2 using 'Speakers / Headphones (Conexant SmartAudio HD)' : 2 channels at 48 kHz using 32 bits per sample (channel mask 0x3)
[2017.09.17-03.37.54:463][395]LogInit: FAudioDevice initialized.
[2017.09.17-03.37.54:496][395]LogLoad: Game class is 'GM_Tutorial_C'
[2017.09.17-03.37.54:498][395]LogWorld: Bringing World /Game/SkywardMuffin/Maps/UEDPIE_0_TutorialMap.TutorialMap up for play (max tick rate 60) at 2017.09.17-13.37.54
[2017.09.17-03.37.54:498][395]LogWorld: Bringing up level for play took: 0.001331
[2017.09.17-03.37.54:500][395]Cmd: ShowFlag.Tonemapper 0
[2017.09.17-03.37.54:501][395]ShowFlag.Tonemapper = "0"
[2017.09.17-03.37.54:501][395]LogPhysics: Warning: PopulatePhysXGeometryAndTransform(Convex): ConvexElem is missing ConvexMesh
[2017.09.17-03.37.54:501][395]LogPhysics: Warning: ForeachShape(Convex): [/Game/SkywardMuffin/Meshes/SM_Plane.SM_Plane] ScaledElem[0] invalid
[2017.09.17-03.37.54:501][395]LogPhysics: Warning: PopulatePhysXGeometryAndTransform(Convex): ConvexElem is missing ConvexMesh
[2017.09.17-03.37.54:501][395]LogPhysics: Warning: ForeachShape(Convex): [/Game/SkywardMuffin/Meshes/SM_Plane.SM_Plane] ScaledElem[0] invalid
[2017.09.17-03.37.54:502][395]LogPhysics: Warning: PopulatePhysXGeometryAndTransform(Convex): ConvexElem is missing ConvexMesh
[2017.09.17-03.37.54:502][395]LogPhysics: Warning: ForeachShape(Convex): [/Game/SkywardMuffin/Meshes/SM_Plane.SM_Plane] ScaledElem[0] invalid
[2017.09.17-03.37.54:502][395]LogPhysics: Warning: PopulatePhysXGeometryAndTransform(Convex): ConvexElem is missing ConvexMesh
[2017.09.17-03.37.54:502][395]LogPhysics: Warning: ForeachShape(Convex): [/Game/SkywardMuffin/Meshes/SM_Plane.SM_Plane] ScaledElem[0] invalid
[2017.09.17-03.37.54:502][395]LogPhysics: Warning: PopulatePhysXGeometryAndTransform(Convex): ConvexElem is missing ConvexMesh
[2017.09.17-03.37.54:502][395]LogPhysics: Warning: ForeachShape(Convex): [/Game/SkywardMuffin/Meshes/SM_Plane.SM_Plane] ScaledElem[0] invalid
[2017.09.17-03.37.54:503][395]LogPhysics: Warning: PopulatePhysXGeometryAndTransform(Convex): ConvexElem is missing ConvexMesh
[2017.09.17-03.37.54:503][395]LogPhysics: Warning: ForeachShape(Convex): [/Game/SkywardMuffin/Meshes/SM_Plane.SM_Plane] ScaledElem[0] invalid
[2017.09.17-03.37.54:503][395]LogPhysics: Warning: PopulatePhysXGeometryAndTransform(Convex): ConvexElem is missing ConvexMesh
[2017.09.17-03.37.54:503][395]LogPhysics: Warning: ForeachShape(Convex): [/Game/SkywardMuffin/Meshes/SM_Plane.SM_Plane] ScaledElem[0] invalid
[2017.09.17-03.37.54:503][395]PIE: Play in editor start time for /Game/SkywardMuffin/Maps/UEDPIE_0_TutorialMap 0.937
[2017.09.17-03.37.54:504][395]LogBlueprintUserMessages: Late PlayInEditor Detection: Level '/Game/SkywardMuffin/Maps/TutorialMap.TutorialMap:PersistentLevel' has LevelScriptBlueprint '/Game/SkywardMuffin/Maps/TutorialMap.TutorialMap:PersistentLevel.TutorialMap' with GeneratedClass '/Game/SkywardMuffin/Maps/TutorialMap.TutorialMap_C' with ClassGeneratedBy '/Game/SkywardMuffin/Maps/TutorialMap.TutorialMap:PersistentLevel.TutorialMap'
[2017.09.17-03.37.54:859][416]LogBlueprintUserMessages: Early EndPlayMap Detection: Level '/Game/SkywardMuffin/Maps/TutorialMap.TutorialMap:PersistentLevel' has LevelScriptBlueprint '/Game/SkywardMuffin/Maps/TutorialMap.TutorialMap:PersistentLevel.TutorialMap' with GeneratedClass '/Game/SkywardMuffin/Maps/TutorialMap.TutorialMap_C' with ClassGeneratedBy '/Game/SkywardMuffin/Maps/TutorialMap.TutorialMap:PersistentLevel.TutorialMap'
[2017.09.17-03.37.54:888][416]LogBlueprintUserMessages: Late EndPlayMap Detection: Level '/Game/SkywardMuffin/Maps/TutorialMap.TutorialMap:PersistentLevel' has LevelScriptBlueprint '/Game/SkywardMuffin/Maps/TutorialMap.TutorialMap:PersistentLevel.TutorialMap' with GeneratedClass '/Game/SkywardMuffin/Maps/TutorialMap.TutorialMap_C' with ClassGeneratedBy '/Game/SkywardMuffin/Maps/TutorialMap.TutorialMap:PersistentLevel.TutorialMap'
[2017.09.17-03.37.56:025][474]LogSavePackage: Save=45.63ms
[2017.09.17-03.37.56:025][474]LogSavePackage: Moving '../../../../../../Users/tommy/Desktop/SkywardMuffinComplete/Saved/TutorialMap967033D346280C27A46C0B84A64969B6.tmp' to '../../../../../../Users/tommy/Desktop/SkywardMuffinComplete/Content/SkywardMuffin/Maps/TutorialMap.umap'
[2017.09.17-03.37.56:028][474]LogSavePackage: Display: Finished SavePackage ../../../../../../Users/tommy/Desktop/SkywardMuffinComplete/Content/SkywardMuffin/Maps/TutorialMap.umap
[2017.09.17-03.37.56:045][474]LogFileHelpers: Saving map 'TutorialMap' took 0.145
[2017.09.17-03.38.01:733][801]LogContentBrowser: Native class hierarchy updated for 'SkeletonEditor' in 0.0006 seconds. Added 1 classes and 2 folders.
[2017.09.17-03.38.01:940][801]LogActorComponent: RegisterComponentWithWorld: (/Engine/Transient.World_8:PersistentLevel.Actor_0.DebugSkelMeshComponent_0) Already registered. Aborting.
[2017.09.17-03.38.02:658][801]LogContentBrowser: Native class hierarchy updated for 'ClothingSystemEditorInterface' in 0.0006 seconds. Added 1 classes and 0 folders.
[2017.09.17-03.38.18:941][741]LogWindowsTextInputMethodSystem: Display: IME system now deactivated.
[2017.09.17-03.38.19:138][742]Cmd: QUIT_EDITOR
[2017.09.17-03.38.19:228][742]LogExit: Preparing to exit.
[2017.09.17-03.38.19:835][742]LogDirectoryWatcher: A directory notification for 'C:/Users/tommy/Desktop/SkywardMuffinComplete/Content/' was aborted.
[2017.09.17-03.38.19:869][742]LogExit: Editor shut down
[2017.09.17-03.38.19:875][742]LogExit: Transaction tracking system shut down
[2017.09.17-03.38.19:982][742]LogDirectoryWatcher: A directory notification for '../../../Engine/Content/' was aborted.
[2017.09.17-03.38.19:982][742]LogDirectoryWatcher: A directory notification for '../../../../../../Users/tommy/Desktop/SkywardMuffinComplete/Content/' was aborted.
[2017.09.17-03.38.19:982][742]LogDirectoryWatcher: A directory notification for '../../../Engine/Plugins/2D/Paper2D/Content/' was aborted.
[2017.09.17-03.38.19:982][742]LogDirectoryWatcher: A directory notification for '../../../Engine/Plugins/Runtime/Oculus/OculusVR/Content/' was aborted.
[2017.09.17-03.38.19:982][742]LogDirectoryWatcher: A directory notification for '../../../Engine/Plugins/Runtime/Steam/SteamVR/Content/' was aborted.
[2017.09.17-03.38.20:092][742]LogExit: Object subsystem successfully closed.
[2017.09.17-03.38.20:120][742]LogD3D11RHI: Shutdown
[2017.09.17-03.38.20:120][742]LogD3D11RHI: CleanupD3DDevice
[2017.09.17-03.38.20:203][742]LogD3D11RHI: ~FD3D11DynamicRHI
[2017.09.17-03.38.20:243][742]LogModuleManager: Shutting down and abandoning module ClothingSystemEditorInterface (542)
[2017.09.17-03.38.20:243][742]LogModuleManager: Shutting down and abandoning module SkeletonEditor (540)
[2017.09.17-03.38.20:243][742]LogModuleManager: Shutting down and abandoning module AnimationBlueprintEditor (538)
[2017.09.17-03.38.20:243][742]LogModuleManager: Shutting down and abandoning module MovieSceneCapture (536)
[2017.09.17-03.38.20:243][742]LogModuleManager: Shutting down and abandoning module BlueprintGraph (534)
[2017.09.17-03.38.20:243][742]LogModuleManager: Shutting down and abandoning module BlueprintProfiler (532)
[2017.09.17-03.38.20:244][742]LogModuleManager: Shutting down and abandoning module HierarchicalLODOutliner (530)
[2017.09.17-03.38.20:244][742]LogModuleManager: Shutting down and abandoning module SceneOutliner (528)
[2017.09.17-03.38.20:244][742]LogModuleManager: Shutting down and abandoning module AddContentDialog (526)
[2017.09.17-03.38.20:245][742]LogDirectoryWatcher: A directory notification for 'C:/Program Files/Epic Games/UE_4.17/FeaturePacks/' was aborted.
[2017.09.17-03.38.20:246][742]LogModuleManager: Shutting down and abandoning module WidgetCarousel (525)
[2017.09.17-03.38.20:246][742]LogModuleManager: Shutting down and abandoning module EditorWidgets (522)
[2017.09.17-03.38.20:246][742]LogModuleManager: Shutting down and abandoning module CollectionManager (520)
[2017.09.17-03.38.20:246][742]LogDirectoryWatcher: A directory notification for 'C:/Users/tommy/Desktop/SkywardMuffinComplete/Content/Collections/' was aborted.
[2017.09.17-03.38.20:246][742]LogDirectoryWatcher: A directory notification for 'C:/Users/tommy/Desktop/SkywardMuffinComplete/Content/Developers/tommy/Collections/' was aborted.
[2017.09.17-03.38.20:246][742]LogDirectoryWatcher: A directory notification for 'C:/Users/tommy/Desktop/SkywardMuffinComplete/Saved/Collections/' was aborted.
[2017.09.17-03.38.20:246][742]LogModuleManager: Shutting down and abandoning module StatsViewer (518)
[2017.09.17-03.38.20:247][742]LogModuleManager: Shutting down and abandoning module FoliageEdit (516)
[2017.09.17-03.38.20:247][742]LogModuleManager: Shutting down and abandoning module LandscapeEditor (514)
[2017.09.17-03.38.20:248][742]LogModuleManager: Shutting down and abandoning module MeshPaintMode (512)
[2017.09.17-03.38.20:248][742]LogModuleManager: Shutting down and abandoning module SceneDepthPickerMode (510)
[2017.09.17-03.38.20:248][742]LogModuleManager: Shutting down and abandoning module ActorPickerMode (508)
[2017.09.17-03.38.20:248][742]LogModuleManager: Shutting down and abandoning module GeometryMode (506)
[2017.09.17-03.38.20:248][742]LogModuleManager: Shutting down and abandoning module TextureAlignMode (504)
[2017.09.17-03.38.20:248][742]LogModuleManager: Shutting down and abandoning module BspMode (502)
[2017.09.17-03.38.20:250][742]LogModuleManager: Shutting down and abandoning module PIEPreviewDeviceProfileSelector (500)
[2017.09.17-03.38.20:250][742]LogModuleManager: Shutting down and abandoning module HardwareSurvey (498)
[2017.09.17-03.38.20:250][742]LogModuleManager: Shutting down and abandoning module SequenceRecorderSections (496)
[2017.09.17-03.38.20:250][742]LogModuleManager: Shutting down and abandoning module AutomationWorker (494)
[2017.09.17-03.38.20:250][742]LogModuleManager: Shutting down and abandoning module MatineeToLevelSequence (492)
[2017.09.17-03.38.20:250][742]LogModuleManager: Shutting down and abandoning module LevelSequenceEditor (490)
[2017.09.17-03.38.20:252][742]LogModuleManager: Shutting down and abandoning module PlacementMode (489)
[2017.09.17-03.38.20:252][742]LogModuleManager: Shutting down and abandoning module WmfMediaFactory (486)
[2017.09.17-03.38.20:252][742]LogModuleManager: Shutting down and abandoning module WmfMediaEditor (484)
[2017.09.17-03.38.20:252][742]LogModuleManager: Shutting down and abandoning module AvfMediaFactory (482)
[2017.09.17-03.38.20:252][742]LogModuleManager: Shutting down and abandoning module AvfMediaEditor (480)
[2017.09.17-03.38.20:252][742]LogModuleManager: Shutting down and abandoning module AndroidMediaFactory (478)
[2017.09.17-03.38.20:252][742]LogModuleManager: Shutting down and abandoning module Media (477)
[2017.09.17-03.38.20:252][742]LogModuleManager: Shutting down and abandoning module AndroidMediaEditor (474)
[2017.09.17-03.38.20:252][742]LogModuleManager: Shutting down and abandoning module CharacterAI (472)
[2017.09.17-03.38.20:252][742]LogModuleManager: Shutting down and abandoning module AudioCapture (470)
[2017.09.17-03.38.20:252][742]LogModuleManager: Shutting down and abandoning module SequenceRecorder (469)
[2017.09.17-03.38.20:252][742]LogModuleManager: Shutting down and abandoning module SmartSnapping (466)
[2017.09.17-03.38.20:253][742]LogModuleManager: Shutting down and abandoning module SessionServices (464)
[2017.09.17-03.38.20:253][742]LogModuleManager: Shutting down and abandoning module ViewportSnapping (462)
[2017.09.17-03.38.20:253][742]LogModuleManager: Shutting down and abandoning module ViewportInteraction (460)
[2017.09.17-03.38.20:253][742]LogModuleManager: Shutting down and abandoning module ClothPainter (458)
[2017.09.17-03.38.20:254][742]LogModuleManager: Shutting down and abandoning module LogVisualizer (456)
[2017.09.17-03.38.20:255][742]LogModuleManager: Shutting down and abandoning module IntroTutorials (454)
[2017.09.17-03.38.20:256][742]LogModuleManager: Shutting down and abandoning module GameProjectGeneration (453)
[2017.09.17-03.38.20:257][742]LogModuleManager: Shutting down and abandoning module IOSPlatformEditor (450)
[2017.09.17-03.38.20:257][742]LogModuleManager: Shutting down and abandoning module HTML5PlatformEditor (448)
[2017.09.17-03.38.20:257][742]LogModuleManager: Shutting down and abandoning module AndroidPlatformEditor (446)
[2017.09.17-03.38.20:257][742]LogModuleManager: Shutting down and abandoning module AndroidDeviceDetection (445)
[2017.09.17-03.38.21:241][742]LogModuleManager: Shutting down and abandoning module WindowsPlatformEditor (442)
[2017.09.17-03.38.21:241][742]LogModuleManager: Shutting down and abandoning module IOSRuntimeSettings (440)
[2017.09.17-03.38.21:241][742]LogModuleManager: Shutting down and abandoning module AndroidRuntimeSettings (438)
[2017.09.17-03.38.21:241][742]LogModuleManager: Shutting down and abandoning module InputBindingEditor (436)
[2017.09.17-03.38.21:241][742]LogModuleManager: Shutting down and abandoning module MergeActors (434)
[2017.09.17-03.38.21:242][742]LogModuleManager: Shutting down and abandoning module SizeMap (432)
[2017.09.17-03.38.21:242][742]LogModuleManager: Shutting down and abandoning module TreeMap (430)
[2017.09.17-03.38.21:242][742]LogModuleManager: Shutting down and abandoning module ReferenceViewer (428)
[2017.09.17-03.38.21:242][742]LogModuleManager: Shutting down and abandoning module LocalizationDashboard (426)
[2017.09.17-03.38.21:243][742]LogModuleManager: Shutting down and abandoning module LocalizationService (425)
[2017.09.17-03.38.21:243][742]LogModuleManager: Shutting down and abandoning module HardwareTargeting (422)
[2017.09.17-03.38.21:243][742]LogModuleManager: Shutting down and abandoning module DeviceProfileEditor (420)
[2017.09.17-03.38.21:244][742]LogModuleManager: Shutting down and abandoning module UndoHistory (418)
[2017.09.17-03.38.21:244][742]LogModuleManager: Shutting down and abandoning module XmlParser (416)
[2017.09.17-03.38.21:244][742]LogModuleManager: Shutting down and abandoning module Blutility (414)
[2017.09.17-03.38.21:244][742]LogModuleManager: Shutting down and abandoning module ProjectSettingsViewer (412)
[2017.09.17-03.38.21:244][742]LogModuleManager: Shutting down and abandoning module ProjectTargetPlatformEditor (411)
[2017.09.17-03.38.21:244][742]LogModuleManager: Shutting down and abandoning module EditorSettingsViewer (408)
[2017.09.17-03.38.21:244][742]LogModuleManager: Shutting down and abandoning module SettingsEditor (406)
[2017.09.17-03.38.21:245][742]LogModuleManager: Shutting down and abandoning module ProjectLauncher (404)
[2017.09.17-03.38.21:245][742]LogModuleManager: Shutting down and abandoning module SessionFrontend (402)
[2017.09.17-03.38.21:245][742]LogModuleManager: Shutting down and abandoning module ProfilerClient (400)
[2017.09.17-03.38.21:246][742]LogModuleManager: Shutting down and abandoning module DeviceManager (398)
[2017.09.17-03.38.21:246][742]LogModuleManager: Shutting down and abandoning module TargetDeviceServices (397)
[2017.09.17-03.38.21:300][742]LogModuleManager: Shutting down and abandoning module AutomationController (394)
[2017.09.17-03.38.21:301][742]LogModuleManager: Shutting down and abandoning module AutomationWindow (392)
[2017.09.17-03.38.21:302][742]LogModuleManager: Shutting down and abandoning module Layers (390)
[2017.09.17-03.38.21:304][742]LogModuleManager: Shutting down and abandoning module ComponentVisualizers (388)
[2017.09.17-03.38.21:304][742]LogModuleManager: Shutting down and abandoning module DetailCustomizations (386)
[2017.09.17-03.38.21:304][742]LogModuleManager: Shutting down and abandoning module PackagesDialog (384)
[2017.09.17-03.38.21:304][742]LogModuleManager: Shutting down and abandoning module Persona (382)
[2017.09.17-03.38.21:305][742]LogModuleManager: Shutting down and abandoning module AdvancedPreviewScene (381)
[2017.09.17-03.38.21:305][742]LogModuleManager: Shutting down and abandoning module AnimGraph (379)
[2017.09.17-03.38.21:305][742]LogModuleManager: Shutting down and abandoning module Kismet (376)
[2017.09.17-03.38.21:313][742]LogModuleManager: Shutting down and abandoning module ClassViewer (374)
[2017.09.17-03.38.21:313][742]LogModuleManager: Shutting down and abandoning module Toolbox (372)
[2017.09.17-03.38.21:313][742]LogModuleManager: Shutting down and abandoning module ModuleUI (370)
[2017.09.17-03.38.21:313][742]LogModuleManager: Shutting down and abandoning module MovieSceneTools (368)
[2017.09.17-03.38.21:314][742]LogModuleManager: Shutting down and abandoning module OutputLog (366)
[2017.09.17-03.38.21:314][742]LogModuleManager: Shutting down and abandoning module GammaUI (364)
[2017.09.17-03.38.21:315][742]LogModuleManager: Shutting down and abandoning module Documentation (362)
[2017.09.17-03.38.21:315][742]LogModuleManager: Shutting down and abandoning module MovieSceneTracks (360)
[2017.09.17-03.38.21:315][742]LogModuleManager: Shutting down and abandoning module MovieScene (358)
[2017.09.17-03.38.21:315][742]LogModuleManager: Shutting down and abandoning module Niagara (356)
[2017.09.17-03.38.21:315][742]LogModuleManager: Shutting down and abandoning module NiagaraEditor (355)
[2017.09.17-03.38.21:318][742]LogModuleManager: Shutting down and abandoning module StreamingPauseRendering (352)
[2017.09.17-03.38.21:318][742]LogModuleManager: Shutting down and abandoning module LauncherPlatform (350)
[2017.09.17-03.38.21:318][742]LogModuleManager: Shutting down and abandoning module AnalyticsET (348)
[2017.09.17-03.38.21:318][742]LogModuleManager: Shutting down and abandoning module PortalServices (346)
[2017.09.17-03.38.21:318][742]LogModuleManager: Shutting down and abandoning module PortalRpc (344)
[2017.09.17-03.38.21:318][742]LogModuleManager: Shutting down and abandoning module MessagingRpc (342)
[2017.09.17-03.38.21:318][742]LogModuleManager: Shutting down and abandoning module AIModule (340)
[2017.09.17-03.38.21:318][742]LogModuleManager: Shutting down and abandoning module GameplayDebugger (339)
[2017.09.17-03.38.21:318][742]LogModuleManager: Shutting down and abandoning module AITestSuite (337)
[2017.09.17-03.38.21:318][742]LogModuleManager: Shutting down and abandoning module ProfilerService (334)
[2017.09.17-03.38.21:437][742]LogModuleManager: Shutting down and abandoning module TaskGraph (332)
[2017.09.17-03.38.21:441][742]LogModuleManager: Shutting down and abandoning module SteamVRController (330)
[2017.09.17-03.38.21:441][742]LogModuleManager: Shutting down and abandoning module ProceduralMeshComponentEditor (328)
[2017.09.17-03.38.21:441][742]LogModuleManager: Shutting down and abandoning module ProceduralMeshComponent (326)
[2017.09.17-03.38.21:441][742]LogModuleManager: Shutting down and abandoning module OculusInput (324)
[2017.09.17-03.38.21:441][742]LogModuleManager: Shutting down and abandoning module MobilePatchingUtils (322)
[2017.09.17-03.38.21:441][742]LogModuleManager: Shutting down and abandoning module CustomMeshComponent (320)
[2017.09.17-03.38.21:441][742]LogModuleManager: Shutting down and abandoning module CableComponent (318)
[2017.09.17-03.38.21:441][742]LogModuleManager: Shutting down and abandoning module ArchVisCharacter (316)
[2017.09.17-03.38.21:441][742]LogModuleManager: Shutting down and abandoning module AndroidPermission (314)
[2017.09.17-03.38.21:441][742]LogModuleManager: Shutting down and abandoning module MediaPlayerEditor (310)
[2017.09.17-03.38.21:443][742]LogModuleManager: Shutting down and abandoning module HTML5Networking (308)
[2017.09.17-03.38.21:443][742]LogModuleManager: Shutting down and abandoning module AlembicImporter (306)
[2017.09.17-03.38.21:444][742]LogModuleManager: Shutting down and abandoning module AlembicLibrary (305)
[2017.09.17-03.38.21:444][742]LogModuleManager: Shutting down and abandoning module GeometryCache (304)
[2017.09.17-03.38.21:444][742]LogModuleManager: Shutting down and abandoning module GeometryCacheEd (303)
[2017.09.17-03.38.21:444][742]LogModuleManager: Shutting down and abandoning module SpeedTreeImporter (298)
[2017.09.17-03.38.21:444][742]LogModuleManager: Shutting down and abandoning module PluginBrowser (296)
[2017.09.17-03.38.21:446][742]LogModuleManager: Shutting down and abandoning module MobileLauncherProfileWizard (294)
[2017.09.17-03.38.21:446][742]LogModuleManager: Shutting down and abandoning module VisualStudioSourceCodeAccess (292)
[2017.09.17-03.38.21:446][742]LogModuleManager: Shutting down and abandoning module DesktopPlatform (291)
[2017.09.17-03.38.21:447][742]LogModuleManager: Shutting down and abandoning module UObjectPlugin (288)
[2017.09.17-03.38.21:447][742]LogModuleManager: Shutting down and abandoning module SubversionSourceControl (286)
[2017.09.17-03.38.21:447][742]LogModuleManager: Shutting down and abandoning module PerforceSourceControl (284)
[2017.09.17-03.38.21:449][742]LogModuleManager: Shutting down and abandoning module GitSourceControl (282)
[2017.09.17-03.38.21:450][742]LogModuleManager: Shutting down and abandoning module SourceControl (281)
[2017.09.17-03.38.21:451][742]LogModuleManager: Shutting down and abandoning module LightPropagationVolumeEditor (278)
[2017.09.17-03.38.21:451][742]LogModuleManager: Shutting down and abandoning module PaperTiledImporter (276)
[2017.09.17-03.38.21:451][742]LogModuleManager: Shutting down and abandoning module PaperSpriteSheetImporter (274)
[2017.09.17-03.38.21:451][742]LogModuleManager: Shutting down and abandoning module Paper2DEditor (272)
[2017.09.17-03.38.21:451][742]LogModuleManager: Shutting down and abandoning module MeshPaint (271)
[2017.09.17-03.38.21:451][742]LogModuleManager: Shutting down and abandoning module LevelEditor (269)
[2017.09.17-03.38.21:453][742]LogModuleManager: Shutting down and abandoning module PixelInspectorModule (268)
[2017.09.17-03.38.21:453][742]LogModuleManager: Shutting down and abandoning module MainFrame (266)
[2017.09.17-03.38.21:453][742]LogModuleManager: Shutting down and abandoning module HotReload (265)
[2017.09.17-03.38.21:454][742]LogModuleManager: Shutting down and abandoning module RuntimePhysXCooking (260)
[2017.09.17-03.38.21:454][742]LogModuleManager: Shutting down and abandoning module PhysXVehiclesEditor (258)
[2017.09.17-03.38.21:454][742]LogModuleManager: Shutting down and abandoning module PhysXVehicles (256)
[2017.09.17-03.38.21:454][742]LogModuleManager: Shutting down and abandoning module OculusEditor (254)
[2017.09.17-03.38.21:454][742]LogModuleManager: Shutting down and abandoning module LocationServicesBPLibrary (252)
[2017.09.17-03.38.21:454][742]LogModuleManager: Shutting down and abandoning module ImmediatePhysicsEditor (250)
[2017.09.17-03.38.21:454][742]LogModuleManager: Shutting down and abandoning module ImmediatePhysics (248)
[2017.09.17-03.38.21:455][742]LogModuleManager: Shutting down and abandoning module UdpMessaging (246)
[2017.09.17-03.38.21:555][742]LogModuleManager: Shutting down and abandoning module TcpMessaging (244)
[2017.09.17-03.38.21:659][742]LogModuleManager: Shutting down and abandoning module GameplayTagsEditor (242)
[2017.09.17-03.38.21:662][742]LogModuleManager: Shutting down and abandoning module FacialAnimationEditor (240)
[2017.09.17-03.38.21:662][742]LogModuleManager: Shutting down and abandoning module FacialAnimation (238)
[2017.09.17-03.38.21:662][742]LogModuleManager: Shutting down and abandoning module AssetManagerEditor (236)
[2017.09.17-03.38.21:663][742]LogModuleManager: Shutting down and abandoning module GraphEditor (235)
[2017.09.17-03.38.21:663][742]LogModuleManager: Shutting down and abandoning module ContentBrowser (233)
[2017.09.17-03.38.21:666][742]LogModuleManager: Shutting down and abandoning module LightPropagationVolumeRuntime (230)
[2017.09.17-03.38.21:666][742]LogModuleManager: Shutting down and abandoning module Paper2D (228)
[2017.09.17-03.38.21:666][742]LogModuleManager: Shutting down and abandoning module WindowsMoviePlayer (226)
[2017.09.17-03.38.21:666][742]LogModuleManager: Shutting down and abandoning module WmfMedia (224)
[2017.09.17-03.38.21:666][742]LogModuleManager: Shutting down and abandoning module PacketHandler (222)
[2017.09.17-03.38.21:666][742]LogModuleManager: Shutting down and abandoning module ClothingSystemEditor (220)
[2017.09.17-03.38.21:666][742]LogModuleManager: Shutting down and abandoning module ClothingSystemRuntime (218)
[2017.09.17-03.38.21:667][742]LogModuleManager: Shutting down and abandoning module Overlay (216)
[2017.09.17-03.38.21:667][742]LogModuleManager: Shutting down and abandoning module OverlayEditor (215)
[2017.09.17-03.38.21:667][742]LogModuleManager: Shutting down and abandoning module MediaAssets (212)
[2017.09.17-03.38.21:667][742]LogModuleManager: Shutting down and abandoning module VREditor (210)
[2017.09.17-03.38.21:668][742]LogModuleManager: Shutting down and abandoning module StringTableEditor (208)
[2017.09.17-03.38.21:668][742]LogModuleManager: Shutting down and abandoning module GameplayTasksEditor (206)
[2017.09.17-03.38.21:669][742]LogModuleManager: Shutting down and abandoning module BehaviorTreeEditor (204)
[2017.09.17-03.38.21:670][742]LogModuleManager: Shutting down and abandoning module FunctionalTesting (202)
[2017.09.17-03.38.21:670][742]LogModuleManager: Shutting down and abandoning module CollisionAnalyzer (200)
[2017.09.17-03.38.21:671][742]LogModuleManager: Shutting down and abandoning module WorkspaceMenuStructure (199)
[2017.09.17-03.38.21:671][742]LogModuleManager: Shutting down and abandoning module UMG (196)
[2017.09.17-03.38.21:671][742]LogModuleManager: Shutting down and abandoning module UMGEditor (195)
[2017.09.17-03.38.21:671][742]LogModuleManager: Shutting down and abandoning module Sequencer (194)
[2017.09.17-03.38.21:671][742]LogModuleManager: Shutting down and abandoning module MessageLog (191)
[2017.09.17-03.38.21:671][742]LogModuleManager: Shutting down and abandoning module SlateReflector (186)
[2017.09.17-03.38.21:673][742]LogModuleManager: Shutting down and abandoning module Slate (184)
[2017.09.17-03.38.21:673][742]LogModuleManager: Shutting down and abandoning module EditorStyle (182)
[2017.09.17-03.38.21:675][742]LogModuleManager: Shutting down and abandoning module MRMesh (180)
[2017.09.17-03.38.21:675][742]LogModuleManager: Shutting down and abandoning module SourceCodeAccess (178)
[2017.09.17-03.38.21:675][742]LogModuleManager: Shutting down and abandoning module HeadMountedDisplay (176)
[2017.09.17-03.38.21:675][742]LogModuleManager: Shutting down and abandoning module XAudio2 (174)
[2017.09.17-03.38.21:675][742]LogModuleManager: Shutting down and abandoning module Networking (172)
[2017.09.17-03.38.21:675][742]LogModuleManager: Shutting down and abandoning module Core (168)
[2017.09.17-03.38.21:675][742]LogModuleManager: Shutting down and abandoning module KismetCompiler (164)
[2017.09.17-03.38.21:675][742]LogModuleManager: Shutting down and abandoning module LevelSequence (162)
[2017.09.17-03.38.21:675][742]LogModuleManager: Shutting down and abandoning module MeshUtilities (160)
[2017.09.17-03.38.21:676][742]LogModuleManager: Shutting down and abandoning module MeshMergeUtilities (159)
[2017.09.17-03.38.21:676][742]LogModuleManager: Shutting down and abandoning module MeshReductionInterface (158)
[2017.09.17-03.38.21:677][742]LogModuleManager: Shutting down and abandoning module SimplygonSwarm (157)
[2017.09.17-03.38.21:677][742]LogModuleManager: Shutting down and abandoning module SimplygonMeshReduction (155)
[2017.09.17-03.38.21:677][742]LogModuleManager: Shutting down and abandoning module QuadricMeshReduction (153)
[2017.09.17-03.38.21:677][742]LogModuleManager: Shutting down and abandoning module MaterialBaking (149)
[2017.09.17-03.38.21:678][742]LogModuleManager: Shutting down and abandoning module DirectoryWatcher (146)
[2017.09.17-03.38.21:679][742]LogModuleManager: Shutting down and abandoning module DerivedDataCache (144)
[2017.09.17-03.38.21:767][742]LogDerivedDataCache: Shutdown
[2017.09.17-03.38.21:770][742]LogModuleManager: Shutting down and abandoning module TargetPlatform (142)
[2017.09.17-03.38.21:770][742]LogModuleManager: Shutting down and abandoning module VulkanShaderFormat (141)
[2017.09.17-03.38.21:771][742]LogModuleManager: Shutting down and abandoning module ShaderFormatVectorVM (139)
[2017.09.17-03.38.21:771][742]LogModuleManager: Shutting down and abandoning module ShaderFormatOpenGL (137)
[2017.09.17-03.38.21:772][742]LogModuleManager: Shutting down and abandoning module ShaderFormatD3D (135)
[2017.09.17-03.38.21:772][742]LogModuleManager: Shutting down and abandoning module MetalShaderFormat (133)
[2017.09.17-03.38.21:772][742]LogModuleManager: Shutting down and abandoning module TextureFormatUncompressed (131)
[2017.09.17-03.38.21:772][742]LogModuleManager: Shutting down and abandoning module TextureFormatPVR (129)
[2017.09.17-03.38.21:772][742]LogModuleManager: Shutting down and abandoning module TextureFormatDXT (127)
[2017.09.17-03.38.21:772][742]LogModuleManager: Shutting down and abandoning module TextureFormatIntelISPCTexComp (125)
[2017.09.17-03.38.21:772][742]LogModuleManager: Shutting down and abandoning module TextureFormatASTC (123)
[2017.09.17-03.38.21:772][742]LogModuleManager: Shutting down and abandoning module ImageWrapper (122)
[2017.09.17-03.38.21:772][742]LogModuleManager: Shutting down and abandoning module TextureFormatAndroid (119)
[2017.09.17-03.38.21:772][742]LogModuleManager: Shutting down and abandoning module AudioFormatOpus (117)
[2017.09.17-03.38.21:772][742]LogModuleManager: Shutting down and abandoning module AudioFormatOgg (115)
[2017.09.17-03.38.21:772][742]LogModuleManager: Shutting down and abandoning module AudioFormatADPCM (113)
[2017.09.17-03.38.21:772][742]LogModuleManager: Shutting down and abandoning module LinuxTargetPlatform (111)
[2017.09.17-03.38.21:772][742]LogModuleManager: Shutting down and abandoning module LinuxServerTargetPlatform (109)
[2017.09.17-03.38.21:772][742]LogModuleManager: Shutting down and abandoning module LinuxNoEditorTargetPlatform (107)
[2017.09.17-03.38.21:772][742]LogModuleManager: Shutting down and abandoning module LinuxClientTargetPlatform (105)
[2017.09.17-03.38.21:772][742]LogModuleManager: Shutting down and abandoning module TVOSTargetPlatform (103)
[2017.09.17-03.38.21:772][742]LogModuleManager: Shutting down and abandoning module Messaging (101)
[2017.09.17-03.38.21:772][742]LogModuleManager: Shutting down and abandoning module IOSTargetPlatform (99)
[2017.09.17-03.38.21:772][742]LogModuleManager: Shutting down and abandoning module HTML5TargetPlatform (97)
[2017.09.17-03.38.21:772][742]LogModuleManager: Shutting down and abandoning module Android_PVRTCTargetPlatform (95)
[2017.09.17-03.38.21:772][742]LogModuleManager: Shutting down and abandoning module Android_MultiTargetPlatform (93)
[2017.09.17-03.38.21:773][742]LogModuleManager: Shutting down and abandoning module Android_ETC2TargetPlatform (91)
[2017.09.17-03.38.21:773][742]LogModuleManager: Shutting down and abandoning module Android_ETC1TargetPlatform (89)
[2017.09.17-03.38.21:773][742]LogModuleManager: Shutting down and abandoning module Android_DXTTargetPlatform (87)
[2017.09.17-03.38.21:773][742]LogModuleManager: Shutting down and abandoning module Android_ATCTargetPlatform (85)
[2017.09.17-03.38.21:773][742]LogModuleManager: Shutting down and abandoning module Android_ASTCTargetPlatform (83)
[2017.09.17-03.38.21:773][742]LogModuleManager: Shutting down and abandoning module AndroidTargetPlatform (81)
[2017.09.17-03.38.21:773][742]LogModuleManager: Shutting down and abandoning module WindowsTargetPlatform (79)
[2017.09.17-03.38.21:773][742]LogModuleManager: Shutting down and abandoning module WindowsServerTargetPlatform (77)
[2017.09.17-03.38.21:773][742]LogModuleManager: Shutting down and abandoning module WindowsNoEditorTargetPlatform (75)
[2017.09.17-03.38.21:773][742]LogModuleManager: Shutting down and abandoning module WindowsClientTargetPlatform (73)
[2017.09.17-03.38.21:773][742]LogModuleManager: Shutting down and abandoning module MacTargetPlatform (71)
[2017.09.17-03.38.21:773][742]LogModuleManager: Shutting down and abandoning module MacServerTargetPlatform (69)
[2017.09.17-03.38.21:773][742]LogModuleManager: Shutting down and abandoning module MacNoEditorTargetPlatform (67)
[2017.09.17-03.38.21:773][742]LogModuleManager: Shutting down and abandoning module MacClientTargetPlatform (65)
[2017.09.17-03.38.21:773][742]LogModuleManager: Shutting down and abandoning module AllDesktopTargetPlatform (63)
[2017.09.17-03.38.21:773][742]LogModuleManager: Shutting down and abandoning module InputCore (60)
[2017.09.17-03.38.21:773][742]LogModuleManager: Shutting down and abandoning module Settings (58)
[2017.09.17-03.38.21:773][742]LogModuleManager: Shutting down and abandoning module PhysXCooking (56)
[2017.09.17-03.38.21:773][742]LogModuleManager: Shutting down and abandoning module SteamVR (54)
[2017.09.17-03.38.21:773][742]LogModuleManager: Shutting down and abandoning module OculusHMD (52)
[2017.09.17-03.38.21:773][742]LogModuleManager: Shutting down and abandoning module ExampleDeviceProfileSelector (50)
[2017.09.17-03.38.21:773][742]LogModuleManager: Shutting down and abandoning module OnlineBlueprintSupport (48)
[2017.09.17-03.38.21:773][742]LogModuleManager: Shutting down and abandoning module OnlineSubsystem (44)
[2017.09.17-03.38.21:773][742]LogOnline: Display: Unloading online subsystem: NULL
[2017.09.17-03.38.21:774][742]LogModuleManager: Shutting down and abandoning module XMPP (43)
[2017.09.17-03.38.21:775][742]LogModuleManager: Shutting down and abandoning module HTTP (41)
[2017.09.17-03.38.21:775][742]LogHttp: Display: Http module shutting down, but needs to wait on 1 outstanding Http requests:
[2017.09.17-03.38.21:775][742]LogHttp: Display: 	verb=[POST] url=[https://datarouter.ol.epicgames.com/datarouter/api/v1/public/data?SessionID=%7B4866C09A-4346-DDC9-1261-179685069DB7%7D&AppID=UEEditor.Rocket.Release&AppVersion=4.17.1-3586342%2B%2B%2BUE4%2BRelease-4.17&UserID=b4e25eea4a0d6450fb924cbf2b84ec0c%7Cddaae3d7adad4251b47aebd4e1f1f19e%7Cc1bb1c04-1998-4d1c-9da9-f3fc45d89125&AppEnvironment=datacollector-binary&UploadType=eteventstream] status=Processing
[2017.09.17-03.38.21:775][742]LogHttp: Display: Sleeping 0.5s to wait for 1 outstanding Http requests.
[2017.09.17-03.38.22:275][742]LogHttp: Display: Sleeping 0.5s to wait for 1 outstanding Http requests.
[2017.09.17-03.38.22:776][742]LogHttp: Display: Sleeping 0.5s to wait for 1 outstanding Http requests.
[2017.09.17-03.38.23:277][742]LogHttp: Display: Sleeping 0.5s to wait for 1 outstanding Http requests.
[2017.09.17-03.38.23:778][742]LogHttp: Display: Sleeping 0.5s to wait for 1 outstanding Http requests.
[2017.09.17-03.38.24:279][742]LogHttp: Display: Sleeping 0.5s to wait for 1 outstanding Http requests.
[2017.09.17-03.38.24:779][742]LogHttp: Display: Sleeping 0.5s to wait for 1 outstanding Http requests.
[2017.09.17-03.38.25:280][742]LogHttp: Display: Sleeping 0.5s to wait for 1 outstanding Http requests.
[2017.09.17-03.38.25:780][742]LogHttp: Display: Sleeping 0.5s to wait for 1 outstanding Http requests.
[2017.09.17-03.38.26:281][742]LogHttp: Display: Sleeping 0.5s to wait for 1 outstanding Http requests.
[2017.09.17-03.38.26:782][742]LogHttp: Display: Sleeping 0.5s to wait for 1 outstanding Http requests.
[2017.09.17-03.38.27:283][742]LogHttp: Display: Sleeping 0.5s to wait for 1 outstanding Http requests.
[2017.09.17-03.38.27:783][742]LogHttp: Display: Sleeping 0.5s to wait for 1 outstanding Http requests.
[2017.09.17-03.38.28:284][742]LogHttp: Display: Sleeping 0.5s to wait for 1 outstanding Http requests.
[2017.09.17-03.38.28:785][742]LogHttp: Display: Sleeping 0.5s to wait for 1 outstanding Http requests.
[2017.09.17-03.38.29:285][742]LogHttp: Display: Sleeping 0.5s to wait for 1 outstanding Http requests.
[2017.09.17-03.38.29:786][742]LogHttp: Display: Sleeping 0.5s to wait for 1 outstanding Http requests.
[2017.09.17-03.38.30:287][742]LogHttp: Display: Sleeping 0.5s to wait for 1 outstanding Http requests.
[2017.09.17-03.38.30:788][742]LogHttp: Display: Sleeping 0.5s to wait for 1 outstanding Http requests.
[2017.09.17-03.38.31:288][742]LogHttp: Display: Sleeping 0.5s to wait for 1 outstanding Http requests.
[2017.09.17-03.38.31:789][742]LogHttp: Display: Sleeping 0.5s to wait for 1 outstanding Http requests.
[2017.09.17-03.38.32:290][742]LogHttp: Display: Sleeping 0.5s to wait for 1 outstanding Http requests.
[2017.09.17-03.38.32:790][742]LogHttp: Display: Sleeping 0.5s to wait for 1 outstanding Http requests.
[2017.09.17-03.38.33:291][742]LogHttp: Display: Sleeping 0.5s to wait for 1 outstanding Http requests.
[2017.09.17-03.38.33:792][742]LogHttp: Display: Sleeping 0.5s to wait for 1 outstanding Http requests.
[2017.09.17-03.38.34:292][742]LogHttp: Display: Sleeping 0.5s to wait for 1 outstanding Http requests.
[2017.09.17-03.38.34:793][742]LogHttp: Display: Sleeping 0.5s to wait for 1 outstanding Http requests.
[2017.09.17-03.38.35:293][742]LogHttp: Display: Sleeping 0.5s to wait for 1 outstanding Http requests.
[2017.09.17-03.38.35:824][742]LogModuleManager: Shutting down and abandoning module SSL (40)
[2017.09.17-03.38.35:825][742]LogModuleManager: Shutting down and abandoning module AnimationModifiers (36)
[2017.09.17-03.38.35:825][742]LogModuleManager: Shutting down and abandoning module PropertyEditor (35)
[2017.09.17-03.38.35:826][742]LogModuleManager: Shutting down and abandoning module AudioEditor (32)
[2017.09.17-03.38.35:826][742]LogModuleManager: Shutting down and abandoning module TextureCompressor (30)
[2017.09.17-03.38.35:826][742]LogModuleManager: Shutting down and abandoning module ShaderCore (28)
[2017.09.17-03.38.35:826][742]LogModuleManager: Shutting down and abandoning module Landscape (26)
[2017.09.17-03.38.35:826][742]LogModuleManager: Shutting down and abandoning module SlateRHIRenderer (24)
[2017.09.17-03.38.35:827][742]LogModuleManager: Shutting down and abandoning module OpenGLDrv (22)
[2017.09.17-03.38.35:827][742]LogModuleManager: Shutting down and abandoning module D3D11RHI (20)
[2017.09.17-03.38.35:827][742]LogModuleManager: Shutting down and abandoning module AnimGraphRuntime (18)
[2017.09.17-03.38.35:827][742]LogModuleManager: Shutting down and abandoning module Renderer (16)
[2017.09.17-03.38.35:827][742]LogModuleManager: Shutting down and abandoning module Engine (14)
[2017.09.17-03.38.35:827][742]LogModuleManager: Shutting down and abandoning module CoreUObject (12)
[2017.09.17-03.38.35:827][742]LogModuleManager: Shutting down and abandoning module NetworkFile (10)
[2017.09.17-03.38.35:827][742]LogModuleManager: Shutting down and abandoning module CookedIterativeFile (8)
[2017.09.17-03.38.35:827][742]LogModuleManager: Shutting down and abandoning module StreamingFile (6)
[2017.09.17-03.38.35:827][742]LogModuleManager: Shutting down and abandoning module SandboxFile (4)
[2017.09.17-03.38.35:827][742]LogModuleManager: Shutting down and abandoning module PakFile (2)
[2017.09.17-03.38.35:830][742]LogExit: Exiting.
[2017.09.17-03.38.35:843][742]Log file closed, 09/17/17 13:38:35
